This file contains any messages produced by compilers while
running configure, to aid debugging if configure makes a mistake.

It was created by configure, which was
generated by GNU Autoconf 2.61.  Invocation command line was

  $ ./configure --prefix=/home/mika/android/install --host=arm-none-linux-gnueabi --build=x86_64-unknown-linux-gnu ARCH=arm CC=arm-none-linux-gnueabi-gcc CROSS_COMPILE=arm-none-linux-gnueabi- AR=arm-none-linux-gnueabi-ar ARD=arm-none-linux-gnueabi-ar RANLIB=arm-none-linux-gnueabi-ranlib LDFLAGS=-L/home/mika/android/install/lib CPPFLAGS=-I/home/mika/android/install/include

## --------- ##
## Platform. ##
## --------- ##

hostname = mika-laptop
uname -m = i686
uname -r = 2.6.34.7
uname -s = Linux
uname -v = #3 SMP Thu Mar 1 02:17:37 EST 2012

/usr/bin/uname -p = unknown
/bin/uname -X     = unknown

/bin/arch              = unknown
/usr/bin/arch -k       = unknown
/usr/convex/getsysinfo = unknown
/usr/bin/hostinfo      = unknown
/bin/machine           = unknown
/usr/bin/oslevel       = unknown
/bin/universe          = unknown

PATH: /home/mika/android/Sourcery_G++_Lite/bin
PATH: /usr/local/sbin
PATH: /usr/local/bin
PATH: /usr/sbin
PATH: /usr/bin
PATH: /sbin
PATH: /bin
PATH: /usr/games


## ----------- ##
## Core tests. ##
## ----------- ##

configure:1740: checking build system type
configure:1758: result: x86_64-unknown-linux-gnu
configure:1780: checking host system type
configure:1795: result: arm-none-linux-gnueabi
configure:1817: checking target system type
configure:1832: result: arm-none-linux-gnueabi
configure:1913: checking for arm-none-linux-gnueabi-gcc
configure:1940: result: arm-none-linux-gnueabi-gcc
configure:2218: checking for C compiler version
configure:2225: arm-none-linux-gnueabi-gcc --version >&5
arm-none-linux-gnueabi-gcc (Sourcery G++ Lite 2011.03-41) 4.5.2
Copyright (C) 2010 Free Software Foundation, Inc.
This is free software; see the source for copying conditions.  There is NO
warranty; not even for MERCHANTABILITY or FITNESS FOR A PARTICULAR PURPOSE.

configure:2228: $? = 0
configure:2235: arm-none-linux-gnueabi-gcc -v >&5
Using built-in specs.
COLLECT_GCC=arm-none-linux-gnueabi-gcc
COLLECT_LTO_WRAPPER=/home/mika/android/Sourcery_G++_Lite/bin/../libexec/gcc/arm-none-linux-gnueabi/4.5.2/lto-wrapper
Target: arm-none-linux-gnueabi
Configured with: /scratch/janisjo/arm-linux-lite/src/gcc-4.5-2011.03/configure --build=i686-pc-linux-gnu --host=i686-pc-linux-gnu --target=arm-none-linux-gnueabi --enable-threads --disable-libmudflap --disable-libssp --disable-libstdcxx-pch --enable-extra-sgxxlite-multilibs --with-arch=armv5te --with-gnu-as --with-gnu-ld --with-specs='%{save-temps: -fverbose-asm} %{funwind-tables|fno-unwind-tables|mabi=*|ffreestanding|nostdlib:;:-funwind-tables} -D__CS_SOURCERYGXX_MAJ__=2011 -D__CS_SOURCERYGXX_MIN__=3 -D__CS_SOURCERYGXX_REV__=41 %{O2:%{!fno-remove-local-statics: -fremove-local-statics}} %{O*:%{O|O0|O1|O2|Os:;:%{!fno-remove-local-statics: -fremove-local-statics}}}' --enable-languages=c,c++ --enable-shared --enable-lto --enable-symvers=gnu --enable-__cxa_atexit --with-pkgversion='Sourcery G++ Lite 2011.03-41' --with-bugurl=https://support.codesourcery.com/GNUToolchain/ --disable-nls --prefix=/opt/codesourcery --with-sysroot=/opt/codesourcery/arm-none-linux-gnueabi/libc --with-build-sysroot=/scratch/janisjo/arm-linux-lite/install/arm-none-linux-gnueabi/libc --with-gmp=/scratch/janisjo/arm-linux-lite/obj/host-libs-2011.03-41-arm-none-linux-gnueabi-i686-pc-linux-gnu/usr --with-mpfr=/scratch/janisjo/arm-linux-lite/obj/host-libs-2011.03-41-arm-none-linux-gnueabi-i686-pc-linux-gnu/usr --with-mpc=/scratch/janisjo/arm-linux-lite/obj/host-libs-2011.03-41-arm-none-linux-gnueabi-i686-pc-linux-gnu/usr --with-ppl=/scratch/janisjo/arm-linux-lite/obj/host-libs-2011.03-41-arm-none-linux-gnueabi-i686-pc-linux-gnu/usr --with-host-libstdcxx='-static-libgcc -Wl,-Bstatic,-lstdc++,-Bdynamic -lm' --with-cloog=/scratch/janisjo/arm-linux-lite/obj/host-libs-2011.03-41-arm-none-linux-gnueabi-i686-pc-linux-gnu/usr --with-libelf=/scratch/janisjo/arm-linux-lite/obj/host-libs-2011.03-41-arm-none-linux-gnueabi-i686-pc-linux-gnu/usr --disable-libgomp --enable-poison-system-directories --with-build-time-tools=/scratch/janisjo/arm-linux-lite/install/arm-none-linux-gnueabi/bin --with-build-time-tools=/scratch/janisjo/arm-linux-lite/install/arm-none-linux-gnueabi/bin
Thread model: posix
gcc version 4.5.2 (Sourcery G++ Lite 2011.03-41) 
configure:2238: $? = 0
configure:2245: arm-none-linux-gnueabi-gcc -V >&5
arm-none-linux-gnueabi-gcc: '-V' option must have argument
configure:2248: $? = 1
configure:2271: checking for C compiler default output file name
configure:2298: arm-none-linux-gnueabi-gcc  -O2 -Wall -I/home/mika/android/install/include -L/home/mika/android/install/lib conftest.c -L/usr/local/lib  >&5
/home/mika/android/Sourcery_G++_Lite/bin/../lib/gcc/arm-none-linux-gnueabi/4.5.2/../../../../arm-none-linux-gnueabi/bin/ld: warning: library search path "/usr/local/lib" is unsafe for cross-compilation
configure:2301: $? = 0
configure:2339: result: a.out
configure:2356: checking whether the C compiler works
configure:2386: result: yes
configure:2393: checking whether we are cross compiling
configure:2395: result: yes
configure:2398: checking for suffix of executables
configure:2405: arm-none-linux-gnueabi-gcc -o conftest  -O2 -Wall -I/home/mika/android/install/include -L/home/mika/android/install/lib conftest.c -L/usr/local/lib  >&5
/home/mika/android/Sourcery_G++_Lite/bin/../lib/gcc/arm-none-linux-gnueabi/4.5.2/../../../../arm-none-linux-gnueabi/bin/ld: warning: library search path "/usr/local/lib" is unsafe for cross-compilation
configure:2408: $? = 0
configure:2432: result: 
configure:2438: checking for suffix of object files
configure:2464: arm-none-linux-gnueabi-gcc -c  -O2 -Wall -I/home/mika/android/install/include conftest.c >&5
configure:2467: $? = 0
configure:2490: result: o
configure:2494: checking whether we are using the GNU C compiler
configure:2523: arm-none-linux-gnueabi-gcc -c  -O2 -Wall -I/home/mika/android/install/include conftest.c >&5
configure:2529: $? = 0
configure:2546: result: yes
configure:2551: checking whether arm-none-linux-gnueabi-gcc accepts -g
configure:2581: arm-none-linux-gnueabi-gcc -c -g -I/home/mika/android/install/include conftest.c >&5
configure:2587: $? = 0
configure:2686: result: yes
configure:2703: checking for arm-none-linux-gnueabi-gcc option to accept ISO C89
configure:2777: arm-none-linux-gnueabi-gcc  -c  -O2 -Wall -I/home/mika/android/install/include conftest.c >&5
configure:2783: $? = 0
configure:2806: result: none needed
configure:3243: checking how to run the C preprocessor
configure:3283: arm-none-linux-gnueabi-gcc -E -I/home/mika/android/install/include conftest.c
configure:3289: $? = 0
configure:3320: arm-none-linux-gnueabi-gcc -E -I/home/mika/android/install/include conftest.c
conftest.c:8:28: fatal error: ac_nonexistent.h: No such file or directory
compilation terminated.
configure:3326: $? = 1
configure: failed program was:
| /* confdefs.h.  */
| #define PACKAGE_NAME ""
| #define PACKAGE_TARNAME ""
| #define PACKAGE_VERSION ""
| #define PACKAGE_STRING ""
| #define PACKAGE_BUGREPORT ""
| /* end confdefs.h.  */
| #include <ac_nonexistent.h>
configure:3359: result: arm-none-linux-gnueabi-gcc -E
configure:3388: arm-none-linux-gnueabi-gcc -E -I/home/mika/android/install/include conftest.c
configure:3394: $? = 0
configure:3425: arm-none-linux-gnueabi-gcc -E -I/home/mika/android/install/include conftest.c
conftest.c:8:28: fatal error: ac_nonexistent.h: No such file or directory
compilation terminated.
configure:3431: $? = 1
configure: failed program was:
| /* confdefs.h.  */
| #define PACKAGE_NAME ""
| #define PACKAGE_TARNAME ""
| #define PACKAGE_VERSION ""
| #define PACKAGE_STRING ""
| #define PACKAGE_BUGREPORT ""
| /* end confdefs.h.  */
| #include <ac_nonexistent.h>
configure:3469: checking for grep that handles long lines and -e
configure:3543: result: /bin/grep
configure:3548: checking for egrep
configure:3626: result: /bin/grep -E
configure:3631: checking for ANSI C header files
configure:3661: arm-none-linux-gnueabi-gcc -c  -O2 -Wall -I/home/mika/android/install/include conftest.c >&5
configure:3667: $? = 0
configure:3795: result: yes
configure:3819: checking for sys/types.h
configure:3840: arm-none-linux-gnueabi-gcc -c  -O2 -Wall -I/home/mika/android/install/include conftest.c >&5
configure:3846: $? = 0
configure:3862: result: yes
configure:3819: checking for sys/stat.h
configure:3840: arm-none-linux-gnueabi-gcc -c  -O2 -Wall -I/home/mika/android/install/include conftest.c >&5
configure:3846: $? = 0
configure:3862: result: yes
configure:3819: checking for stdlib.h
configure:3840: arm-none-linux-gnueabi-gcc -c  -O2 -Wall -I/home/mika/android/install/include conftest.c >&5
configure:3846: $? = 0
configure:3862: result: yes
configure:3819: checking for string.h
configure:3840: arm-none-linux-gnueabi-gcc -c  -O2 -Wall -I/home/mika/android/install/include conftest.c >&5
configure:3846: $? = 0
configure:3862: result: yes
configure:3819: checking for memory.h
configure:3840: arm-none-linux-gnueabi-gcc -c  -O2 -Wall -I/home/mika/android/install/include conftest.c >&5
configure:3846: $? = 0
configure:3862: result: yes
configure:3819: checking for strings.h
configure:3840: arm-none-linux-gnueabi-gcc -c  -O2 -Wall -I/home/mika/android/install/include conftest.c >&5
configure:3846: $? = 0
configure:3862: result: yes
configure:3819: checking for inttypes.h
configure:3840: arm-none-linux-gnueabi-gcc -c  -O2 -Wall -I/home/mika/android/install/include conftest.c >&5
configure:3846: $? = 0
configure:3862: result: yes
configure:3819: checking for stdint.h
configure:3840: arm-none-linux-gnueabi-gcc -c  -O2 -Wall -I/home/mika/android/install/include conftest.c >&5
configure:3846: $? = 0
configure:3862: result: yes
configure:3819: checking for unistd.h
configure:3840: arm-none-linux-gnueabi-gcc -c  -O2 -Wall -I/home/mika/android/install/include conftest.c >&5
configure:3846: $? = 0
configure:3862: result: yes
configure:3884: checking tcpd.h usability
configure:3901: arm-none-linux-gnueabi-gcc -c  -O2 -Wall -I/home/mika/android/install/include conftest.c >&5
conftest.c:51:18: fatal error: tcpd.h: No such file or directory
compilation terminated.
configure:3907: $? = 1
configure: failed program was:
| /* confdefs.h.  */
| #define PACKAGE_NAME ""
| #define PACKAGE_TARNAME ""
| #define PACKAGE_VERSION ""
| #define PACKAGE_STRING ""
| #define PACKAGE_BUGREPORT ""
| #define STDC_HEADERS 1
| #define HAVE_SYS_TYPES_H 1
| #define HAVE_SYS_STAT_H 1
| #define HAVE_STDLIB_H 1
| #define HAVE_STRING_H 1
| #define HAVE_MEMORY_H 1
| #define HAVE_STRINGS_H 1
| #define HAVE_INTTYPES_H 1
| #define HAVE_STDINT_H 1
| #define HAVE_UNISTD_H 1
| /* end confdefs.h.  */
| #include <stdio.h>
| #ifdef HAVE_SYS_TYPES_H
| # include <sys/types.h>
| #endif
| #ifdef HAVE_SYS_STAT_H
| # include <sys/stat.h>
| #endif
| #ifdef STDC_HEADERS
| # include <stdlib.h>
| # include <stddef.h>
| #else
| # ifdef HAVE_STDLIB_H
| #  include <stdlib.h>
| # endif
| #endif
| #ifdef HAVE_STRING_H
| # if !defined STDC_HEADERS && defined HAVE_MEMORY_H
| #  include <memory.h>
| # endif
| # include <string.h>
| #endif
| #ifdef HAVE_STRINGS_H
| # include <strings.h>
| #endif
| #ifdef HAVE_INTTYPES_H
| # include <inttypes.h>
| #endif
| #ifdef HAVE_STDINT_H
| # include <stdint.h>
| #endif
| #ifdef HAVE_UNISTD_H
| # include <unistd.h>
| #endif
| #include <tcpd.h>
configure:3921: result: no
configure:3925: checking tcpd.h presence
configure:3940: arm-none-linux-gnueabi-gcc -E -I/home/mika/android/install/include conftest.c
conftest.c:18:18: fatal error: tcpd.h: No such file or directory
compilation terminated.
configure:3946: $? = 1
configure: failed program was:
| /* confdefs.h.  */
| #define PACKAGE_NAME ""
| #define PACKAGE_TARNAME ""
| #define PACKAGE_VERSION ""
| #define PACKAGE_STRING ""
| #define PACKAGE_BUGREPORT ""
| #define STDC_HEADERS 1
| #define HAVE_SYS_TYPES_H 1
| #define HAVE_SYS_STAT_H 1
| #define HAVE_STDLIB_H 1
| #define HAVE_STRING_H 1
| #define HAVE_MEMORY_H 1
| #define HAVE_STRINGS_H 1
| #define HAVE_INTTYPES_H 1
| #define HAVE_STDINT_H 1
| #define HAVE_UNISTD_H 1
| /* end confdefs.h.  */
| #include <tcpd.h>
configure:3960: result: no
configure:3988: checking for tcpd.h
configure:3995: result: no
configure:4147: checking pthread.h usability
configure:4164: arm-none-linux-gnueabi-gcc -c  -O2 -Wall -I/home/mika/android/install/include conftest.c >&5
configure:4170: $? = 0
configure:4184: result: yes
configure:4188: checking pthread.h presence
configure:4203: arm-none-linux-gnueabi-gcc -E -I/home/mika/android/install/include conftest.c
configure:4209: $? = 0
configure:4223: result: yes
configure:4251: checking for pthread.h
configure:4258: result: yes
configure:4270: checking whether enabling thread
configure:4354: checking for crypt in -lcrypt
configure:4389: arm-none-linux-gnueabi-gcc -o conftest  -O2 -Wall -static -pthread -I/home/mika/android/install/include -L/home/mika/android/install/lib -lpthread conftest.c -lcrypt  -L/usr/local/lib  >&5
/home/mika/android/Sourcery_G++_Lite/bin/../lib/gcc/arm-none-linux-gnueabi/4.5.2/../../../../arm-none-linux-gnueabi/bin/ld: warning: library search path "/usr/local/lib" is unsafe for cross-compilation
configure:4395: $? = 0
configure:4413: result: yes
configure:4425: checking for ANSI C header files
configure:4589: result: yes
configure:4599: checking for sys/wait.h that is POSIX.1 compatible
configure:4635: arm-none-linux-gnueabi-gcc -c  -O2 -Wall -static -pthread -I/home/mika/android/install/include conftest.c >&5
configure:4641: $? = 0
configure:4656: result: yes
configure:4687: checking fcntl.h usability
configure:4704: arm-none-linux-gnueabi-gcc -c  -O2 -Wall -static -pthread -I/home/mika/android/install/include conftest.c >&5
configure:4710: $? = 0
configure:4724: result: yes
configure:4728: checking fcntl.h presence
configure:4743: arm-none-linux-gnueabi-gcc -E -I/home/mika/android/install/include conftest.c
configure:4749: $? = 0
configure:4763: result: yes
configure:4791: checking for fcntl.h
configure:4799: result: yes
configure:4687: checking sys/time.h usability
configure:4704: arm-none-linux-gnueabi-gcc -c  -O2 -Wall -static -pthread -I/home/mika/android/install/include conftest.c >&5
configure:4710: $? = 0
configure:4724: result: yes
configure:4728: checking sys/time.h presence
configure:4743: arm-none-linux-gnueabi-gcc -E -I/home/mika/android/install/include conftest.c
configure:4749: $? = 0
configure:4763: result: yes
configure:4791: checking for sys/time.h
configure:4799: result: yes
configure:4687: checking limits.h usability
configure:4704: arm-none-linux-gnueabi-gcc -c  -O2 -Wall -static -pthread -I/home/mika/android/install/include conftest.c >&5
configure:4710: $? = 0
configure:4724: result: yes
configure:4728: checking limits.h presence
configure:4743: arm-none-linux-gnueabi-gcc -E -I/home/mika/android/install/include conftest.c
configure:4749: $? = 0
configure:4763: result: yes
configure:4791: checking for limits.h
configure:4799: result: yes
configure:4687: checking syslog.h usability
configure:4704: arm-none-linux-gnueabi-gcc -c  -O2 -Wall -static -pthread -I/home/mika/android/install/include conftest.c >&5
configure:4710: $? = 0
configure:4724: result: yes
configure:4728: checking syslog.h presence
configure:4743: arm-none-linux-gnueabi-gcc -E -I/home/mika/android/install/include conftest.c
configure:4749: $? = 0
configure:4763: result: yes
configure:4791: checking for syslog.h
configure:4799: result: yes
configure:4677: checking for unistd.h
configure:4683: result: yes
configure:4687: checking sys/resource.h usability
configure:4704: arm-none-linux-gnueabi-gcc -c  -O2 -Wall -static -pthread -I/home/mika/android/install/include conftest.c >&5
configure:4710: $? = 0
configure:4724: result: yes
configure:4728: checking sys/resource.h presence
configure:4743: arm-none-linux-gnueabi-gcc -E -I/home/mika/android/install/include conftest.c
configure:4749: $? = 0
configure:4763: result: yes
configure:4791: checking for sys/resource.h
configure:4799: result: yes
configure:4813: checking for socklen_t
configure:4845: arm-none-linux-gnueabi-gcc -c  -O2 -Wall -static -pthread -I/home/mika/android/install/include conftest.c >&5
configure:4851: $? = 0
configure:4866: result: yes
configure:4878: checking for u_int8_t
configure:4910: arm-none-linux-gnueabi-gcc -c  -O2 -Wall -static -pthread -I/home/mika/android/install/include conftest.c >&5
configure:4916: $? = 0
configure:4931: result: yes
configure:4941: checking for u_int16_t
configure:4973: arm-none-linux-gnueabi-gcc -c  -O2 -Wall -static -pthread -I/home/mika/android/install/include conftest.c >&5
configure:4979: $? = 0
configure:4994: result: yes
configure:5004: checking for u_int32_t
configure:5036: arm-none-linux-gnueabi-gcc -c  -O2 -Wall -static -pthread -I/home/mika/android/install/include conftest.c >&5
configure:5042: $? = 0
configure:5057: result: yes
configure:5067: checking for uint8_t
configure:5099: arm-none-linux-gnueabi-gcc -c  -O2 -Wall -static -pthread -I/home/mika/android/install/include conftest.c >&5
configure:5105: $? = 0
configure:5120: result: yes
configure:5130: checking for uint16_t
configure:5162: arm-none-linux-gnueabi-gcc -c  -O2 -Wall -static -pthread -I/home/mika/android/install/include conftest.c >&5
configure:5168: $? = 0
configure:5183: result: yes
configure:5193: checking for uint32_t
configure:5225: arm-none-linux-gnueabi-gcc -c  -O2 -Wall -static -pthread -I/home/mika/android/install/include conftest.c >&5
configure:5231: $? = 0
configure:5246: result: yes
configure:5258: checking whether time.h and sys/time.h may both be included
configure:5288: arm-none-linux-gnueabi-gcc -c  -O2 -Wall -static -pthread -I/home/mika/android/install/include conftest.c >&5
configure:5294: $? = 0
configure:5309: result: yes
configure:5320: checking for struct sockaddr_dl.sdl_family
configure:5350: arm-none-linux-gnueabi-gcc -c  -O2 -Wall -static -pthread -I/home/mika/android/install/include conftest.c >&5
conftest.c:36:23: fatal error: net/if_dl.h: No such file or directory
compilation terminated.
configure:5356: $? = 1
configure: failed program was:
| /* confdefs.h.  */
| #define PACKAGE_NAME ""
| #define PACKAGE_TARNAME ""
| #define PACKAGE_VERSION ""
| #define PACKAGE_STRING ""
| #define PACKAGE_BUGREPORT ""
| #define STDC_HEADERS 1
| #define HAVE_SYS_TYPES_H 1
| #define HAVE_SYS_STAT_H 1
| #define HAVE_STDLIB_H 1
| #define HAVE_STRING_H 1
| #define HAVE_MEMORY_H 1
| #define HAVE_STRINGS_H 1
| #define HAVE_INTTYPES_H 1
| #define HAVE_STDINT_H 1
| #define HAVE_UNISTD_H 1
| #define HAVE_LIBCRYPT 1
| #define STDC_HEADERS 1
| #define HAVE_SYS_WAIT_H 1
| #define HAVE_FCNTL_H 1
| #define HAVE_SYS_TIME_H 1
| #define HAVE_LIMITS_H 1
| #define HAVE_SYSLOG_H 1
| #define HAVE_UNISTD_H 1
| #define HAVE_SYS_RESOURCE_H 1
| #define HAVE_SOCKLEN_T 1
| #define HAVE_U_INT8_T 1
| #define HAVE_U_INT16_T 1
| #define HAVE_U_INT32_T 1
| #define HAVE_UINT8_T 1
| #define HAVE_UINT16_T 1
| #define HAVE_UINT32_T 1
| #define TIME_WITH_SYS_TIME 1
| /* end confdefs.h.  */
| #include <sys/types.h>
| #include <net/if_dl.h>
| 
| int
| main ()
| {
| static struct sockaddr_dl ac_aggr;
| if (ac_aggr.sdl_family)
| return 0;
|   ;
|   return 0;
| }
configure:5391: arm-none-linux-gnueabi-gcc -c  -O2 -Wall -static -pthread -I/home/mika/android/install/include conftest.c >&5
conftest.c:36:23: fatal error: net/if_dl.h: No such file or directory
compilation terminated.
configure:5397: $? = 1
configure: failed program was:
| /* confdefs.h.  */
| #define PACKAGE_NAME ""
| #define PACKAGE_TARNAME ""
| #define PACKAGE_VERSION ""
| #define PACKAGE_STRING ""
| #define PACKAGE_BUGREPORT ""
| #define STDC_HEADERS 1
| #define HAVE_SYS_TYPES_H 1
| #define HAVE_SYS_STAT_H 1
| #define HAVE_STDLIB_H 1
| #define HAVE_STRING_H 1
| #define HAVE_MEMORY_H 1
| #define HAVE_STRINGS_H 1
| #define HAVE_INTTYPES_H 1
| #define HAVE_STDINT_H 1
| #define HAVE_UNISTD_H 1
| #define HAVE_LIBCRYPT 1
| #define STDC_HEADERS 1
| #define HAVE_SYS_WAIT_H 1
| #define HAVE_FCNTL_H 1
| #define HAVE_SYS_TIME_H 1
| #define HAVE_LIMITS_H 1
| #define HAVE_SYSLOG_H 1
| #define HAVE_UNISTD_H 1
| #define HAVE_SYS_RESOURCE_H 1
| #define HAVE_SOCKLEN_T 1
| #define HAVE_U_INT8_T 1
| #define HAVE_U_INT16_T 1
| #define HAVE_U_INT32_T 1
| #define HAVE_UINT8_T 1
| #define HAVE_UINT16_T 1
| #define HAVE_UINT32_T 1
| #define TIME_WITH_SYS_TIME 1
| /* end confdefs.h.  */
| #include <sys/types.h>
| #include <net/if_dl.h>
| 
| int
| main ()
| {
| static struct sockaddr_dl ac_aggr;
| if (sizeof ac_aggr.sdl_family)
| return 0;
|   ;
|   return 0;
| }
configure:5415: result: no
configure:5425: checking for struct sockaddr.sa_len
configure:5455: arm-none-linux-gnueabi-gcc -c  -O2 -Wall -static -pthread -I/home/mika/android/install/include conftest.c >&5
conftest.c: In function 'main':
conftest.c:42:12: error: 'struct sockaddr' has no member named 'sa_len'
configure:5461: $? = 1
configure: failed program was:
| /* confdefs.h.  */
| #define PACKAGE_NAME ""
| #define PACKAGE_TARNAME ""
| #define PACKAGE_VERSION ""
| #define PACKAGE_STRING ""
| #define PACKAGE_BUGREPORT ""
| #define STDC_HEADERS 1
| #define HAVE_SYS_TYPES_H 1
| #define HAVE_SYS_STAT_H 1
| #define HAVE_STDLIB_H 1
| #define HAVE_STRING_H 1
| #define HAVE_MEMORY_H 1
| #define HAVE_STRINGS_H 1
| #define HAVE_INTTYPES_H 1
| #define HAVE_STDINT_H 1
| #define HAVE_UNISTD_H 1
| #define HAVE_LIBCRYPT 1
| #define STDC_HEADERS 1
| #define HAVE_SYS_WAIT_H 1
| #define HAVE_FCNTL_H 1
| #define HAVE_SYS_TIME_H 1
| #define HAVE_LIMITS_H 1
| #define HAVE_SYSLOG_H 1
| #define HAVE_UNISTD_H 1
| #define HAVE_SYS_RESOURCE_H 1
| #define HAVE_SOCKLEN_T 1
| #define HAVE_U_INT8_T 1
| #define HAVE_U_INT16_T 1
| #define HAVE_U_INT32_T 1
| #define HAVE_UINT8_T 1
| #define HAVE_UINT16_T 1
| #define HAVE_UINT32_T 1
| #define TIME_WITH_SYS_TIME 1
| /* end confdefs.h.  */
| #include <sys/types.h>
| #include <sys/socket.h>
| 
| int
| main ()
| {
| static struct sockaddr ac_aggr;
| if (ac_aggr.sa_len)
| return 0;
|   ;
|   return 0;
| }
configure:5496: arm-none-linux-gnueabi-gcc -c  -O2 -Wall -static -pthread -I/home/mika/android/install/include conftest.c >&5
conftest.c: In function 'main':
conftest.c:42:19: error: 'struct sockaddr' has no member named 'sa_len'
configure:5502: $? = 1
configure: failed program was:
| /* confdefs.h.  */
| #define PACKAGE_NAME ""
| #define PACKAGE_TARNAME ""
| #define PACKAGE_VERSION ""
| #define PACKAGE_STRING ""
| #define PACKAGE_BUGREPORT ""
| #define STDC_HEADERS 1
| #define HAVE_SYS_TYPES_H 1
| #define HAVE_SYS_STAT_H 1
| #define HAVE_STDLIB_H 1
| #define HAVE_STRING_H 1
| #define HAVE_MEMORY_H 1
| #define HAVE_STRINGS_H 1
| #define HAVE_INTTYPES_H 1
| #define HAVE_STDINT_H 1
| #define HAVE_UNISTD_H 1
| #define HAVE_LIBCRYPT 1
| #define STDC_HEADERS 1
| #define HAVE_SYS_WAIT_H 1
| #define HAVE_FCNTL_H 1
| #define HAVE_SYS_TIME_H 1
| #define HAVE_LIMITS_H 1
| #define HAVE_SYSLOG_H 1
| #define HAVE_UNISTD_H 1
| #define HAVE_SYS_RESOURCE_H 1
| #define HAVE_SOCKLEN_T 1
| #define HAVE_U_INT8_T 1
| #define HAVE_U_INT16_T 1
| #define HAVE_U_INT32_T 1
| #define HAVE_UINT8_T 1
| #define HAVE_UINT16_T 1
| #define HAVE_UINT32_T 1
| #define TIME_WITH_SYS_TIME 1
| /* end confdefs.h.  */
| #include <sys/types.h>
| #include <sys/socket.h>
| 
| int
| main ()
| {
| static struct sockaddr ac_aggr;
| if (sizeof ac_aggr.sa_len)
| return 0;
|   ;
|   return 0;
| }
configure:5520: result: no
configure:5530: checking return type of signal handlers
configure:5558: arm-none-linux-gnueabi-gcc -c  -O2 -Wall -static -pthread -I/home/mika/android/install/include conftest.c >&5
conftest.c: In function 'main':
conftest.c:41:1: error: void value not ignored as it ought to be
configure:5564: $? = 1
configure: failed program was:
| /* confdefs.h.  */
| #define PACKAGE_NAME ""
| #define PACKAGE_TARNAME ""
| #define PACKAGE_VERSION ""
| #define PACKAGE_STRING ""
| #define PACKAGE_BUGREPORT ""
| #define STDC_HEADERS 1
| #define HAVE_SYS_TYPES_H 1
| #define HAVE_SYS_STAT_H 1
| #define HAVE_STDLIB_H 1
| #define HAVE_STRING_H 1
| #define HAVE_MEMORY_H 1
| #define HAVE_STRINGS_H 1
| #define HAVE_INTTYPES_H 1
| #define HAVE_STDINT_H 1
| #define HAVE_UNISTD_H 1
| #define HAVE_LIBCRYPT 1
| #define STDC_HEADERS 1
| #define HAVE_SYS_WAIT_H 1
| #define HAVE_FCNTL_H 1
| #define HAVE_SYS_TIME_H 1
| #define HAVE_LIMITS_H 1
| #define HAVE_SYSLOG_H 1
| #define HAVE_UNISTD_H 1
| #define HAVE_SYS_RESOURCE_H 1
| #define HAVE_SOCKLEN_T 1
| #define HAVE_U_INT8_T 1
| #define HAVE_U_INT16_T 1
| #define HAVE_U_INT32_T 1
| #define HAVE_UINT8_T 1
| #define HAVE_UINT16_T 1
| #define HAVE_UINT32_T 1
| #define TIME_WITH_SYS_TIME 1
| /* end confdefs.h.  */
| #include <sys/types.h>
| #include <signal.h>
| 
| int
| main ()
| {
| return *(signal (0, 0)) (0) == 1;
|   ;
|   return 0;
| }
configure:5579: result: void
configure:5601: checking for select
configure:5657: arm-none-linux-gnueabi-gcc -o conftest  -O2 -Wall -static -pthread -I/home/mika/android/install/include -L/home/mika/android/install/lib -lpthread conftest.c -lcrypt -L/usr/local/lib  >&5
/home/mika/android/Sourcery_G++_Lite/bin/../lib/gcc/arm-none-linux-gnueabi/4.5.2/../../../../arm-none-linux-gnueabi/bin/ld: warning: library search path "/usr/local/lib" is unsafe for cross-compilation
configure:5663: $? = 0
configure:5681: result: yes
configure:5601: checking for socket
configure:5657: arm-none-linux-gnueabi-gcc -o conftest  -O2 -Wall -static -pthread -I/home/mika/android/install/include -L/home/mika/android/install/lib -lpthread conftest.c -lcrypt -L/usr/local/lib  >&5
/home/mika/android/Sourcery_G++_Lite/bin/../lib/gcc/arm-none-linux-gnueabi/4.5.2/../../../../arm-none-linux-gnueabi/bin/ld: warning: library search path "/usr/local/lib" is unsafe for cross-compilation
configure:5663: $? = 0
configure:5681: result: yes
configure:5601: checking for getaddrinfo
configure:5657: arm-none-linux-gnueabi-gcc -o conftest  -O2 -Wall -static -pthread -I/home/mika/android/install/include -L/home/mika/android/install/lib -lpthread conftest.c -lcrypt -L/usr/local/lib  >&5
/home/mika/android/Sourcery_G++_Lite/bin/../lib/gcc/arm-none-linux-gnueabi/4.5.2/../../../../arm-none-linux-gnueabi/bin/ld: warning: library search path "/usr/local/lib" is unsafe for cross-compilation
/tmp/ccwAFUH2.o: In function `main':
conftest.c:(.text+0x4): warning: Using 'getaddrinfo' in statically linked applications requires at runtime the shared libraries from the glibc version used for linking
configure:5663: $? = 0
configure:5681: result: yes
configure:5601: checking for getnameinfo
configure:5657: arm-none-linux-gnueabi-gcc -o conftest  -O2 -Wall -static -pthread -I/home/mika/android/install/include -L/home/mika/android/install/lib -lpthread conftest.c -lcrypt -L/usr/local/lib  >&5
/home/mika/android/Sourcery_G++_Lite/bin/../lib/gcc/arm-none-linux-gnueabi/4.5.2/../../../../arm-none-linux-gnueabi/bin/ld: warning: library search path "/usr/local/lib" is unsafe for cross-compilation
configure:5663: $? = 0
configure:5681: result: yes
configure:5601: checking for freeaddrinfo
configure:5657: arm-none-linux-gnueabi-gcc -o conftest  -O2 -Wall -static -pthread -I/home/mika/android/install/include -L/home/mika/android/install/lib -lpthread conftest.c -lcrypt -L/usr/local/lib  >&5
/home/mika/android/Sourcery_G++_Lite/bin/../lib/gcc/arm-none-linux-gnueabi/4.5.2/../../../../arm-none-linux-gnueabi/bin/ld: warning: library search path "/usr/local/lib" is unsafe for cross-compilation
configure:5663: $? = 0
configure:5681: result: yes
configure:5794: creating ./config.status

## ---------------------- ##
## Running config.status. ##
## ---------------------- ##

This file was extended by config.status, which was
generated by GNU Autoconf 2.61.  Invocation command line was

  CONFIG_FILES    = 
  CONFIG_HEADERS  = 
  CONFIG_LINKS    = 
  CONFIG_COMMANDS = 
  $ ./config.status 

on mika-laptop

config.status:603: creating Makefile
config.status:603: creating config.h
config.status:839: config.h is unchanged

## ---------------- ##
## Cache variables. ##
## ---------------- ##

ac_cv_build=x86_64-unknown-linux-gnu
ac_cv_c_compiler_gnu=yes
ac_cv_env_CC_set=set
ac_cv_env_CC_value=arm-none-linux-gnueabi-gcc
ac_cv_env_CFLAGS_set=
ac_cv_env_CFLAGS_value=
ac_cv_env_CPPFLAGS_set=set
ac_cv_env_CPPFLAGS_value=-I/home/mika/android/install/include
ac_cv_env_CPP_set=
ac_cv_env_CPP_value=
ac_cv_env_LDFLAGS_set=set
ac_cv_env_LDFLAGS_value=-L/home/mika/android/install/lib
ac_cv_env_LIBS_set=
ac_cv_env_LIBS_value=
ac_cv_env_build_alias_set=set
ac_cv_env_build_alias_value=x86_64-unknown-linux-gnu
ac_cv_env_host_alias_set=set
ac_cv_env_host_alias_value=arm-none-linux-gnueabi
ac_cv_env_target_alias_set=
ac_cv_env_target_alias_value=
ac_cv_func_freeaddrinfo=yes
ac_cv_func_getaddrinfo=yes
ac_cv_func_getnameinfo=yes
ac_cv_func_select=yes
ac_cv_func_socket=yes
ac_cv_header_fcntl_h=yes
ac_cv_header_inttypes_h=yes
ac_cv_header_limits_h=yes
ac_cv_header_memory_h=yes
ac_cv_header_pthread_h=yes
ac_cv_header_stdc=yes
ac_cv_header_stdint_h=yes
ac_cv_header_stdlib_h=yes
ac_cv_header_string_h=yes
ac_cv_header_strings_h=yes
ac_cv_header_sys_resource_h=yes
ac_cv_header_sys_stat_h=yes
ac_cv_header_sys_time_h=yes
ac_cv_header_sys_types_h=yes
ac_cv_header_sys_wait_h=yes
ac_cv_header_syslog_h=yes
ac_cv_header_tcpd_h=no
ac_cv_header_time=yes
ac_cv_header_unistd_h=yes
ac_cv_host=arm-none-linux-gnueabi
ac_cv_lib_crypt_crypt=yes
ac_cv_member_struct_sockaddr_dl_sdl_family=no
ac_cv_member_struct_sockaddr_sa_len=no
ac_cv_objext=o
ac_cv_path_EGREP='/bin/grep -E'
ac_cv_path_GREP=/bin/grep
ac_cv_prog_CC=arm-none-linux-gnueabi-gcc
ac_cv_prog_CPP='arm-none-linux-gnueabi-gcc -E'
ac_cv_prog_cc_c89=
ac_cv_prog_cc_g=yes
ac_cv_target=arm-none-linux-gnueabi
ac_cv_type_signal=void
ac_cv_type_socklen_t=yes
ac_cv_type_u_int16_t=yes
ac_cv_type_u_int32_t=yes
ac_cv_type_u_int8_t=yes
ac_cv_type_uint16_t=yes
ac_cv_type_uint32_t=yes
ac_cv_type_uint8_t=yes

## ----------------- ##
## Output variables. ##
## ----------------- ##

CC='arm-none-linux-gnueabi-gcc'
CFLAGS=' -O2 -Wall -static -pthread'
CPP='arm-none-linux-gnueabi-gcc -E'
CPPFLAGS='-I/home/mika/android/install/include'
DEFS='-DHAVE_CONFIG_H'
ECHO_C=''
ECHO_N='-n'
ECHO_T=''
EGREP='/bin/grep -E'
EXEEXT=''
GREP='/bin/grep'
LDFLAGS='-L/home/mika/android/install/lib -lpthread'
LIBOBJS=''
LIBS='-lcrypt -L/usr/local/lib '
LTLIBOBJS=''
OBJEXT='o'
PACKAGE_BUGREPORT=''
PACKAGE_NAME=''
PACKAGE_STRING=''
PACKAGE_TARNAME=''
PACKAGE_VERSION=''
PATH_SEPARATOR=':'
SHELL='/bin/bash'
ac_ct_CC=''
bindir='${exec_prefix}/bin'
build='x86_64-unknown-linux-gnu'
build_alias='x86_64-unknown-linux-gnu'
build_cpu='x86_64'
build_os='linux-gnu'
build_vendor='unknown'
datadir='${datarootdir}'
datarootdir='${prefix}/share'
docdir='${datarootdir}/doc/${PACKAGE}'
dvidir='${docdir}'
exec_prefix='${prefix}'
host='arm-none-linux-gnueabi'
host_alias='arm-none-linux-gnueabi'
host_cpu='arm'
host_os='linux-gnueabi'
host_vendor='none'
htmldir='${docdir}'
includedir='${prefix}/include'
infodir='${datarootdir}/info'
libdir='${exec_prefix}/lib'
libexecdir='${exec_prefix}/libexec'
localedir='${datarootdir}/locale'
localstatedir='${prefix}/var'
mandir='${datarootdir}/man'
oldincludedir='/usr/include'
pdfdir='${docdir}'
prefix='/home/mika/android/install'
program_transform_name='s,x,x,'
psdir='${docdir}'
sbindir='${exec_prefix}/sbin'
sharedstatedir='${prefix}/com'
sysconfdir='${prefix}/etc'
target='arm-none-linux-gnueabi'
target_alias=''
target_cpu='arm'
target_os='linux-gnueabi'
target_vendor='none'

## ----------- ##
## confdefs.h. ##
## ----------- ##

#define PACKAGE_NAME ""
#define PACKAGE_TARNAME ""
#define PACKAGE_VERSION ""
#define PACKAGE_STRING ""
#define PACKAGE_BUGREPORT ""
#define STDC_HEADERS 1
#define HAVE_SYS_TYPES_H 1
#define HAVE_SYS_STAT_H 1
#define HAVE_STDLIB_H 1
#define HAVE_STRING_H 1
#define HAVE_MEMORY_H 1
#define HAVE_STRINGS_H 1
#define HAVE_INTTYPES_H 1
#define HAVE_STDINT_H 1
#define HAVE_UNISTD_H 1
#define HAVE_LIBCRYPT 1
#define STDC_HEADERS 1
#define HAVE_SYS_WAIT_H 1
#define HAVE_FCNTL_H 1
#define HAVE_SYS_TIME_H 1
#define HAVE_LIMITS_H 1
#define HAVE_SYSLOG_H 1
#define HAVE_UNISTD_H 1
#define HAVE_SYS_RESOURCE_H 1
#define HAVE_SOCKLEN_T 1
#define HAVE_U_INT8_T 1
#define HAVE_U_INT16_T 1
#define HAVE_U_INT32_T 1
#define HAVE_UINT8_T 1
#define HAVE_UINT16_T 1
#define HAVE_UINT32_T 1
#define TIME_WITH_SYS_TIME 1
#define RETSIGTYPE void
#define HAVE_SELECT 1
#define HAVE_SOCKET 1
#define HAVE_GETADDRINFO 1
#define HAVE_GETNAMEINFO 1
#define HAVE_FREEADDRINFO 1

configure: exit 0
