This file contains any messages produced by compilers while
running configure, to aid debugging if configure makes a mistake.

It was created by OpenHIP configure 0.8, which was
generated by GNU Autoconf 2.65.  Invocation command line was

  $ ./configure --no-create --no-recursion

## --------- ##
## Platform. ##
## --------- ##

hostname = mika-laptop
uname -m = i686
uname -r = 2.6.34.7
uname -s = Linux
uname -v = #3 SMP Thu Mar 1 02:17:37 EST 2012

/usr/bin/uname -p = unknown
/bin/uname -X     = unknown

/bin/arch              = unknown
/usr/bin/arch -k       = unknown
/usr/convex/getsysinfo = unknown
/usr/bin/hostinfo      = unknown
/bin/machine           = unknown
/usr/bin/oslevel       = unknown
/bin/universe          = unknown

PATH: /usr/local/sbin
PATH: /usr/local/bin
PATH: /usr/sbin
PATH: /usr/bin
PATH: /sbin
PATH: /bin
PATH: /usr/games


## ----------- ##
## Core tests. ##
## ----------- ##

configure:2304: checking for a BSD-compatible install
configure:2372: result: /usr/bin/install -c
configure:2383: checking whether build environment is sane
configure:2433: result: yes
configure:2574: checking for a thread-safe mkdir -p
configure:2613: result: /bin/mkdir -p
configure:2626: checking for gawk
configure:2642: found /usr/bin/gawk
configure:2653: result: gawk
configure:2664: checking whether make sets $(MAKE)
configure:2686: result: yes
configure:2782: checking for style of include used by make
configure:2810: result: GNU
configure:2880: checking for gcc
configure:2896: found /usr/bin/gcc
configure:2907: result: gcc
configure:3136: checking for C compiler version
configure:3145: gcc --version >&5
gcc (Ubuntu 4.4.3-4ubuntu5.1) 4.4.3
Copyright (C) 2009 Free Software Foundation, Inc.
This is free software; see the source for copying conditions.  There is NO
warranty; not even for MERCHANTABILITY or FITNESS FOR A PARTICULAR PURPOSE.

configure:3156: $? = 0
configure:3145: gcc -v >&5
Using built-in specs.
Target: i486-linux-gnu
Configured with: ../src/configure -v --with-pkgversion='Ubuntu 4.4.3-4ubuntu5.1' --with-bugurl=file:///usr/share/doc/gcc-4.4/README.Bugs --enable-languages=c,c++,fortran,objc,obj-c++ --prefix=/usr --enable-shared --enable-multiarch --enable-linker-build-id --with-system-zlib --libexecdir=/usr/lib --without-included-gettext --enable-threads=posix --with-gxx-include-dir=/usr/include/c++/4.4 --program-suffix=-4.4 --enable-nls --enable-clocale=gnu --enable-libstdcxx-debug --enable-plugin --enable-objc-gc --enable-targets=all --disable-werror --with-arch-32=i486 --with-tune=generic --enable-checking=release --build=i486-linux-gnu --host=i486-linux-gnu --target=i486-linux-gnu
Thread model: posix
gcc version 4.4.3 (Ubuntu 4.4.3-4ubuntu5.1) 
configure:3156: $? = 0
configure:3145: gcc -V >&5
gcc: '-V' option must have argument
configure:3156: $? = 1
configure:3145: gcc -qversion >&5
gcc: unrecognized option '-qversion'
gcc: no input files
configure:3156: $? = 1
configure:3176: checking whether the C compiler works
configure:3198: gcc    conftest.c  >&5
configure:3202: $? = 0
configure:3251: result: yes
configure:3254: checking for C compiler default output file name
configure:3256: result: a.out
configure:3262: checking for suffix of executables
configure:3269: gcc -o conftest    conftest.c  >&5
configure:3273: $? = 0
configure:3295: result: 
configure:3317: checking whether we are cross compiling
configure:3325: gcc -o conftest    conftest.c  >&5
configure:3329: $? = 0
configure:3336: ./conftest
configure:3340: $? = 0
configure:3355: result: no
configure:3360: checking for suffix of object files
configure:3382: gcc -c   conftest.c >&5
configure:3386: $? = 0
configure:3407: result: o
configure:3411: checking whether we are using the GNU C compiler
configure:3430: gcc -c   conftest.c >&5
configure:3430: $? = 0
configure:3439: result: yes
configure:3448: checking whether gcc accepts -g
configure:3468: gcc -c -g  conftest.c >&5
configure:3468: $? = 0
configure:3509: result: yes
configure:3526: checking for gcc option to accept ISO C89
configure:3590: gcc  -c -g -O2  conftest.c >&5
configure:3590: $? = 0
configure:3603: result: none needed
configure:3625: checking dependency style of gcc
configure:3735: result: gcc3
configure:3756: checking how to run the C preprocessor
configure:3787: gcc -E  conftest.c
configure:3787: $? = 0
configure:3801: gcc -E  conftest.c
conftest.c:11:28: error: ac_nonexistent.h: No such file or directory
configure:3801: $? = 1
configure: failed program was:
| /* confdefs.h */
| #define PACKAGE_NAME "OpenHIP"
| #define PACKAGE_TARNAME "openhip"
| #define PACKAGE_VERSION "0.8"
| #define PACKAGE_STRING "OpenHIP 0.8"
| #define PACKAGE_BUGREPORT "openhip-developers@lists.sourceforge.net"
| #define PACKAGE_URL ""
| #define PACKAGE "openhip"
| #define VERSION "0.8"
| /* end confdefs.h.  */
| #include <ac_nonexistent.h>
configure:3826: result: gcc -E
configure:3846: gcc -E  conftest.c
configure:3846: $? = 0
configure:3860: gcc -E  conftest.c
conftest.c:11:28: error: ac_nonexistent.h: No such file or directory
configure:3860: $? = 1
configure: failed program was:
| /* confdefs.h */
| #define PACKAGE_NAME "OpenHIP"
| #define PACKAGE_TARNAME "openhip"
| #define PACKAGE_VERSION "0.8"
| #define PACKAGE_STRING "OpenHIP 0.8"
| #define PACKAGE_BUGREPORT "openhip-developers@lists.sourceforge.net"
| #define PACKAGE_URL ""
| #define PACKAGE "openhip"
| #define VERSION "0.8"
| /* end confdefs.h.  */
| #include <ac_nonexistent.h>
configure:3889: checking for grep that handles long lines and -e
configure:3947: result: /bin/grep
configure:3952: checking for egrep
configure:4014: result: /bin/grep -E
configure:4019: checking for ANSI C header files
configure:4039: gcc -c -g -O2  conftest.c >&5
configure:4039: $? = 0
configure:4112: gcc -o conftest -g -O2   conftest.c  >&5
configure:4112: $? = 0
configure:4112: ./conftest
configure:4112: $? = 0
configure:4123: result: yes
configure:4136: checking for sys/types.h
configure:4136: gcc -c -g -O2  conftest.c >&5
configure:4136: $? = 0
configure:4136: result: yes
configure:4136: checking for sys/stat.h
configure:4136: gcc -c -g -O2  conftest.c >&5
configure:4136: $? = 0
configure:4136: result: yes
configure:4136: checking for stdlib.h
configure:4136: gcc -c -g -O2  conftest.c >&5
configure:4136: $? = 0
configure:4136: result: yes
configure:4136: checking for string.h
configure:4136: gcc -c -g -O2  conftest.c >&5
configure:4136: $? = 0
configure:4136: result: yes
configure:4136: checking for memory.h
configure:4136: gcc -c -g -O2  conftest.c >&5
configure:4136: $? = 0
configure:4136: result: yes
configure:4136: checking for strings.h
configure:4136: gcc -c -g -O2  conftest.c >&5
configure:4136: $? = 0
configure:4136: result: yes
configure:4136: checking for inttypes.h
configure:4136: gcc -c -g -O2  conftest.c >&5
configure:4136: $? = 0
configure:4136: result: yes
configure:4136: checking for stdint.h
configure:4136: gcc -c -g -O2  conftest.c >&5
configure:4136: $? = 0
configure:4136: result: yes
configure:4136: checking for unistd.h
configure:4136: gcc -c -g -O2  conftest.c >&5
configure:4136: $? = 0
configure:4136: result: yes
configure:4150: checking minix/config.h usability
configure:4150: gcc -c -g -O2  conftest.c >&5
conftest.c:54:26: error: minix/config.h: No such file or directory
configure:4150: $? = 1
configure: failed program was:
| /* confdefs.h */
| #define PACKAGE_NAME "OpenHIP"
| #define PACKAGE_TARNAME "openhip"
| #define PACKAGE_VERSION "0.8"
| #define PACKAGE_STRING "OpenHIP 0.8"
| #define PACKAGE_BUGREPORT "openhip-developers@lists.sourceforge.net"
| #define PACKAGE_URL ""
| #define PACKAGE "openhip"
| #define VERSION "0.8"
| #define STDC_HEADERS 1
| #define HAVE_SYS_TYPES_H 1
| #define HAVE_SYS_STAT_H 1
| #define HAVE_STDLIB_H 1
| #define HAVE_STRING_H 1
| #define HAVE_MEMORY_H 1
| #define HAVE_STRINGS_H 1
| #define HAVE_INTTYPES_H 1
| #define HAVE_STDINT_H 1
| #define HAVE_UNISTD_H 1
| /* end confdefs.h.  */
| #include <stdio.h>
| #ifdef HAVE_SYS_TYPES_H
| # include <sys/types.h>
| #endif
| #ifdef HAVE_SYS_STAT_H
| # include <sys/stat.h>
| #endif
| #ifdef STDC_HEADERS
| # include <stdlib.h>
| # include <stddef.h>
| #else
| # ifdef HAVE_STDLIB_H
| #  include <stdlib.h>
| # endif
| #endif
| #ifdef HAVE_STRING_H
| # if !defined STDC_HEADERS && defined HAVE_MEMORY_H
| #  include <memory.h>
| # endif
| # include <string.h>
| #endif
| #ifdef HAVE_STRINGS_H
| # include <strings.h>
| #endif
| #ifdef HAVE_INTTYPES_H
| # include <inttypes.h>
| #endif
| #ifdef HAVE_STDINT_H
| # include <stdint.h>
| #endif
| #ifdef HAVE_UNISTD_H
| # include <unistd.h>
| #endif
| #include <minix/config.h>
configure:4150: result: no
configure:4150: checking minix/config.h presence
configure:4150: gcc -E  conftest.c
conftest.c:21:26: error: minix/config.h: No such file or directory
configure:4150: $? = 1
configure: failed program was:
| /* confdefs.h */
| #define PACKAGE_NAME "OpenHIP"
| #define PACKAGE_TARNAME "openhip"
| #define PACKAGE_VERSION "0.8"
| #define PACKAGE_STRING "OpenHIP 0.8"
| #define PACKAGE_BUGREPORT "openhip-developers@lists.sourceforge.net"
| #define PACKAGE_URL ""
| #define PACKAGE "openhip"
| #define VERSION "0.8"
| #define STDC_HEADERS 1
| #define HAVE_SYS_TYPES_H 1
| #define HAVE_SYS_STAT_H 1
| #define HAVE_STDLIB_H 1
| #define HAVE_STRING_H 1
| #define HAVE_MEMORY_H 1
| #define HAVE_STRINGS_H 1
| #define HAVE_INTTYPES_H 1
| #define HAVE_STDINT_H 1
| #define HAVE_UNISTD_H 1
| /* end confdefs.h.  */
| #include <minix/config.h>
configure:4150: result: no
configure:4150: checking for minix/config.h
configure:4150: result: no
configure:4171: checking whether it is safe to define __EXTENSIONS__
configure:4189: gcc -c -g -O2  conftest.c >&5
configure:4189: $? = 0
configure:4196: result: yes
configure:4281: checking for g++
configure:4297: found /usr/bin/g++
configure:4308: result: g++
configure:4335: checking for C++ compiler version
configure:4344: g++ --version >&5
g++ (Ubuntu 4.4.3-4ubuntu5.1) 4.4.3
Copyright (C) 2009 Free Software Foundation, Inc.
This is free software; see the source for copying conditions.  There is NO
warranty; not even for MERCHANTABILITY or FITNESS FOR A PARTICULAR PURPOSE.

configure:4355: $? = 0
configure:4344: g++ -v >&5
Using built-in specs.
Target: i486-linux-gnu
Configured with: ../src/configure -v --with-pkgversion='Ubuntu 4.4.3-4ubuntu5.1' --with-bugurl=file:///usr/share/doc/gcc-4.4/README.Bugs --enable-languages=c,c++,fortran,objc,obj-c++ --prefix=/usr --enable-shared --enable-multiarch --enable-linker-build-id --with-system-zlib --libexecdir=/usr/lib --without-included-gettext --enable-threads=posix --with-gxx-include-dir=/usr/include/c++/4.4 --program-suffix=-4.4 --enable-nls --enable-clocale=gnu --enable-libstdcxx-debug --enable-plugin --enable-objc-gc --enable-targets=all --disable-werror --with-arch-32=i486 --with-tune=generic --enable-checking=release --build=i486-linux-gnu --host=i486-linux-gnu --target=i486-linux-gnu
Thread model: posix
gcc version 4.4.3 (Ubuntu 4.4.3-4ubuntu5.1) 
configure:4355: $? = 0
configure:4344: g++ -V >&5
g++: '-V' option must have argument
configure:4355: $? = 1
configure:4344: g++ -qversion >&5
g++: unrecognized option '-qversion'
g++: no input files
configure:4355: $? = 1
configure:4359: checking whether we are using the GNU C++ compiler
configure:4378: g++ -c   conftest.cpp >&5
configure:4378: $? = 0
configure:4387: result: yes
configure:4396: checking whether g++ accepts -g
configure:4416: g++ -c -g  conftest.cpp >&5
configure:4416: $? = 0
configure:4457: result: yes
configure:4482: checking dependency style of g++
configure:4592: result: gcc3
configure:4611: checking for gawk
configure:4638: result: gawk
configure:4697: checking for gcc
configure:4724: result: gcc
configure:4953: checking for C compiler version
configure:4962: gcc --version >&5
gcc (Ubuntu 4.4.3-4ubuntu5.1) 4.4.3
Copyright (C) 2009 Free Software Foundation, Inc.
This is free software; see the source for copying conditions.  There is NO
warranty; not even for MERCHANTABILITY or FITNESS FOR A PARTICULAR PURPOSE.

configure:4973: $? = 0
configure:4962: gcc -v >&5
Using built-in specs.
Target: i486-linux-gnu
Configured with: ../src/configure -v --with-pkgversion='Ubuntu 4.4.3-4ubuntu5.1' --with-bugurl=file:///usr/share/doc/gcc-4.4/README.Bugs --enable-languages=c,c++,fortran,objc,obj-c++ --prefix=/usr --enable-shared --enable-multiarch --enable-linker-build-id --with-system-zlib --libexecdir=/usr/lib --without-included-gettext --enable-threads=posix --with-gxx-include-dir=/usr/include/c++/4.4 --program-suffix=-4.4 --enable-nls --enable-clocale=gnu --enable-libstdcxx-debug --enable-plugin --enable-objc-gc --enable-targets=all --disable-werror --with-arch-32=i486 --with-tune=generic --enable-checking=release --build=i486-linux-gnu --host=i486-linux-gnu --target=i486-linux-gnu
Thread model: posix
gcc version 4.4.3 (Ubuntu 4.4.3-4ubuntu5.1) 
configure:4973: $? = 0
configure:4962: gcc -V >&5
gcc: '-V' option must have argument
configure:4973: $? = 1
configure:4962: gcc -qversion >&5
gcc: unrecognized option '-qversion'
gcc: no input files
configure:4973: $? = 1
configure:4977: checking whether we are using the GNU C compiler
configure:5005: result: yes
configure:5014: checking whether gcc accepts -g
configure:5075: result: yes
configure:5092: checking for gcc option to accept ISO C89
configure:5169: result: none needed
configure:5191: checking dependency style of gcc
configure:5301: result: gcc3
configure:5321: checking how to run the C preprocessor
configure:5391: result: gcc -E
configure:5411: gcc -E  conftest.c
configure:5411: $? = 0
configure:5425: gcc -E  conftest.c
conftest.c:26:28: error: ac_nonexistent.h: No such file or directory
configure:5425: $? = 1
configure: failed program was:
| /* confdefs.h */
| #define PACKAGE_NAME "OpenHIP"
| #define PACKAGE_TARNAME "openhip"
| #define PACKAGE_VERSION "0.8"
| #define PACKAGE_STRING "OpenHIP 0.8"
| #define PACKAGE_BUGREPORT "openhip-developers@lists.sourceforge.net"
| #define PACKAGE_URL ""
| #define PACKAGE "openhip"
| #define VERSION "0.8"
| #define STDC_HEADERS 1
| #define HAVE_SYS_TYPES_H 1
| #define HAVE_SYS_STAT_H 1
| #define HAVE_STDLIB_H 1
| #define HAVE_STRING_H 1
| #define HAVE_MEMORY_H 1
| #define HAVE_STRINGS_H 1
| #define HAVE_INTTYPES_H 1
| #define HAVE_STDINT_H 1
| #define HAVE_UNISTD_H 1
| #define __EXTENSIONS__ 1
| #define _ALL_SOURCE 1
| #define _GNU_SOURCE 1
| #define _POSIX_PTHREAD_SEMANTICS 1
| #define _TANDEM_SOURCE 1
| /* end confdefs.h.  */
| #include <ac_nonexistent.h>
configure:5454: checking whether gcc and cc understand -c and -o together
configure:5485: gcc -c conftest.c -o conftest2.o >&5
configure:5489: $? = 0
configure:5495: gcc -c conftest.c -o conftest2.o >&5
configure:5499: $? = 0
configure:5510: cc -c conftest.c >&5
configure:5514: $? = 0
configure:5522: cc -c conftest.c -o conftest2.o >&5
configure:5526: $? = 0
configure:5532: cc -c conftest.c -o conftest2.o >&5
configure:5536: $? = 0
configure:5554: result: yes
configure:5582: checking for AES_cbc_encrypt in -lcrypto
configure:5607: gcc -o conftest -g -O2 -O3 -Werror -D_GNU_SOURCE -fno-strict-aliasing   conftest.c -lcrypto   >&5
configure:5607: $? = 0
configure:5616: result: yes
configure:5630: checking for RSA_verify in -lcrypto
configure:5655: gcc -o conftest -g -O2 -O3 -Werror -D_GNU_SOURCE -fno-strict-aliasing   conftest.c -lcrypto  -lcrypto  >&5
configure:5655: $? = 0
configure:5664: result: yes
configure:5679: checking for pthread_create in -lpthread
configure:5704: gcc -o conftest -g -O2 -O3 -Werror -D_GNU_SOURCE -fno-strict-aliasing   conftest.c -lpthread  -lcrypto -lcrypto  >&5
configure:5704: $? = 0
configure:5713: result: yes
configure:5729: checking for pfkey_send_hip_x1 in -lipsec
configure:5754: gcc -o conftest -g -O2 -O3 -Werror -D_GNU_SOURCE -fno-strict-aliasing   conftest.c -lipsec  -lpthread -lcrypto -lcrypto  >&5
/usr/bin/ld: cannot find -lipsec
collect2: ld returned 1 exit status
configure:5754: $? = 1
configure: failed program was:
| /* confdefs.h */
| #define PACKAGE_NAME "OpenHIP"
| #define PACKAGE_TARNAME "openhip"
| #define PACKAGE_VERSION "0.8"
| #define PACKAGE_STRING "OpenHIP 0.8"
| #define PACKAGE_BUGREPORT "openhip-developers@lists.sourceforge.net"
| #define PACKAGE_URL ""
| #define PACKAGE "openhip"
| #define VERSION "0.8"
| #define STDC_HEADERS 1
| #define HAVE_SYS_TYPES_H 1
| #define HAVE_SYS_STAT_H 1
| #define HAVE_STDLIB_H 1
| #define HAVE_STRING_H 1
| #define HAVE_MEMORY_H 1
| #define HAVE_STRINGS_H 1
| #define HAVE_INTTYPES_H 1
| #define HAVE_STDINT_H 1
| #define HAVE_UNISTD_H 1
| #define __EXTENSIONS__ 1
| #define _ALL_SOURCE 1
| #define _GNU_SOURCE 1
| #define _POSIX_PTHREAD_SEMANTICS 1
| #define _TANDEM_SOURCE 1
| #define HAVE_LIBCRYPTO 1
| #define HAVE_LIBCRYPTO 1
| #define HAVE_LIBPTHREAD 1
| /* end confdefs.h.  */
| 
| /* Override any GCC internal prototype to avoid an error.
|    Use char because int might match the return type of a GCC
|    builtin and then its argument prototype would still apply.  */
| #ifdef __cplusplus
| extern "C"
| #endif
| char pfkey_send_hip_x1 ();
| int
| main ()
| {
| return pfkey_send_hip_x1 ();
|   ;
|   return 0;
| }
configure:5763: result: no
configure:5782: checking for ANSI C header files
configure:5886: result: yes
configure:5894: checking for sys/wait.h that is POSIX.1 compatible
configure:5920: gcc -c -g -O2 -O3 -Werror -D_GNU_SOURCE -fno-strict-aliasing  conftest.c >&5
configure:5920: $? = 0
configure:5927: result: yes
configure:5938: checking arpa/inet.h usability
configure:5938: gcc -c -g -O2 -O3 -Werror -D_GNU_SOURCE -fno-strict-aliasing  conftest.c >&5
configure:5938: $? = 0
configure:5938: result: yes
configure:5938: checking arpa/inet.h presence
configure:5938: gcc -E  conftest.c
configure:5938: $? = 0
configure:5938: result: yes
configure:5938: checking for arpa/inet.h
configure:5938: result: yes
configure:5938: checking fcntl.h usability
configure:5938: gcc -c -g -O2 -O3 -Werror -D_GNU_SOURCE -fno-strict-aliasing  conftest.c >&5
configure:5938: $? = 0
configure:5938: result: yes
configure:5938: checking fcntl.h presence
configure:5938: gcc -E  conftest.c
configure:5938: $? = 0
configure:5938: result: yes
configure:5938: checking for fcntl.h
configure:5938: result: yes
configure:5938: checking netdb.h usability
configure:5938: gcc -c -g -O2 -O3 -Werror -D_GNU_SOURCE -fno-strict-aliasing  conftest.c >&5
configure:5938: $? = 0
configure:5938: result: yes
configure:5938: checking netdb.h presence
configure:5938: gcc -E  conftest.c
configure:5938: $? = 0
configure:5938: result: yes
configure:5938: checking for netdb.h
configure:5938: result: yes
configure:5938: checking netinet/in.h usability
configure:5938: gcc -c -g -O2 -O3 -Werror -D_GNU_SOURCE -fno-strict-aliasing  conftest.c >&5
configure:5938: $? = 0
configure:5938: result: yes
configure:5938: checking netinet/in.h presence
configure:5938: gcc -E  conftest.c
configure:5938: $? = 0
configure:5938: result: yes
configure:5938: checking for netinet/in.h
configure:5938: result: yes
configure:5938: checking for stdlib.h
configure:5938: result: yes
configure:5938: checking for string.h
configure:5938: result: yes
configure:5938: checking sys/ioctl.h usability
configure:5938: gcc -c -g -O2 -O3 -Werror -D_GNU_SOURCE -fno-strict-aliasing  conftest.c >&5
configure:5938: $? = 0
configure:5938: result: yes
configure:5938: checking sys/ioctl.h presence
configure:5938: gcc -E  conftest.c
configure:5938: $? = 0
configure:5938: result: yes
configure:5938: checking for sys/ioctl.h
configure:5938: result: yes
configure:5938: checking sys/socket.h usability
configure:5938: gcc -c -g -O2 -O3 -Werror -D_GNU_SOURCE -fno-strict-aliasing  conftest.c >&5
configure:5938: $? = 0
configure:5938: result: yes
configure:5938: checking sys/socket.h presence
configure:5938: gcc -E  conftest.c
configure:5938: $? = 0
configure:5938: result: yes
configure:5938: checking for sys/socket.h
configure:5938: result: yes
configure:5938: checking sys/time.h usability
configure:5938: gcc -c -g -O2 -O3 -Werror -D_GNU_SOURCE -fno-strict-aliasing  conftest.c >&5
configure:5938: $? = 0
configure:5938: result: yes
configure:5938: checking sys/time.h presence
configure:5938: gcc -E  conftest.c
configure:5938: $? = 0
configure:5938: result: yes
configure:5938: checking for sys/time.h
configure:5938: result: yes
configure:5938: checking for unistd.h
configure:5938: result: yes
configure:5951: checking for an ANSI C-conforming const
configure:6016: gcc -c -g -O2 -O3 -Werror -D_GNU_SOURCE -fno-strict-aliasing  conftest.c >&5
configure:6016: $? = 0
configure:6023: result: yes
configure:6031: checking for inline
configure:6047: gcc -c -g -O2 -O3 -Werror -D_GNU_SOURCE -fno-strict-aliasing  conftest.c >&5
configure:6047: $? = 0
configure:6055: result: inline
configure:6073: checking for size_t
configure:6073: gcc -c -g -O2 -O3 -Werror -D_GNU_SOURCE -fno-strict-aliasing  conftest.c >&5
configure:6073: $? = 0
configure:6073: gcc -c -g -O2 -O3 -Werror -D_GNU_SOURCE -fno-strict-aliasing  conftest.c >&5
conftest.c: In function 'main':
conftest.c:77: error: expected expression before ')' token
configure:6073: $? = 1
configure: failed program was:
| /* confdefs.h */
| #define PACKAGE_NAME "OpenHIP"
| #define PACKAGE_TARNAME "openhip"
| #define PACKAGE_VERSION "0.8"
| #define PACKAGE_STRING "OpenHIP 0.8"
| #define PACKAGE_BUGREPORT "openhip-developers@lists.sourceforge.net"
| #define PACKAGE_URL ""
| #define PACKAGE "openhip"
| #define VERSION "0.8"
| #define STDC_HEADERS 1
| #define HAVE_SYS_TYPES_H 1
| #define HAVE_SYS_STAT_H 1
| #define HAVE_STDLIB_H 1
| #define HAVE_STRING_H 1
| #define HAVE_MEMORY_H 1
| #define HAVE_STRINGS_H 1
| #define HAVE_INTTYPES_H 1
| #define HAVE_STDINT_H 1
| #define HAVE_UNISTD_H 1
| #define __EXTENSIONS__ 1
| #define _ALL_SOURCE 1
| #define _GNU_SOURCE 1
| #define _POSIX_PTHREAD_SEMANTICS 1
| #define _TANDEM_SOURCE 1
| #define HAVE_LIBCRYPTO 1
| #define HAVE_LIBCRYPTO 1
| #define HAVE_LIBPTHREAD 1
| #define STDC_HEADERS 1
| #define HAVE_SYS_WAIT_H 1
| #define HAVE_ARPA_INET_H 1
| #define HAVE_FCNTL_H 1
| #define HAVE_NETDB_H 1
| #define HAVE_NETINET_IN_H 1
| #define HAVE_STDLIB_H 1
| #define HAVE_STRING_H 1
| #define HAVE_SYS_IOCTL_H 1
| #define HAVE_SYS_SOCKET_H 1
| #define HAVE_SYS_TIME_H 1
| #define HAVE_UNISTD_H 1
| /* end confdefs.h.  */
| #include <stdio.h>
| #ifdef HAVE_SYS_TYPES_H
| # include <sys/types.h>
| #endif
| #ifdef HAVE_SYS_STAT_H
| # include <sys/stat.h>
| #endif
| #ifdef STDC_HEADERS
| # include <stdlib.h>
| # include <stddef.h>
| #else
| # ifdef HAVE_STDLIB_H
| #  include <stdlib.h>
| # endif
| #endif
| #ifdef HAVE_STRING_H
| # if !defined STDC_HEADERS && defined HAVE_MEMORY_H
| #  include <memory.h>
| # endif
| # include <string.h>
| #endif
| #ifdef HAVE_STRINGS_H
| # include <strings.h>
| #endif
| #ifdef HAVE_INTTYPES_H
| # include <inttypes.h>
| #endif
| #ifdef HAVE_STDINT_H
| # include <stdint.h>
| #endif
| #ifdef HAVE_UNISTD_H
| # include <unistd.h>
| #endif
| int
| main ()
| {
| if (sizeof ((size_t)))
| 	    return 0;
|   ;
|   return 0;
| }
configure:6073: result: yes
configure:6084: checking whether time.h and sys/time.h may both be included
configure:6104: gcc -c -g -O2 -O3 -Werror -D_GNU_SOURCE -fno-strict-aliasing  conftest.c >&5
configure:6104: $? = 0
configure:6111: result: yes
configure:6121: checking for pid_t
configure:6121: gcc -c -g -O2 -O3 -Werror -D_GNU_SOURCE -fno-strict-aliasing  conftest.c >&5
configure:6121: $? = 0
configure:6121: gcc -c -g -O2 -O3 -Werror -D_GNU_SOURCE -fno-strict-aliasing  conftest.c >&5
conftest.c: In function 'main':
conftest.c:78: error: expected expression before ')' token
configure:6121: $? = 1
configure: failed program was:
| /* confdefs.h */
| #define PACKAGE_NAME "OpenHIP"
| #define PACKAGE_TARNAME "openhip"
| #define PACKAGE_VERSION "0.8"
| #define PACKAGE_STRING "OpenHIP 0.8"
| #define PACKAGE_BUGREPORT "openhip-developers@lists.sourceforge.net"
| #define PACKAGE_URL ""
| #define PACKAGE "openhip"
| #define VERSION "0.8"
| #define STDC_HEADERS 1
| #define HAVE_SYS_TYPES_H 1
| #define HAVE_SYS_STAT_H 1
| #define HAVE_STDLIB_H 1
| #define HAVE_STRING_H 1
| #define HAVE_MEMORY_H 1
| #define HAVE_STRINGS_H 1
| #define HAVE_INTTYPES_H 1
| #define HAVE_STDINT_H 1
| #define HAVE_UNISTD_H 1
| #define __EXTENSIONS__ 1
| #define _ALL_SOURCE 1
| #define _GNU_SOURCE 1
| #define _POSIX_PTHREAD_SEMANTICS 1
| #define _TANDEM_SOURCE 1
| #define HAVE_LIBCRYPTO 1
| #define HAVE_LIBCRYPTO 1
| #define HAVE_LIBPTHREAD 1
| #define STDC_HEADERS 1
| #define HAVE_SYS_WAIT_H 1
| #define HAVE_ARPA_INET_H 1
| #define HAVE_FCNTL_H 1
| #define HAVE_NETDB_H 1
| #define HAVE_NETINET_IN_H 1
| #define HAVE_STDLIB_H 1
| #define HAVE_STRING_H 1
| #define HAVE_SYS_IOCTL_H 1
| #define HAVE_SYS_SOCKET_H 1
| #define HAVE_SYS_TIME_H 1
| #define HAVE_UNISTD_H 1
| #define TIME_WITH_SYS_TIME 1
| /* end confdefs.h.  */
| #include <stdio.h>
| #ifdef HAVE_SYS_TYPES_H
| # include <sys/types.h>
| #endif
| #ifdef HAVE_SYS_STAT_H
| # include <sys/stat.h>
| #endif
| #ifdef STDC_HEADERS
| # include <stdlib.h>
| # include <stddef.h>
| #else
| # ifdef HAVE_STDLIB_H
| #  include <stdlib.h>
| # endif
| #endif
| #ifdef HAVE_STRING_H
| # if !defined STDC_HEADERS && defined HAVE_MEMORY_H
| #  include <memory.h>
| # endif
| # include <string.h>
| #endif
| #ifdef HAVE_STRINGS_H
| # include <strings.h>
| #endif
| #ifdef HAVE_INTTYPES_H
| # include <inttypes.h>
| #endif
| #ifdef HAVE_STDINT_H
| # include <stdint.h>
| #endif
| #ifdef HAVE_UNISTD_H
| # include <unistd.h>
| #endif
| int
| main ()
| {
| if (sizeof ((pid_t)))
| 	    return 0;
|   ;
|   return 0;
| }
configure:6121: result: yes
configure:6134: checking vfork.h usability
configure:6134: gcc -c -g -O2 -O3 -Werror -D_GNU_SOURCE -fno-strict-aliasing  conftest.c >&5
conftest.c:75:19: error: vfork.h: No such file or directory
configure:6134: $? = 1
configure: failed program was:
| /* confdefs.h */
| #define PACKAGE_NAME "OpenHIP"
| #define PACKAGE_TARNAME "openhip"
| #define PACKAGE_VERSION "0.8"
| #define PACKAGE_STRING "OpenHIP 0.8"
| #define PACKAGE_BUGREPORT "openhip-developers@lists.sourceforge.net"
| #define PACKAGE_URL ""
| #define PACKAGE "openhip"
| #define VERSION "0.8"
| #define STDC_HEADERS 1
| #define HAVE_SYS_TYPES_H 1
| #define HAVE_SYS_STAT_H 1
| #define HAVE_STDLIB_H 1
| #define HAVE_STRING_H 1
| #define HAVE_MEMORY_H 1
| #define HAVE_STRINGS_H 1
| #define HAVE_INTTYPES_H 1
| #define HAVE_STDINT_H 1
| #define HAVE_UNISTD_H 1
| #define __EXTENSIONS__ 1
| #define _ALL_SOURCE 1
| #define _GNU_SOURCE 1
| #define _POSIX_PTHREAD_SEMANTICS 1
| #define _TANDEM_SOURCE 1
| #define HAVE_LIBCRYPTO 1
| #define HAVE_LIBCRYPTO 1
| #define HAVE_LIBPTHREAD 1
| #define STDC_HEADERS 1
| #define HAVE_SYS_WAIT_H 1
| #define HAVE_ARPA_INET_H 1
| #define HAVE_FCNTL_H 1
| #define HAVE_NETDB_H 1
| #define HAVE_NETINET_IN_H 1
| #define HAVE_STDLIB_H 1
| #define HAVE_STRING_H 1
| #define HAVE_SYS_IOCTL_H 1
| #define HAVE_SYS_SOCKET_H 1
| #define HAVE_SYS_TIME_H 1
| #define HAVE_UNISTD_H 1
| #define TIME_WITH_SYS_TIME 1
| /* end confdefs.h.  */
| #include <stdio.h>
| #ifdef HAVE_SYS_TYPES_H
| # include <sys/types.h>
| #endif
| #ifdef HAVE_SYS_STAT_H
| # include <sys/stat.h>
| #endif
| #ifdef STDC_HEADERS
| # include <stdlib.h>
| # include <stddef.h>
| #else
| # ifdef HAVE_STDLIB_H
| #  include <stdlib.h>
| # endif
| #endif
| #ifdef HAVE_STRING_H
| # if !defined STDC_HEADERS && defined HAVE_MEMORY_H
| #  include <memory.h>
| # endif
| # include <string.h>
| #endif
| #ifdef HAVE_STRINGS_H
| # include <strings.h>
| #endif
| #ifdef HAVE_INTTYPES_H
| # include <inttypes.h>
| #endif
| #ifdef HAVE_STDINT_H
| # include <stdint.h>
| #endif
| #ifdef HAVE_UNISTD_H
| # include <unistd.h>
| #endif
| #include <vfork.h>
configure:6134: result: no
configure:6134: checking vfork.h presence
configure:6134: gcc -E  conftest.c
conftest.c:42:19: error: vfork.h: No such file or directory
configure:6134: $? = 1
configure: failed program was:
| /* confdefs.h */
| #define PACKAGE_NAME "OpenHIP"
| #define PACKAGE_TARNAME "openhip"
| #define PACKAGE_VERSION "0.8"
| #define PACKAGE_STRING "OpenHIP 0.8"
| #define PACKAGE_BUGREPORT "openhip-developers@lists.sourceforge.net"
| #define PACKAGE_URL ""
| #define PACKAGE "openhip"
| #define VERSION "0.8"
| #define STDC_HEADERS 1
| #define HAVE_SYS_TYPES_H 1
| #define HAVE_SYS_STAT_H 1
| #define HAVE_STDLIB_H 1
| #define HAVE_STRING_H 1
| #define HAVE_MEMORY_H 1
| #define HAVE_STRINGS_H 1
| #define HAVE_INTTYPES_H 1
| #define HAVE_STDINT_H 1
| #define HAVE_UNISTD_H 1
| #define __EXTENSIONS__ 1
| #define _ALL_SOURCE 1
| #define _GNU_SOURCE 1
| #define _POSIX_PTHREAD_SEMANTICS 1
| #define _TANDEM_SOURCE 1
| #define HAVE_LIBCRYPTO 1
| #define HAVE_LIBCRYPTO 1
| #define HAVE_LIBPTHREAD 1
| #define STDC_HEADERS 1
| #define HAVE_SYS_WAIT_H 1
| #define HAVE_ARPA_INET_H 1
| #define HAVE_FCNTL_H 1
| #define HAVE_NETDB_H 1
| #define HAVE_NETINET_IN_H 1
| #define HAVE_STDLIB_H 1
| #define HAVE_STRING_H 1
| #define HAVE_SYS_IOCTL_H 1
| #define HAVE_SYS_SOCKET_H 1
| #define HAVE_SYS_TIME_H 1
| #define HAVE_UNISTD_H 1
| #define TIME_WITH_SYS_TIME 1
| /* end confdefs.h.  */
| #include <vfork.h>
configure:6134: result: no
configure:6134: checking for vfork.h
configure:6134: result: no
configure:6147: checking for fork
configure:6147: gcc -o conftest -g -O2 -O3 -Werror -D_GNU_SOURCE -fno-strict-aliasing   conftest.c -lpthread -lcrypto -lcrypto  -lm >&5
cc1: warnings being treated as errors
conftest.c:65: error: conflicting types for built-in function 'fork'
configure:6147: $? = 1
configure: failed program was:
| /* confdefs.h */
| #define PACKAGE_NAME "OpenHIP"
| #define PACKAGE_TARNAME "openhip"
| #define PACKAGE_VERSION "0.8"
| #define PACKAGE_STRING "OpenHIP 0.8"
| #define PACKAGE_BUGREPORT "openhip-developers@lists.sourceforge.net"
| #define PACKAGE_URL ""
| #define PACKAGE "openhip"
| #define VERSION "0.8"
| #define STDC_HEADERS 1
| #define HAVE_SYS_TYPES_H 1
| #define HAVE_SYS_STAT_H 1
| #define HAVE_STDLIB_H 1
| #define HAVE_STRING_H 1
| #define HAVE_MEMORY_H 1
| #define HAVE_STRINGS_H 1
| #define HAVE_INTTYPES_H 1
| #define HAVE_STDINT_H 1
| #define HAVE_UNISTD_H 1
| #define __EXTENSIONS__ 1
| #define _ALL_SOURCE 1
| #define _GNU_SOURCE 1
| #define _POSIX_PTHREAD_SEMANTICS 1
| #define _TANDEM_SOURCE 1
| #define HAVE_LIBCRYPTO 1
| #define HAVE_LIBCRYPTO 1
| #define HAVE_LIBPTHREAD 1
| #define STDC_HEADERS 1
| #define HAVE_SYS_WAIT_H 1
| #define HAVE_ARPA_INET_H 1
| #define HAVE_FCNTL_H 1
| #define HAVE_NETDB_H 1
| #define HAVE_NETINET_IN_H 1
| #define HAVE_STDLIB_H 1
| #define HAVE_STRING_H 1
| #define HAVE_SYS_IOCTL_H 1
| #define HAVE_SYS_SOCKET_H 1
| #define HAVE_SYS_TIME_H 1
| #define HAVE_UNISTD_H 1
| #define TIME_WITH_SYS_TIME 1
| /* end confdefs.h.  */
| /* Define fork to an innocuous variant, in case <limits.h> declares fork.
|    For example, HP-UX 11i <limits.h> declares gettimeofday.  */
| #define fork innocuous_fork
| 
| /* System header to define __stub macros and hopefully few prototypes,
|     which can conflict with char fork (); below.
|     Prefer <limits.h> to <assert.h> if __STDC__ is defined, since
|     <limits.h> exists even on freestanding compilers.  */
| 
| #ifdef __STDC__
| # include <limits.h>
| #else
| # include <assert.h>
| #endif
| 
| #undef fork
| 
| /* Override any GCC internal prototype to avoid an error.
|    Use char because int might match the return type of a GCC
|    builtin and then its argument prototype would still apply.  */
| #ifdef __cplusplus
| extern "C"
| #endif
| char fork ();
| /* The GNU C library defines this for functions which it implements
|     to always fail with ENOSYS.  Some functions are actually named
|     something starting with __ and the normal name is an alias.  */
| #if defined __stub_fork || defined __stub___fork
| choke me
| #endif
| 
| int
| main ()
| {
| return fork ();
|   ;
|   return 0;
| }
configure:6147: result: no
configure:6147: checking for vfork
configure:6147: gcc -o conftest -g -O2 -O3 -Werror -D_GNU_SOURCE -fno-strict-aliasing   conftest.c -lpthread -lcrypto -lcrypto  -lm >&5
configure:6147: $? = 0
configure:6147: result: yes
configure:6211: checking for working vfork
configure:6321: result: yes
configure:6347: checking whether gcc needs -traditional
configure:6381: result: no
configure:6390: checking for stdlib.h
configure:6390: result: yes
configure:6400: checking for GNU libc compatible malloc
configure:6424: gcc -o conftest -g -O2 -O3 -Werror -D_GNU_SOURCE -fno-strict-aliasing   conftest.c -lpthread -lcrypto -lcrypto  -lm >&5
configure:6424: $? = 0
configure:6424: ./conftest
configure:6424: $? = 0
configure:6434: result: yes
configure:6455: checking for working memcmp
configure:6498: gcc -o conftest -g -O2 -O3 -Werror -D_GNU_SOURCE -fno-strict-aliasing   conftest.c -lpthread -lcrypto -lcrypto  -lm >&5
configure:6498: $? = 0
configure:6498: ./conftest
configure:6498: $? = 0
configure:6508: result: yes
configure:6520: checking sys/select.h usability
configure:6520: gcc -c -g -O2 -O3 -Werror -D_GNU_SOURCE -fno-strict-aliasing  conftest.c >&5
configure:6520: $? = 0
configure:6520: result: yes
configure:6520: checking sys/select.h presence
configure:6520: gcc -E  conftest.c
configure:6520: $? = 0
configure:6520: result: yes
configure:6520: checking for sys/select.h
configure:6520: result: yes
configure:6520: checking for sys/socket.h
configure:6520: result: yes
configure:6531: checking types of arguments for select
configure:6559: gcc -c -g -O2 -O3 -Werror -D_GNU_SOURCE -fno-strict-aliasing  conftest.c >&5
configure:6559: $? = 0
configure:6570: result: int,fd_set *,struct timeval *
configure:6593: checking return type of signal handlers
configure:6611: gcc -c -g -O2 -O3 -Werror -D_GNU_SOURCE -fno-strict-aliasing  conftest.c >&5
conftest.c: In function 'main':
conftest.c:57: error: void value not ignored as it ought to be
configure:6611: $? = 1
configure: failed program was:
| /* confdefs.h */
| #define PACKAGE_NAME "OpenHIP"
| #define PACKAGE_TARNAME "openhip"
| #define PACKAGE_VERSION "0.8"
| #define PACKAGE_STRING "OpenHIP 0.8"
| #define PACKAGE_BUGREPORT "openhip-developers@lists.sourceforge.net"
| #define PACKAGE_URL ""
| #define PACKAGE "openhip"
| #define VERSION "0.8"
| #define STDC_HEADERS 1
| #define HAVE_SYS_TYPES_H 1
| #define HAVE_SYS_STAT_H 1
| #define HAVE_STDLIB_H 1
| #define HAVE_STRING_H 1
| #define HAVE_MEMORY_H 1
| #define HAVE_STRINGS_H 1
| #define HAVE_INTTYPES_H 1
| #define HAVE_STDINT_H 1
| #define HAVE_UNISTD_H 1
| #define __EXTENSIONS__ 1
| #define _ALL_SOURCE 1
| #define _GNU_SOURCE 1
| #define _POSIX_PTHREAD_SEMANTICS 1
| #define _TANDEM_SOURCE 1
| #define HAVE_LIBCRYPTO 1
| #define HAVE_LIBCRYPTO 1
| #define HAVE_LIBPTHREAD 1
| #define STDC_HEADERS 1
| #define HAVE_SYS_WAIT_H 1
| #define HAVE_ARPA_INET_H 1
| #define HAVE_FCNTL_H 1
| #define HAVE_NETDB_H 1
| #define HAVE_NETINET_IN_H 1
| #define HAVE_STDLIB_H 1
| #define HAVE_STRING_H 1
| #define HAVE_SYS_IOCTL_H 1
| #define HAVE_SYS_SOCKET_H 1
| #define HAVE_SYS_TIME_H 1
| #define HAVE_UNISTD_H 1
| #define TIME_WITH_SYS_TIME 1
| #define HAVE_VFORK 1
| #define HAVE_WORKING_VFORK 1
| #define HAVE_STDLIB_H 1
| #define HAVE_MALLOC 1
| #define HAVE_SYS_SELECT_H 1
| #define HAVE_SYS_SOCKET_H 1
| #define SELECT_TYPE_ARG1 int
| #define SELECT_TYPE_ARG234 (fd_set *)
| #define SELECT_TYPE_ARG5 (struct timeval *)
| /* end confdefs.h.  */
| #include <sys/types.h>
| #include <signal.h>
| 
| int
| main ()
| {
| return *(signal (0, 0)) (0) == 1;
|   ;
|   return 0;
| }
configure:6618: result: void
configure:6628: checking for vprintf
configure:6628: gcc -o conftest -g -O2 -O3 -Werror -D_GNU_SOURCE -fno-strict-aliasing   conftest.c -lpthread -lcrypto -lcrypto  -lm >&5
cc1: warnings being treated as errors
conftest.c:75: error: conflicting types for built-in function 'vprintf'
configure:6628: $? = 1
configure: failed program was:
| /* confdefs.h */
| #define PACKAGE_NAME "OpenHIP"
| #define PACKAGE_TARNAME "openhip"
| #define PACKAGE_VERSION "0.8"
| #define PACKAGE_STRING "OpenHIP 0.8"
| #define PACKAGE_BUGREPORT "openhip-developers@lists.sourceforge.net"
| #define PACKAGE_URL ""
| #define PACKAGE "openhip"
| #define VERSION "0.8"
| #define STDC_HEADERS 1
| #define HAVE_SYS_TYPES_H 1
| #define HAVE_SYS_STAT_H 1
| #define HAVE_STDLIB_H 1
| #define HAVE_STRING_H 1
| #define HAVE_MEMORY_H 1
| #define HAVE_STRINGS_H 1
| #define HAVE_INTTYPES_H 1
| #define HAVE_STDINT_H 1
| #define HAVE_UNISTD_H 1
| #define __EXTENSIONS__ 1
| #define _ALL_SOURCE 1
| #define _GNU_SOURCE 1
| #define _POSIX_PTHREAD_SEMANTICS 1
| #define _TANDEM_SOURCE 1
| #define HAVE_LIBCRYPTO 1
| #define HAVE_LIBCRYPTO 1
| #define HAVE_LIBPTHREAD 1
| #define STDC_HEADERS 1
| #define HAVE_SYS_WAIT_H 1
| #define HAVE_ARPA_INET_H 1
| #define HAVE_FCNTL_H 1
| #define HAVE_NETDB_H 1
| #define HAVE_NETINET_IN_H 1
| #define HAVE_STDLIB_H 1
| #define HAVE_STRING_H 1
| #define HAVE_SYS_IOCTL_H 1
| #define HAVE_SYS_SOCKET_H 1
| #define HAVE_SYS_TIME_H 1
| #define HAVE_UNISTD_H 1
| #define TIME_WITH_SYS_TIME 1
| #define HAVE_VFORK 1
| #define HAVE_WORKING_VFORK 1
| #define HAVE_STDLIB_H 1
| #define HAVE_MALLOC 1
| #define HAVE_SYS_SELECT_H 1
| #define HAVE_SYS_SOCKET_H 1
| #define SELECT_TYPE_ARG1 int
| #define SELECT_TYPE_ARG234 (fd_set *)
| #define SELECT_TYPE_ARG5 (struct timeval *)
| #define RETSIGTYPE void
| /* end confdefs.h.  */
| /* Define vprintf to an innocuous variant, in case <limits.h> declares vprintf.
|    For example, HP-UX 11i <limits.h> declares gettimeofday.  */
| #define vprintf innocuous_vprintf
| 
| /* System header to define __stub macros and hopefully few prototypes,
|     which can conflict with char vprintf (); below.
|     Prefer <limits.h> to <assert.h> if __STDC__ is defined, since
|     <limits.h> exists even on freestanding compilers.  */
| 
| #ifdef __STDC__
| # include <limits.h>
| #else
| # include <assert.h>
| #endif
| 
| #undef vprintf
| 
| /* Override any GCC internal prototype to avoid an error.
|    Use char because int might match the return type of a GCC
|    builtin and then its argument prototype would still apply.  */
| #ifdef __cplusplus
| extern "C"
| #endif
| char vprintf ();
| /* The GNU C library defines this for functions which it implements
|     to always fail with ENOSYS.  Some functions are actually named
|     something starting with __ and the normal name is an alias.  */
| #if defined __stub_vprintf || defined __stub___vprintf
| choke me
| #endif
| 
| int
| main ()
| {
| return vprintf ();
|   ;
|   return 0;
| }
configure:6628: result: no
configure:6648: checking for bzero
configure:6648: gcc -o conftest -g -O2 -O3 -Werror -D_GNU_SOURCE -fno-strict-aliasing   conftest.c -lpthread -lcrypto -lcrypto  -lm >&5
cc1: warnings being treated as errors
conftest.c:75: error: conflicting types for built-in function 'bzero'
configure:6648: $? = 1
configure: failed program was:
| /* confdefs.h */
| #define PACKAGE_NAME "OpenHIP"
| #define PACKAGE_TARNAME "openhip"
| #define PACKAGE_VERSION "0.8"
| #define PACKAGE_STRING "OpenHIP 0.8"
| #define PACKAGE_BUGREPORT "openhip-developers@lists.sourceforge.net"
| #define PACKAGE_URL ""
| #define PACKAGE "openhip"
| #define VERSION "0.8"
| #define STDC_HEADERS 1
| #define HAVE_SYS_TYPES_H 1
| #define HAVE_SYS_STAT_H 1
| #define HAVE_STDLIB_H 1
| #define HAVE_STRING_H 1
| #define HAVE_MEMORY_H 1
| #define HAVE_STRINGS_H 1
| #define HAVE_INTTYPES_H 1
| #define HAVE_STDINT_H 1
| #define HAVE_UNISTD_H 1
| #define __EXTENSIONS__ 1
| #define _ALL_SOURCE 1
| #define _GNU_SOURCE 1
| #define _POSIX_PTHREAD_SEMANTICS 1
| #define _TANDEM_SOURCE 1
| #define HAVE_LIBCRYPTO 1
| #define HAVE_LIBCRYPTO 1
| #define HAVE_LIBPTHREAD 1
| #define STDC_HEADERS 1
| #define HAVE_SYS_WAIT_H 1
| #define HAVE_ARPA_INET_H 1
| #define HAVE_FCNTL_H 1
| #define HAVE_NETDB_H 1
| #define HAVE_NETINET_IN_H 1
| #define HAVE_STDLIB_H 1
| #define HAVE_STRING_H 1
| #define HAVE_SYS_IOCTL_H 1
| #define HAVE_SYS_SOCKET_H 1
| #define HAVE_SYS_TIME_H 1
| #define HAVE_UNISTD_H 1
| #define TIME_WITH_SYS_TIME 1
| #define HAVE_VFORK 1
| #define HAVE_WORKING_VFORK 1
| #define HAVE_STDLIB_H 1
| #define HAVE_MALLOC 1
| #define HAVE_SYS_SELECT_H 1
| #define HAVE_SYS_SOCKET_H 1
| #define SELECT_TYPE_ARG1 int
| #define SELECT_TYPE_ARG234 (fd_set *)
| #define SELECT_TYPE_ARG5 (struct timeval *)
| #define RETSIGTYPE void
| /* end confdefs.h.  */
| /* Define bzero to an innocuous variant, in case <limits.h> declares bzero.
|    For example, HP-UX 11i <limits.h> declares gettimeofday.  */
| #define bzero innocuous_bzero
| 
| /* System header to define __stub macros and hopefully few prototypes,
|     which can conflict with char bzero (); below.
|     Prefer <limits.h> to <assert.h> if __STDC__ is defined, since
|     <limits.h> exists even on freestanding compilers.  */
| 
| #ifdef __STDC__
| # include <limits.h>
| #else
| # include <assert.h>
| #endif
| 
| #undef bzero
| 
| /* Override any GCC internal prototype to avoid an error.
|    Use char because int might match the return type of a GCC
|    builtin and then its argument prototype would still apply.  */
| #ifdef __cplusplus
| extern "C"
| #endif
| char bzero ();
| /* The GNU C library defines this for functions which it implements
|     to always fail with ENOSYS.  Some functions are actually named
|     something starting with __ and the normal name is an alias.  */
| #if defined __stub_bzero || defined __stub___bzero
| choke me
| #endif
| 
| int
| main ()
| {
| return bzero ();
|   ;
|   return 0;
| }
configure:6648: result: no
configure:6648: checking for gethostbyname
configure:6648: gcc -o conftest -g -O2 -O3 -Werror -D_GNU_SOURCE -fno-strict-aliasing   conftest.c -lpthread -lcrypto -lcrypto  -lm >&5
configure:6648: $? = 0
configure:6648: result: yes
configure:6648: checking for gethostname
configure:6648: gcc -o conftest -g -O2 -O3 -Werror -D_GNU_SOURCE -fno-strict-aliasing   conftest.c -lpthread -lcrypto -lcrypto  -lm >&5
configure:6648: $? = 0
configure:6648: result: yes
configure:6648: checking for gettimeofday
configure:6648: gcc -o conftest -g -O2 -O3 -Werror -D_GNU_SOURCE -fno-strict-aliasing   conftest.c -lpthread -lcrypto -lcrypto  -lm >&5
configure:6648: $? = 0
configure:6648: result: yes
configure:6648: checking for inet_ntoa
configure:6648: gcc -o conftest -g -O2 -O3 -Werror -D_GNU_SOURCE -fno-strict-aliasing   conftest.c -lpthread -lcrypto -lcrypto  -lm >&5
configure:6648: $? = 0
configure:6648: result: yes
configure:6648: checking for memmove
configure:6648: gcc -o conftest -g -O2 -O3 -Werror -D_GNU_SOURCE -fno-strict-aliasing   conftest.c -lpthread -lcrypto -lcrypto  -lm >&5
cc1: warnings being treated as errors
conftest.c:79: error: conflicting types for built-in function 'memmove'
configure:6648: $? = 1
configure: failed program was:
| /* confdefs.h */
| #define PACKAGE_NAME "OpenHIP"
| #define PACKAGE_TARNAME "openhip"
| #define PACKAGE_VERSION "0.8"
| #define PACKAGE_STRING "OpenHIP 0.8"
| #define PACKAGE_BUGREPORT "openhip-developers@lists.sourceforge.net"
| #define PACKAGE_URL ""
| #define PACKAGE "openhip"
| #define VERSION "0.8"
| #define STDC_HEADERS 1
| #define HAVE_SYS_TYPES_H 1
| #define HAVE_SYS_STAT_H 1
| #define HAVE_STDLIB_H 1
| #define HAVE_STRING_H 1
| #define HAVE_MEMORY_H 1
| #define HAVE_STRINGS_H 1
| #define HAVE_INTTYPES_H 1
| #define HAVE_STDINT_H 1
| #define HAVE_UNISTD_H 1
| #define __EXTENSIONS__ 1
| #define _ALL_SOURCE 1
| #define _GNU_SOURCE 1
| #define _POSIX_PTHREAD_SEMANTICS 1
| #define _TANDEM_SOURCE 1
| #define HAVE_LIBCRYPTO 1
| #define HAVE_LIBCRYPTO 1
| #define HAVE_LIBPTHREAD 1
| #define STDC_HEADERS 1
| #define HAVE_SYS_WAIT_H 1
| #define HAVE_ARPA_INET_H 1
| #define HAVE_FCNTL_H 1
| #define HAVE_NETDB_H 1
| #define HAVE_NETINET_IN_H 1
| #define HAVE_STDLIB_H 1
| #define HAVE_STRING_H 1
| #define HAVE_SYS_IOCTL_H 1
| #define HAVE_SYS_SOCKET_H 1
| #define HAVE_SYS_TIME_H 1
| #define HAVE_UNISTD_H 1
| #define TIME_WITH_SYS_TIME 1
| #define HAVE_VFORK 1
| #define HAVE_WORKING_VFORK 1
| #define HAVE_STDLIB_H 1
| #define HAVE_MALLOC 1
| #define HAVE_SYS_SELECT_H 1
| #define HAVE_SYS_SOCKET_H 1
| #define SELECT_TYPE_ARG1 int
| #define SELECT_TYPE_ARG234 (fd_set *)
| #define SELECT_TYPE_ARG5 (struct timeval *)
| #define RETSIGTYPE void
| #define HAVE_GETHOSTBYNAME 1
| #define HAVE_GETHOSTNAME 1
| #define HAVE_GETTIMEOFDAY 1
| #define HAVE_INET_NTOA 1
| /* end confdefs.h.  */
| /* Define memmove to an innocuous variant, in case <limits.h> declares memmove.
|    For example, HP-UX 11i <limits.h> declares gettimeofday.  */
| #define memmove innocuous_memmove
| 
| /* System header to define __stub macros and hopefully few prototypes,
|     which can conflict with char memmove (); below.
|     Prefer <limits.h> to <assert.h> if __STDC__ is defined, since
|     <limits.h> exists even on freestanding compilers.  */
| 
| #ifdef __STDC__
| # include <limits.h>
| #else
| # include <assert.h>
| #endif
| 
| #undef memmove
| 
| /* Override any GCC internal prototype to avoid an error.
|    Use char because int might match the return type of a GCC
|    builtin and then its argument prototype would still apply.  */
| #ifdef __cplusplus
| extern "C"
| #endif
| char memmove ();
| /* The GNU C library defines this for functions which it implements
|     to always fail with ENOSYS.  Some functions are actually named
|     something starting with __ and the normal name is an alias.  */
| #if defined __stub_memmove || defined __stub___memmove
| choke me
| #endif
| 
| int
| main ()
| {
| return memmove ();
|   ;
|   return 0;
| }
configure:6648: result: no
configure:6648: checking for memset
configure:6648: gcc -o conftest -g -O2 -O3 -Werror -D_GNU_SOURCE -fno-strict-aliasing   conftest.c -lpthread -lcrypto -lcrypto  -lm >&5
cc1: warnings being treated as errors
conftest.c:79: error: conflicting types for built-in function 'memset'
configure:6648: $? = 1
configure: failed program was:
| /* confdefs.h */
| #define PACKAGE_NAME "OpenHIP"
| #define PACKAGE_TARNAME "openhip"
| #define PACKAGE_VERSION "0.8"
| #define PACKAGE_STRING "OpenHIP 0.8"
| #define PACKAGE_BUGREPORT "openhip-developers@lists.sourceforge.net"
| #define PACKAGE_URL ""
| #define PACKAGE "openhip"
| #define VERSION "0.8"
| #define STDC_HEADERS 1
| #define HAVE_SYS_TYPES_H 1
| #define HAVE_SYS_STAT_H 1
| #define HAVE_STDLIB_H 1
| #define HAVE_STRING_H 1
| #define HAVE_MEMORY_H 1
| #define HAVE_STRINGS_H 1
| #define HAVE_INTTYPES_H 1
| #define HAVE_STDINT_H 1
| #define HAVE_UNISTD_H 1
| #define __EXTENSIONS__ 1
| #define _ALL_SOURCE 1
| #define _GNU_SOURCE 1
| #define _POSIX_PTHREAD_SEMANTICS 1
| #define _TANDEM_SOURCE 1
| #define HAVE_LIBCRYPTO 1
| #define HAVE_LIBCRYPTO 1
| #define HAVE_LIBPTHREAD 1
| #define STDC_HEADERS 1
| #define HAVE_SYS_WAIT_H 1
| #define HAVE_ARPA_INET_H 1
| #define HAVE_FCNTL_H 1
| #define HAVE_NETDB_H 1
| #define HAVE_NETINET_IN_H 1
| #define HAVE_STDLIB_H 1
| #define HAVE_STRING_H 1
| #define HAVE_SYS_IOCTL_H 1
| #define HAVE_SYS_SOCKET_H 1
| #define HAVE_SYS_TIME_H 1
| #define HAVE_UNISTD_H 1
| #define TIME_WITH_SYS_TIME 1
| #define HAVE_VFORK 1
| #define HAVE_WORKING_VFORK 1
| #define HAVE_STDLIB_H 1
| #define HAVE_MALLOC 1
| #define HAVE_SYS_SELECT_H 1
| #define HAVE_SYS_SOCKET_H 1
| #define SELECT_TYPE_ARG1 int
| #define SELECT_TYPE_ARG234 (fd_set *)
| #define SELECT_TYPE_ARG5 (struct timeval *)
| #define RETSIGTYPE void
| #define HAVE_GETHOSTBYNAME 1
| #define HAVE_GETHOSTNAME 1
| #define HAVE_GETTIMEOFDAY 1
| #define HAVE_INET_NTOA 1
| /* end confdefs.h.  */
| /* Define memset to an innocuous variant, in case <limits.h> declares memset.
|    For example, HP-UX 11i <limits.h> declares gettimeofday.  */
| #define memset innocuous_memset
| 
| /* System header to define __stub macros and hopefully few prototypes,
|     which can conflict with char memset (); below.
|     Prefer <limits.h> to <assert.h> if __STDC__ is defined, since
|     <limits.h> exists even on freestanding compilers.  */
| 
| #ifdef __STDC__
| # include <limits.h>
| #else
| # include <assert.h>
| #endif
| 
| #undef memset
| 
| /* Override any GCC internal prototype to avoid an error.
|    Use char because int might match the return type of a GCC
|    builtin and then its argument prototype would still apply.  */
| #ifdef __cplusplus
| extern "C"
| #endif
| char memset ();
| /* The GNU C library defines this for functions which it implements
|     to always fail with ENOSYS.  Some functions are actually named
|     something starting with __ and the normal name is an alias.  */
| #if defined __stub_memset || defined __stub___memset
| choke me
| #endif
| 
| int
| main ()
| {
| return memset ();
|   ;
|   return 0;
| }
configure:6648: result: no
configure:6648: checking for pow
configure:6648: gcc -o conftest -g -O2 -O3 -Werror -D_GNU_SOURCE -fno-strict-aliasing   conftest.c -lpthread -lcrypto -lcrypto  -lm >&5
cc1: warnings being treated as errors
conftest.c:79: error: conflicting types for built-in function 'pow'
configure:6648: $? = 1
configure: failed program was:
| /* confdefs.h */
| #define PACKAGE_NAME "OpenHIP"
| #define PACKAGE_TARNAME "openhip"
| #define PACKAGE_VERSION "0.8"
| #define PACKAGE_STRING "OpenHIP 0.8"
| #define PACKAGE_BUGREPORT "openhip-developers@lists.sourceforge.net"
| #define PACKAGE_URL ""
| #define PACKAGE "openhip"
| #define VERSION "0.8"
| #define STDC_HEADERS 1
| #define HAVE_SYS_TYPES_H 1
| #define HAVE_SYS_STAT_H 1
| #define HAVE_STDLIB_H 1
| #define HAVE_STRING_H 1
| #define HAVE_MEMORY_H 1
| #define HAVE_STRINGS_H 1
| #define HAVE_INTTYPES_H 1
| #define HAVE_STDINT_H 1
| #define HAVE_UNISTD_H 1
| #define __EXTENSIONS__ 1
| #define _ALL_SOURCE 1
| #define _GNU_SOURCE 1
| #define _POSIX_PTHREAD_SEMANTICS 1
| #define _TANDEM_SOURCE 1
| #define HAVE_LIBCRYPTO 1
| #define HAVE_LIBCRYPTO 1
| #define HAVE_LIBPTHREAD 1
| #define STDC_HEADERS 1
| #define HAVE_SYS_WAIT_H 1
| #define HAVE_ARPA_INET_H 1
| #define HAVE_FCNTL_H 1
| #define HAVE_NETDB_H 1
| #define HAVE_NETINET_IN_H 1
| #define HAVE_STDLIB_H 1
| #define HAVE_STRING_H 1
| #define HAVE_SYS_IOCTL_H 1
| #define HAVE_SYS_SOCKET_H 1
| #define HAVE_SYS_TIME_H 1
| #define HAVE_UNISTD_H 1
| #define TIME_WITH_SYS_TIME 1
| #define HAVE_VFORK 1
| #define HAVE_WORKING_VFORK 1
| #define HAVE_STDLIB_H 1
| #define HAVE_MALLOC 1
| #define HAVE_SYS_SELECT_H 1
| #define HAVE_SYS_SOCKET_H 1
| #define SELECT_TYPE_ARG1 int
| #define SELECT_TYPE_ARG234 (fd_set *)
| #define SELECT_TYPE_ARG5 (struct timeval *)
| #define RETSIGTYPE void
| #define HAVE_GETHOSTBYNAME 1
| #define HAVE_GETHOSTNAME 1
| #define HAVE_GETTIMEOFDAY 1
| #define HAVE_INET_NTOA 1
| /* end confdefs.h.  */
| /* Define pow to an innocuous variant, in case <limits.h> declares pow.
|    For example, HP-UX 11i <limits.h> declares gettimeofday.  */
| #define pow innocuous_pow
| 
| /* System header to define __stub macros and hopefully few prototypes,
|     which can conflict with char pow (); below.
|     Prefer <limits.h> to <assert.h> if __STDC__ is defined, since
|     <limits.h> exists even on freestanding compilers.  */
| 
| #ifdef __STDC__
| # include <limits.h>
| #else
| # include <assert.h>
| #endif
| 
| #undef pow
| 
| /* Override any GCC internal prototype to avoid an error.
|    Use char because int might match the return type of a GCC
|    builtin and then its argument prototype would still apply.  */
| #ifdef __cplusplus
| extern "C"
| #endif
| char pow ();
| /* The GNU C library defines this for functions which it implements
|     to always fail with ENOSYS.  Some functions are actually named
|     something starting with __ and the normal name is an alias.  */
| #if defined __stub_pow || defined __stub___pow
| choke me
| #endif
| 
| int
| main ()
| {
| return pow ();
|   ;
|   return 0;
| }
configure:6648: result: no
configure:6648: checking for select
configure:6648: gcc -o conftest -g -O2 -O3 -Werror -D_GNU_SOURCE -fno-strict-aliasing   conftest.c -lpthread -lcrypto -lcrypto  -lm >&5
configure:6648: $? = 0
configure:6648: result: yes
configure:6648: checking for socket
configure:6648: gcc -o conftest -g -O2 -O3 -Werror -D_GNU_SOURCE -fno-strict-aliasing   conftest.c -lpthread -lcrypto -lcrypto  -lm >&5
configure:6648: $? = 0
configure:6648: result: yes
configure:6648: checking for strchr
configure:6648: gcc -o conftest -g -O2 -O3 -Werror -D_GNU_SOURCE -fno-strict-aliasing   conftest.c -lpthread -lcrypto -lcrypto  -lm >&5
cc1: warnings being treated as errors
conftest.c:81: error: conflicting types for built-in function 'strchr'
configure:6648: $? = 1
configure: failed program was:
| /* confdefs.h */
| #define PACKAGE_NAME "OpenHIP"
| #define PACKAGE_TARNAME "openhip"
| #define PACKAGE_VERSION "0.8"
| #define PACKAGE_STRING "OpenHIP 0.8"
| #define PACKAGE_BUGREPORT "openhip-developers@lists.sourceforge.net"
| #define PACKAGE_URL ""
| #define PACKAGE "openhip"
| #define VERSION "0.8"
| #define STDC_HEADERS 1
| #define HAVE_SYS_TYPES_H 1
| #define HAVE_SYS_STAT_H 1
| #define HAVE_STDLIB_H 1
| #define HAVE_STRING_H 1
| #define HAVE_MEMORY_H 1
| #define HAVE_STRINGS_H 1
| #define HAVE_INTTYPES_H 1
| #define HAVE_STDINT_H 1
| #define HAVE_UNISTD_H 1
| #define __EXTENSIONS__ 1
| #define _ALL_SOURCE 1
| #define _GNU_SOURCE 1
| #define _POSIX_PTHREAD_SEMANTICS 1
| #define _TANDEM_SOURCE 1
| #define HAVE_LIBCRYPTO 1
| #define HAVE_LIBCRYPTO 1
| #define HAVE_LIBPTHREAD 1
| #define STDC_HEADERS 1
| #define HAVE_SYS_WAIT_H 1
| #define HAVE_ARPA_INET_H 1
| #define HAVE_FCNTL_H 1
| #define HAVE_NETDB_H 1
| #define HAVE_NETINET_IN_H 1
| #define HAVE_STDLIB_H 1
| #define HAVE_STRING_H 1
| #define HAVE_SYS_IOCTL_H 1
| #define HAVE_SYS_SOCKET_H 1
| #define HAVE_SYS_TIME_H 1
| #define HAVE_UNISTD_H 1
| #define TIME_WITH_SYS_TIME 1
| #define HAVE_VFORK 1
| #define HAVE_WORKING_VFORK 1
| #define HAVE_STDLIB_H 1
| #define HAVE_MALLOC 1
| #define HAVE_SYS_SELECT_H 1
| #define HAVE_SYS_SOCKET_H 1
| #define SELECT_TYPE_ARG1 int
| #define SELECT_TYPE_ARG234 (fd_set *)
| #define SELECT_TYPE_ARG5 (struct timeval *)
| #define RETSIGTYPE void
| #define HAVE_GETHOSTBYNAME 1
| #define HAVE_GETHOSTNAME 1
| #define HAVE_GETTIMEOFDAY 1
| #define HAVE_INET_NTOA 1
| #define HAVE_SELECT 1
| #define HAVE_SOCKET 1
| /* end confdefs.h.  */
| /* Define strchr to an innocuous variant, in case <limits.h> declares strchr.
|    For example, HP-UX 11i <limits.h> declares gettimeofday.  */
| #define strchr innocuous_strchr
| 
| /* System header to define __stub macros and hopefully few prototypes,
|     which can conflict with char strchr (); below.
|     Prefer <limits.h> to <assert.h> if __STDC__ is defined, since
|     <limits.h> exists even on freestanding compilers.  */
| 
| #ifdef __STDC__
| # include <limits.h>
| #else
| # include <assert.h>
| #endif
| 
| #undef strchr
| 
| /* Override any GCC internal prototype to avoid an error.
|    Use char because int might match the return type of a GCC
|    builtin and then its argument prototype would still apply.  */
| #ifdef __cplusplus
| extern "C"
| #endif
| char strchr ();
| /* The GNU C library defines this for functions which it implements
|     to always fail with ENOSYS.  Some functions are actually named
|     something starting with __ and the normal name is an alias.  */
| #if defined __stub_strchr || defined __stub___strchr
| choke me
| #endif
| 
| int
| main ()
| {
| return strchr ();
|   ;
|   return 0;
| }
configure:6648: result: no
configure:6648: checking for strerror
configure:6648: gcc -o conftest -g -O2 -O3 -Werror -D_GNU_SOURCE -fno-strict-aliasing   conftest.c -lpthread -lcrypto -lcrypto  -lm >&5
configure:6648: $? = 0
configure:6648: result: yes
configure:6648: checking for strncasecmp
configure:6648: gcc -o conftest -g -O2 -O3 -Werror -D_GNU_SOURCE -fno-strict-aliasing   conftest.c -lpthread -lcrypto -lcrypto  -lm >&5
cc1: warnings being treated as errors
conftest.c:82: error: conflicting types for built-in function 'strncasecmp'
configure:6648: $? = 1
configure: failed program was:
| /* confdefs.h */
| #define PACKAGE_NAME "OpenHIP"
| #define PACKAGE_TARNAME "openhip"
| #define PACKAGE_VERSION "0.8"
| #define PACKAGE_STRING "OpenHIP 0.8"
| #define PACKAGE_BUGREPORT "openhip-developers@lists.sourceforge.net"
| #define PACKAGE_URL ""
| #define PACKAGE "openhip"
| #define VERSION "0.8"
| #define STDC_HEADERS 1
| #define HAVE_SYS_TYPES_H 1
| #define HAVE_SYS_STAT_H 1
| #define HAVE_STDLIB_H 1
| #define HAVE_STRING_H 1
| #define HAVE_MEMORY_H 1
| #define HAVE_STRINGS_H 1
| #define HAVE_INTTYPES_H 1
| #define HAVE_STDINT_H 1
| #define HAVE_UNISTD_H 1
| #define __EXTENSIONS__ 1
| #define _ALL_SOURCE 1
| #define _GNU_SOURCE 1
| #define _POSIX_PTHREAD_SEMANTICS 1
| #define _TANDEM_SOURCE 1
| #define HAVE_LIBCRYPTO 1
| #define HAVE_LIBCRYPTO 1
| #define HAVE_LIBPTHREAD 1
| #define STDC_HEADERS 1
| #define HAVE_SYS_WAIT_H 1
| #define HAVE_ARPA_INET_H 1
| #define HAVE_FCNTL_H 1
| #define HAVE_NETDB_H 1
| #define HAVE_NETINET_IN_H 1
| #define HAVE_STDLIB_H 1
| #define HAVE_STRING_H 1
| #define HAVE_SYS_IOCTL_H 1
| #define HAVE_SYS_SOCKET_H 1
| #define HAVE_SYS_TIME_H 1
| #define HAVE_UNISTD_H 1
| #define TIME_WITH_SYS_TIME 1
| #define HAVE_VFORK 1
| #define HAVE_WORKING_VFORK 1
| #define HAVE_STDLIB_H 1
| #define HAVE_MALLOC 1
| #define HAVE_SYS_SELECT_H 1
| #define HAVE_SYS_SOCKET_H 1
| #define SELECT_TYPE_ARG1 int
| #define SELECT_TYPE_ARG234 (fd_set *)
| #define SELECT_TYPE_ARG5 (struct timeval *)
| #define RETSIGTYPE void
| #define HAVE_GETHOSTBYNAME 1
| #define HAVE_GETHOSTNAME 1
| #define HAVE_GETTIMEOFDAY 1
| #define HAVE_INET_NTOA 1
| #define HAVE_SELECT 1
| #define HAVE_SOCKET 1
| #define HAVE_STRERROR 1
| /* end confdefs.h.  */
| /* Define strncasecmp to an innocuous variant, in case <limits.h> declares strncasecmp.
|    For example, HP-UX 11i <limits.h> declares gettimeofday.  */
| #define strncasecmp innocuous_strncasecmp
| 
| /* System header to define __stub macros and hopefully few prototypes,
|     which can conflict with char strncasecmp (); below.
|     Prefer <limits.h> to <assert.h> if __STDC__ is defined, since
|     <limits.h> exists even on freestanding compilers.  */
| 
| #ifdef __STDC__
| # include <limits.h>
| #else
| # include <assert.h>
| #endif
| 
| #undef strncasecmp
| 
| /* Override any GCC internal prototype to avoid an error.
|    Use char because int might match the return type of a GCC
|    builtin and then its argument prototype would still apply.  */
| #ifdef __cplusplus
| extern "C"
| #endif
| char strncasecmp ();
| /* The GNU C library defines this for functions which it implements
|     to always fail with ENOSYS.  Some functions are actually named
|     something starting with __ and the normal name is an alias.  */
| #if defined __stub_strncasecmp || defined __stub___strncasecmp
| choke me
| #endif
| 
| int
| main ()
| {
| return strncasecmp ();
|   ;
|   return 0;
| }
configure:6648: result: no
configure:6648: checking for strrchr
configure:6648: gcc -o conftest -g -O2 -O3 -Werror -D_GNU_SOURCE -fno-strict-aliasing   conftest.c -lpthread -lcrypto -lcrypto  -lm >&5
cc1: warnings being treated as errors
conftest.c:82: error: conflicting types for built-in function 'strrchr'
configure:6648: $? = 1
configure: failed program was:
| /* confdefs.h */
| #define PACKAGE_NAME "OpenHIP"
| #define PACKAGE_TARNAME "openhip"
| #define PACKAGE_VERSION "0.8"
| #define PACKAGE_STRING "OpenHIP 0.8"
| #define PACKAGE_BUGREPORT "openhip-developers@lists.sourceforge.net"
| #define PACKAGE_URL ""
| #define PACKAGE "openhip"
| #define VERSION "0.8"
| #define STDC_HEADERS 1
| #define HAVE_SYS_TYPES_H 1
| #define HAVE_SYS_STAT_H 1
| #define HAVE_STDLIB_H 1
| #define HAVE_STRING_H 1
| #define HAVE_MEMORY_H 1
| #define HAVE_STRINGS_H 1
| #define HAVE_INTTYPES_H 1
| #define HAVE_STDINT_H 1
| #define HAVE_UNISTD_H 1
| #define __EXTENSIONS__ 1
| #define _ALL_SOURCE 1
| #define _GNU_SOURCE 1
| #define _POSIX_PTHREAD_SEMANTICS 1
| #define _TANDEM_SOURCE 1
| #define HAVE_LIBCRYPTO 1
| #define HAVE_LIBCRYPTO 1
| #define HAVE_LIBPTHREAD 1
| #define STDC_HEADERS 1
| #define HAVE_SYS_WAIT_H 1
| #define HAVE_ARPA_INET_H 1
| #define HAVE_FCNTL_H 1
| #define HAVE_NETDB_H 1
| #define HAVE_NETINET_IN_H 1
| #define HAVE_STDLIB_H 1
| #define HAVE_STRING_H 1
| #define HAVE_SYS_IOCTL_H 1
| #define HAVE_SYS_SOCKET_H 1
| #define HAVE_SYS_TIME_H 1
| #define HAVE_UNISTD_H 1
| #define TIME_WITH_SYS_TIME 1
| #define HAVE_VFORK 1
| #define HAVE_WORKING_VFORK 1
| #define HAVE_STDLIB_H 1
| #define HAVE_MALLOC 1
| #define HAVE_SYS_SELECT_H 1
| #define HAVE_SYS_SOCKET_H 1
| #define SELECT_TYPE_ARG1 int
| #define SELECT_TYPE_ARG234 (fd_set *)
| #define SELECT_TYPE_ARG5 (struct timeval *)
| #define RETSIGTYPE void
| #define HAVE_GETHOSTBYNAME 1
| #define HAVE_GETHOSTNAME 1
| #define HAVE_GETTIMEOFDAY 1
| #define HAVE_INET_NTOA 1
| #define HAVE_SELECT 1
| #define HAVE_SOCKET 1
| #define HAVE_STRERROR 1
| /* end confdefs.h.  */
| /* Define strrchr to an innocuous variant, in case <limits.h> declares strrchr.
|    For example, HP-UX 11i <limits.h> declares gettimeofday.  */
| #define strrchr innocuous_strrchr
| 
| /* System header to define __stub macros and hopefully few prototypes,
|     which can conflict with char strrchr (); below.
|     Prefer <limits.h> to <assert.h> if __STDC__ is defined, since
|     <limits.h> exists even on freestanding compilers.  */
| 
| #ifdef __STDC__
| # include <limits.h>
| #else
| # include <assert.h>
| #endif
| 
| #undef strrchr
| 
| /* Override any GCC internal prototype to avoid an error.
|    Use char because int might match the return type of a GCC
|    builtin and then its argument prototype would still apply.  */
| #ifdef __cplusplus
| extern "C"
| #endif
| char strrchr ();
| /* The GNU C library defines this for functions which it implements
|     to always fail with ENOSYS.  Some functions are actually named
|     something starting with __ and the normal name is an alias.  */
| #if defined __stub_strrchr || defined __stub___strrchr
| choke me
| #endif
| 
| int
| main ()
| {
| return strrchr ();
|   ;
|   return 0;
| }
configure:6648: result: no
configure:6648: checking for strstr
configure:6648: gcc -o conftest -g -O2 -O3 -Werror -D_GNU_SOURCE -fno-strict-aliasing   conftest.c -lpthread -lcrypto -lcrypto  -lm >&5
cc1: warnings being treated as errors
conftest.c:82: error: conflicting types for built-in function 'strstr'
configure:6648: $? = 1
configure: failed program was:
| /* confdefs.h */
| #define PACKAGE_NAME "OpenHIP"
| #define PACKAGE_TARNAME "openhip"
| #define PACKAGE_VERSION "0.8"
| #define PACKAGE_STRING "OpenHIP 0.8"
| #define PACKAGE_BUGREPORT "openhip-developers@lists.sourceforge.net"
| #define PACKAGE_URL ""
| #define PACKAGE "openhip"
| #define VERSION "0.8"
| #define STDC_HEADERS 1
| #define HAVE_SYS_TYPES_H 1
| #define HAVE_SYS_STAT_H 1
| #define HAVE_STDLIB_H 1
| #define HAVE_STRING_H 1
| #define HAVE_MEMORY_H 1
| #define HAVE_STRINGS_H 1
| #define HAVE_INTTYPES_H 1
| #define HAVE_STDINT_H 1
| #define HAVE_UNISTD_H 1
| #define __EXTENSIONS__ 1
| #define _ALL_SOURCE 1
| #define _GNU_SOURCE 1
| #define _POSIX_PTHREAD_SEMANTICS 1
| #define _TANDEM_SOURCE 1
| #define HAVE_LIBCRYPTO 1
| #define HAVE_LIBCRYPTO 1
| #define HAVE_LIBPTHREAD 1
| #define STDC_HEADERS 1
| #define HAVE_SYS_WAIT_H 1
| #define HAVE_ARPA_INET_H 1
| #define HAVE_FCNTL_H 1
| #define HAVE_NETDB_H 1
| #define HAVE_NETINET_IN_H 1
| #define HAVE_STDLIB_H 1
| #define HAVE_STRING_H 1
| #define HAVE_SYS_IOCTL_H 1
| #define HAVE_SYS_SOCKET_H 1
| #define HAVE_SYS_TIME_H 1
| #define HAVE_UNISTD_H 1
| #define TIME_WITH_SYS_TIME 1
| #define HAVE_VFORK 1
| #define HAVE_WORKING_VFORK 1
| #define HAVE_STDLIB_H 1
| #define HAVE_MALLOC 1
| #define HAVE_SYS_SELECT_H 1
| #define HAVE_SYS_SOCKET_H 1
| #define SELECT_TYPE_ARG1 int
| #define SELECT_TYPE_ARG234 (fd_set *)
| #define SELECT_TYPE_ARG5 (struct timeval *)
| #define RETSIGTYPE void
| #define HAVE_GETHOSTBYNAME 1
| #define HAVE_GETHOSTNAME 1
| #define HAVE_GETTIMEOFDAY 1
| #define HAVE_INET_NTOA 1
| #define HAVE_SELECT 1
| #define HAVE_SOCKET 1
| #define HAVE_STRERROR 1
| /* end confdefs.h.  */
| /* Define strstr to an innocuous variant, in case <limits.h> declares strstr.
|    For example, HP-UX 11i <limits.h> declares gettimeofday.  */
| #define strstr innocuous_strstr
| 
| /* System header to define __stub macros and hopefully few prototypes,
|     which can conflict with char strstr (); below.
|     Prefer <limits.h> to <assert.h> if __STDC__ is defined, since
|     <limits.h> exists even on freestanding compilers.  */
| 
| #ifdef __STDC__
| # include <limits.h>
| #else
| # include <assert.h>
| #endif
| 
| #undef strstr
| 
| /* Override any GCC internal prototype to avoid an error.
|    Use char because int might match the return type of a GCC
|    builtin and then its argument prototype would still apply.  */
| #ifdef __cplusplus
| extern "C"
| #endif
| char strstr ();
| /* The GNU C library defines this for functions which it implements
|     to always fail with ENOSYS.  Some functions are actually named
|     something starting with __ and the normal name is an alias.  */
| #if defined __stub_strstr || defined __stub___strstr
| choke me
| #endif
| 
| int
| main ()
| {
| return strstr ();
|   ;
|   return 0;
| }
configure:6648: result: no
configure:6648: checking for uname
configure:6648: gcc -o conftest -g -O2 -O3 -Werror -D_GNU_SOURCE -fno-strict-aliasing   conftest.c -lpthread -lcrypto -lcrypto  -lm >&5
configure:6648: $? = 0
configure:6648: result: yes
configure:6661: checking if --enable-kernel-support option is specified
configure:6670: result: no
configure:6675: checking if --enable-vpls option is specified
configure:6684: result: no
configure:6689: checking if --enable-mobile-router option is specified
configure:6698: result: no
configure:6714: checking build system type
configure:6728: result: i686-pc-linux-gnu
configure:6748: checking host system type
configure:6761: result: i686-pc-linux-gnu
configure:6783: checking for Linux kernel headers
configure:6796: checking /lib/modules/2.6.34.7/build/include/linux/pfkeyv2.h usability
configure:6796: gcc -c -g -O2 -O3 -Werror -D_GNU_SOURCE -fno-strict-aliasing -Wall -DCONFIG_HIP -DSYSCONFDIR="\"$(sysconfdir)\"" -DLOCALSTATEDIR="\"$(localstatedir)\""    conftest.c >&5
configure:6796: $? = 0
configure:6796: result: yes
configure:6796: checking /lib/modules/2.6.34.7/build/include/linux/pfkeyv2.h presence
configure:6796: gcc -E  conftest.c
configure:6796: $? = 0
configure:6796: result: yes
configure:6796: checking for /lib/modules/2.6.34.7/build/include/linux/pfkeyv2.h
configure:6796: result: yes
configure:6828: gcc -c -g -O2 -O3 -Werror -D_GNU_SOURCE -fno-strict-aliasing -Wall -DCONFIG_HIP -DSYSCONFDIR="\"$(sysconfdir)\"" -DLOCALSTATEDIR="\"$(localstatedir)\""    conftest.c >&5
conftest.c: In function 'main':
conftest.c:64: error: 'SADB_HIP_ACQUIRE' undeclared (first use in this function)
conftest.c:64: error: (Each undeclared identifier is reported only once
conftest.c:64: error: for each function it appears in.)
conftest.c:64: error: 'SADB_HIP_ADD' undeclared (first use in this function)
configure:6828: $? = 1
configure: failed program was:
| /* confdefs.h */
| #define PACKAGE_NAME "OpenHIP"
| #define PACKAGE_TARNAME "openhip"
| #define PACKAGE_VERSION "0.8"
| #define PACKAGE_STRING "OpenHIP 0.8"
| #define PACKAGE_BUGREPORT "openhip-developers@lists.sourceforge.net"
| #define PACKAGE_URL ""
| #define PACKAGE "openhip"
| #define VERSION "0.8"
| #define STDC_HEADERS 1
| #define HAVE_SYS_TYPES_H 1
| #define HAVE_SYS_STAT_H 1
| #define HAVE_STDLIB_H 1
| #define HAVE_STRING_H 1
| #define HAVE_MEMORY_H 1
| #define HAVE_STRINGS_H 1
| #define HAVE_INTTYPES_H 1
| #define HAVE_STDINT_H 1
| #define HAVE_UNISTD_H 1
| #define __EXTENSIONS__ 1
| #define _ALL_SOURCE 1
| #define _GNU_SOURCE 1
| #define _POSIX_PTHREAD_SEMANTICS 1
| #define _TANDEM_SOURCE 1
| #define HAVE_LIBCRYPTO 1
| #define HAVE_LIBCRYPTO 1
| #define HAVE_LIBPTHREAD 1
| #define STDC_HEADERS 1
| #define HAVE_SYS_WAIT_H 1
| #define HAVE_ARPA_INET_H 1
| #define HAVE_FCNTL_H 1
| #define HAVE_NETDB_H 1
| #define HAVE_NETINET_IN_H 1
| #define HAVE_STDLIB_H 1
| #define HAVE_STRING_H 1
| #define HAVE_SYS_IOCTL_H 1
| #define HAVE_SYS_SOCKET_H 1
| #define HAVE_SYS_TIME_H 1
| #define HAVE_UNISTD_H 1
| #define TIME_WITH_SYS_TIME 1
| #define HAVE_VFORK 1
| #define HAVE_WORKING_VFORK 1
| #define HAVE_STDLIB_H 1
| #define HAVE_MALLOC 1
| #define HAVE_SYS_SELECT_H 1
| #define HAVE_SYS_SOCKET_H 1
| #define SELECT_TYPE_ARG1 int
| #define SELECT_TYPE_ARG234 (fd_set *)
| #define SELECT_TYPE_ARG5 (struct timeval *)
| #define RETSIGTYPE void
| #define HAVE_GETHOSTBYNAME 1
| #define HAVE_GETHOSTNAME 1
| #define HAVE_GETTIMEOFDAY 1
| #define HAVE_INET_NTOA 1
| #define HAVE_SELECT 1
| #define HAVE_SOCKET 1
| #define HAVE_STRERROR 1
| #define HAVE_UNAME 1
| /* end confdefs.h.  */
| #include "/lib/modules/2.6.34.7/build/include/linux/pfkeyv2.h"
| int
| main ()
| {
| if (SADB_HIP_ACQUIRE < SADB_HIP_ADD) return 0; else return 99;
|   ;
|   return 0;
| }
configure:6833: result: HIP patch missing from pfkeyv2.h.
configure:6839: checking if kernel has HIP patch
configure:6841: result: no
configure:7237: checking for pkg-config
configure:7255: found /usr/bin/pkg-config
configure:7267: result: /usr/bin/pkg-config
configure:7292: checking pkg-config is at least version 0.9.0
configure:7295: result: yes
configure:7306: checking for libxml2
configure:7314: $PKG_CONFIG --exists --print-errors "libxml-2.0"
configure:7317: $? = 0
configure:7332: $PKG_CONFIG --exists --print-errors "libxml-2.0"
configure:7335: $? = 0
configure:7390: result: yes
configure:7551: creating ./config.status
configure:8875:  
configure:8877: === Finished configuring OpenHIP 0.8: ===
configure:8879:  
configure:8881:     - building HIP user mode binary 'hip'
configure:8883:  
configure:8885:     - building 'hitgen' utility
configure:8887:  
configure:8894:     - NOT building HIP daemon 'hipd' for kernel mode
configure:8897:  
configure:8906:     - NOT building virtual private LAN service extensions
configure:8909:  
configure:8916:     - NOT building mobile router server extensions
configure:8919:  

## ---------------- ##
## Cache variables. ##
## ---------------- ##

ac_cv_build=i686-pc-linux-gnu
ac_cv_c_compiler_gnu=yes
ac_cv_c_const=yes
ac_cv_c_inline=inline
ac_cv_cxx_compiler_gnu=yes
ac_cv_env_CCC_set=
ac_cv_env_CCC_value=
ac_cv_env_CC_set=
ac_cv_env_CC_value=
ac_cv_env_CFLAGS_set=
ac_cv_env_CFLAGS_value=
ac_cv_env_CPPFLAGS_set=
ac_cv_env_CPPFLAGS_value=
ac_cv_env_CPP_set=
ac_cv_env_CPP_value=
ac_cv_env_CXXFLAGS_set=
ac_cv_env_CXXFLAGS_value=
ac_cv_env_CXX_set=
ac_cv_env_CXX_value=
ac_cv_env_LDFLAGS_set=
ac_cv_env_LDFLAGS_value=
ac_cv_env_LIBS_set=
ac_cv_env_LIBS_value=
ac_cv_env_PKG_CONFIG_set=
ac_cv_env_PKG_CONFIG_value=
ac_cv_env_build_alias_set=
ac_cv_env_build_alias_value=
ac_cv_env_host_alias_set=
ac_cv_env_host_alias_value=
ac_cv_env_libxml2_CFLAGS_set=
ac_cv_env_libxml2_CFLAGS_value=
ac_cv_env_libxml2_LIBS_set=
ac_cv_env_libxml2_LIBS_value=
ac_cv_env_target_alias_set=
ac_cv_env_target_alias_value=
ac_cv_func_bzero=no
ac_cv_func_fork=no
ac_cv_func_fork_works=no
ac_cv_func_gethostbyname=yes
ac_cv_func_gethostname=yes
ac_cv_func_gettimeofday=yes
ac_cv_func_inet_ntoa=yes
ac_cv_func_malloc_0_nonnull=yes
ac_cv_func_memcmp_working=yes
ac_cv_func_memmove=no
ac_cv_func_memset=no
ac_cv_func_pow=no
ac_cv_func_select=yes
ac_cv_func_select_args='int,fd_set *,struct timeval *'
ac_cv_func_socket=yes
ac_cv_func_strchr=no
ac_cv_func_strerror=yes
ac_cv_func_strncasecmp=no
ac_cv_func_strrchr=no
ac_cv_func_strstr=no
ac_cv_func_uname=yes
ac_cv_func_vfork=yes
ac_cv_func_vfork_works=yes
ac_cv_func_vprintf=no
ac_cv_header__lib_modules_2_6_34_7_build_include_linux_pfkeyv2_h=yes
ac_cv_header_arpa_inet_h=yes
ac_cv_header_fcntl_h=yes
ac_cv_header_inttypes_h=yes
ac_cv_header_memory_h=yes
ac_cv_header_minix_config_h=no
ac_cv_header_netdb_h=yes
ac_cv_header_netinet_in_h=yes
ac_cv_header_stdc=yes
ac_cv_header_stdint_h=yes
ac_cv_header_stdlib_h=yes
ac_cv_header_string_h=yes
ac_cv_header_strings_h=yes
ac_cv_header_sys_ioctl_h=yes
ac_cv_header_sys_select_h=yes
ac_cv_header_sys_socket_h=yes
ac_cv_header_sys_stat_h=yes
ac_cv_header_sys_time_h=yes
ac_cv_header_sys_types_h=yes
ac_cv_header_sys_wait_h=yes
ac_cv_header_time=yes
ac_cv_header_unistd_h=yes
ac_cv_header_vfork_h=no
ac_cv_host=i686-pc-linux-gnu
ac_cv_lib_crypto_AES_cbc_encrypt=yes
ac_cv_lib_crypto_RSA_verify=yes
ac_cv_lib_ipsec_pfkey_send_hip_x1=no
ac_cv_lib_pthread_pthread_create=yes
ac_cv_objext=o
ac_cv_path_EGREP='/bin/grep -E'
ac_cv_path_GREP=/bin/grep
ac_cv_path_ac_pt_PKG_CONFIG=/usr/bin/pkg-config
ac_cv_path_install='/usr/bin/install -c'
ac_cv_path_mkdir=/bin/mkdir
ac_cv_prog_AWK=gawk
ac_cv_prog_CPP='gcc -E'
ac_cv_prog_ac_ct_CC=gcc
ac_cv_prog_ac_ct_CXX=g++
ac_cv_prog_cc_c89=
ac_cv_prog_cc_g=yes
ac_cv_prog_cc_gcc_c_o=yes
ac_cv_prog_cxx_g=yes
ac_cv_prog_gcc_traditional=no
ac_cv_prog_make_make_set=yes
ac_cv_safe_to_define___extensions__=yes
ac_cv_type_pid_t=yes
ac_cv_type_signal=void
ac_cv_type_size_t=yes
am_cv_CC_dependencies_compiler_type=gcc3
am_cv_CXX_dependencies_compiler_type=gcc3
pkg_cv_libxml2_CFLAGS='-I/usr/include/libxml2  '
pkg_cv_libxml2_LIBS='-lxml2  '

## ----------------- ##
## Output variables. ##
## ----------------- ##

ACLOCAL='${SHELL} /home/mika/manhattan/protocols/openhip/config/missing --run aclocal-1.11'
AMDEPBACKSLASH='\'
AMDEP_FALSE='#'
AMDEP_TRUE=''
AMTAR='${SHELL} /home/mika/manhattan/protocols/openhip/config/missing --run tar'
AUTOCONF='${SHELL} /home/mika/manhattan/protocols/openhip/config/missing --run autoconf'
AUTOHEADER='${SHELL} /home/mika/manhattan/protocols/openhip/config/missing --run autoheader'
AUTOMAKE='${SHELL} /home/mika/manhattan/protocols/openhip/config/missing --run automake-1.11'
AWK='gawk'
CC='gcc'
CCDEPMODE='depmode=gcc3'
CFLAGS='-g -O2 -O3 -Werror -D_GNU_SOURCE -fno-strict-aliasing -Wall -DCONFIG_HIP -DSYSCONFDIR="\"$(sysconfdir)\"" -DLOCALSTATEDIR="\"$(localstatedir)\""  '
CONFIGURE_AMGFLAGS=''
CPP='gcc -E'
CPPFLAGS=''
CXX='g++'
CXXDEPMODE='depmode=gcc3'
CXXFLAGS='-g -O2'
CYGPATH_W='echo'
DEFS='-DHAVE_CONFIG_H'
DEPDIR='.deps'
ECHO_C=''
ECHO_N='-n'
ECHO_T=''
EGREP='/bin/grep -E'
EXEEXT=''
GREP='/bin/grep'
INSTALL_DATA='${INSTALL} -m 644'
INSTALL_PROGRAM='${INSTALL}'
INSTALL_SCRIPT='${INSTALL}'
INSTALL_STRIP_PROGRAM='$(install_sh) -c -s'
LDFLAGS=''
LIBOBJS=''
LIBS='-lpthread -lcrypto -lcrypto  -lm'
LTLIBOBJS=''
MAKEINFO='${SHELL} /home/mika/manhattan/protocols/openhip/config/missing --run makeinfo'
MKDIR_P='/bin/mkdir -p'
OBJEXT='o'
PACKAGE='openhip'
PACKAGE_BUGREPORT='openhip-developers@lists.sourceforge.net'
PACKAGE_NAME='OpenHIP'
PACKAGE_STRING='OpenHIP 0.8'
PACKAGE_TARNAME='openhip'
PACKAGE_URL=''
PACKAGE_VERSION='0.8'
PATH_SEPARATOR=':'
PKG_CONFIG='/usr/bin/pkg-config'
SET_MAKE=''
SHELL='/bin/bash'
STRIP=''
VERSION='0.8'
WANT_KERNEL_FALSE=''
WANT_KERNEL_TRUE='#'
WANT_MOBILE_ROUTER_FALSE=''
WANT_MOBILE_ROUTER_TRUE='#'
WANT_OSX_FALSE=''
WANT_OSX_TRUE='#'
WANT_VPLS_FALSE=''
WANT_VPLS_FILES_CFG_FALSE=''
WANT_VPLS_FILES_CFG_TRUE='#'
WANT_VPLS_IFMAP_CFG_FALSE=''
WANT_VPLS_IFMAP_CFG_TRUE='#'
WANT_VPLS_LDAP_CFG_FALSE=''
WANT_VPLS_LDAP_CFG_TRUE='#'
WANT_VPLS_TRUE='#'
ac_ct_CC='gcc'
ac_ct_CXX='g++'
am__EXEEXT_FALSE=''
am__EXEEXT_TRUE='#'
am__fastdepCC_FALSE='#'
am__fastdepCC_TRUE=''
am__fastdepCXX_FALSE='#'
am__fastdepCXX_TRUE=''
am__include='include'
am__isrc=''
am__leading_dot='.'
am__quote=''
am__tar='${AMTAR} chof - "$$tardir"'
am__untar='${AMTAR} xf -'
bindir='${exec_prefix}/bin'
build='i686-pc-linux-gnu'
build_alias=''
build_cpu='i686'
build_os='linux-gnu'
build_vendor='pc'
datadir='${datarootdir}'
datarootdir='${prefix}/share'
docdir='${datarootdir}/doc/${PACKAGE_TARNAME}'
dvidir='${docdir}'
exec_prefix='${prefix}'
host='i686-pc-linux-gnu'
host_alias=''
host_cpu='i686'
host_os='linux-gnu'
host_vendor='pc'
htmldir='${docdir}'
includedir='${prefix}/include'
infodir='${datarootdir}/info'
install_sh='${SHELL} /home/mika/manhattan/protocols/openhip/config/install-sh'
libdir='${exec_prefix}/lib'
libexecdir='${exec_prefix}/libexec'
libxml2_CFLAGS='-I/usr/include/libxml2  '
libxml2_LIBS='-lxml2  '
localedir='${datarootdir}/locale'
localstatedir='/var'
mandir='${datarootdir}/man'
mkdir_p='/bin/mkdir -p'
oldincludedir='/usr/include'
pdfdir='${docdir}'
prefix='/usr/local'
program_transform_name='s,x,x,'
psdir='${docdir}'
sbindir='${exec_prefix}/sbin'
sharedstatedir='${prefix}/com'
sysconfdir='${prefix}/etc/hip'
target_alias=''

## ----------- ##
## confdefs.h. ##
## ----------- ##

/* confdefs.h */
#define PACKAGE_NAME "OpenHIP"
#define PACKAGE_TARNAME "openhip"
#define PACKAGE_VERSION "0.8"
#define PACKAGE_STRING "OpenHIP 0.8"
#define PACKAGE_BUGREPORT "openhip-developers@lists.sourceforge.net"
#define PACKAGE_URL ""
#define PACKAGE "openhip"
#define VERSION "0.8"
#define STDC_HEADERS 1
#define HAVE_SYS_TYPES_H 1
#define HAVE_SYS_STAT_H 1
#define HAVE_STDLIB_H 1
#define HAVE_STRING_H 1
#define HAVE_MEMORY_H 1
#define HAVE_STRINGS_H 1
#define HAVE_INTTYPES_H 1
#define HAVE_STDINT_H 1
#define HAVE_UNISTD_H 1
#define __EXTENSIONS__ 1
#define _ALL_SOURCE 1
#define _GNU_SOURCE 1
#define _POSIX_PTHREAD_SEMANTICS 1
#define _TANDEM_SOURCE 1
#define HAVE_LIBCRYPTO 1
#define HAVE_LIBCRYPTO 1
#define HAVE_LIBPTHREAD 1
#define STDC_HEADERS 1
#define HAVE_SYS_WAIT_H 1
#define HAVE_ARPA_INET_H 1
#define HAVE_FCNTL_H 1
#define HAVE_NETDB_H 1
#define HAVE_NETINET_IN_H 1
#define HAVE_STDLIB_H 1
#define HAVE_STRING_H 1
#define HAVE_SYS_IOCTL_H 1
#define HAVE_SYS_SOCKET_H 1
#define HAVE_SYS_TIME_H 1
#define HAVE_UNISTD_H 1
#define TIME_WITH_SYS_TIME 1
#define HAVE_VFORK 1
#define HAVE_WORKING_VFORK 1
#define HAVE_STDLIB_H 1
#define HAVE_MALLOC 1
#define HAVE_SYS_SELECT_H 1
#define HAVE_SYS_SOCKET_H 1
#define SELECT_TYPE_ARG1 int
#define SELECT_TYPE_ARG234 (fd_set *)
#define SELECT_TYPE_ARG5 (struct timeval *)
#define RETSIGTYPE void
#define HAVE_GETHOSTBYNAME 1
#define HAVE_GETHOSTNAME 1
#define HAVE_GETTIMEOFDAY 1
#define HAVE_INET_NTOA 1
#define HAVE_SELECT 1
#define HAVE_SOCKET 1
#define HAVE_STRERROR 1
#define HAVE_UNAME 1

configure: exit 0

## ---------------------- ##
## Running config.status. ##
## ---------------------- ##

This file was extended by OpenHIP config.status 0.8, which was
generated by GNU Autoconf 2.65.  Invocation command line was

  CONFIG_FILES    = 
  CONFIG_HEADERS  = 
  CONFIG_LINKS    = 
  CONFIG_COMMANDS = 
  $ ./config.status 

on mika-laptop

config.status:929: creating src/include/hip/hip_version.h
config.status:929: creating src/linux/openhip.spec
config.status:929: creating src/linux/deb/control
config.status:929: creating src/win32/install-win32/openhip.nsi
config.status:929: creating docs/Doxyfile
config.status:929: creating Makefile
config.status:929: creating src/Makefile
config.status:929: creating src/util/Makefile
config.status:929: creating docs/Makefile
config.status:929: creating config.h
config.status:1101: config.h is unchanged
config.status:1149: executing depfiles commands

## ---------------------- ##
## Running config.status. ##
## ---------------------- ##

This file was extended by OpenHIP config.status 0.8, which was
generated by GNU Autoconf 2.65.  Invocation command line was

  CONFIG_FILES    = 
  CONFIG_HEADERS  = 
  CONFIG_LINKS    = 
  CONFIG_COMMANDS = 
  $ ./config.status config.h

on mika-laptop

config.status:929: creating config.h
config.status:1101: config.h is unchanged
