This file contains any messages produced by compilers while
running configure, to aid debugging if configure makes a mistake.

It was created by OpenHIP configure 0.9, which was
generated by GNU Autoconf 2.68.  Invocation command line was

  $ ./configure 

## --------- ##
## Platform. ##
## --------- ##

hostname = mika-laptop
uname -m = i686
uname -r = 2.6.34.7
uname -s = Linux
uname -v = #3 SMP Thu Mar 1 02:17:37 EST 2012

/usr/bin/uname -p = unknown
/bin/uname -X     = unknown

/bin/arch              = unknown
/usr/bin/arch -k       = unknown
/usr/convex/getsysinfo = unknown
/usr/bin/hostinfo      = unknown
/bin/machine           = unknown
/usr/bin/oslevel       = unknown
/bin/universe          = unknown

PATH: /usr/local/sbin
PATH: /usr/local/bin
PATH: /usr/sbin
PATH: /usr/bin
PATH: /sbin
PATH: /bin
PATH: /usr/games


## ----------- ##
## Core tests. ##
## ----------- ##

configure:2296: checking for a BSD-compatible install
configure:2364: result: /usr/bin/install -c
configure:2375: checking whether build environment is sane
configure:2425: result: yes
configure:2566: checking for a thread-safe mkdir -p
configure:2605: result: /bin/mkdir -p
configure:2618: checking for gawk
configure:2634: found /usr/bin/gawk
configure:2645: result: gawk
configure:2656: checking whether make sets $(MAKE)
configure:2678: result: yes
configure:2774: checking for style of include used by make
configure:2802: result: GNU
configure:2872: checking for gcc
configure:2888: found /usr/bin/gcc
configure:2899: result: gcc
configure:3128: checking for C compiler version
configure:3137: gcc --version >&5
gcc (Ubuntu 4.4.3-4ubuntu5.1) 4.4.3
Copyright (C) 2009 Free Software Foundation, Inc.
This is free software; see the source for copying conditions.  There is NO
warranty; not even for MERCHANTABILITY or FITNESS FOR A PARTICULAR PURPOSE.

configure:3148: $? = 0
configure:3137: gcc -v >&5
Using built-in specs.
Target: i486-linux-gnu
Configured with: ../src/configure -v --with-pkgversion='Ubuntu 4.4.3-4ubuntu5.1' --with-bugurl=file:///usr/share/doc/gcc-4.4/README.Bugs --enable-languages=c,c++,fortran,objc,obj-c++ --prefix=/usr --enable-shared --enable-multiarch --enable-linker-build-id --with-system-zlib --libexecdir=/usr/lib --without-included-gettext --enable-threads=posix --with-gxx-include-dir=/usr/include/c++/4.4 --program-suffix=-4.4 --enable-nls --enable-clocale=gnu --enable-libstdcxx-debug --enable-plugin --enable-objc-gc --enable-targets=all --disable-werror --with-arch-32=i486 --with-tune=generic --enable-checking=release --build=i486-linux-gnu --host=i486-linux-gnu --target=i486-linux-gnu
Thread model: posix
gcc version 4.4.3 (Ubuntu 4.4.3-4ubuntu5.1) 
configure:3148: $? = 0
configure:3137: gcc -V >&5
gcc: '-V' option must have argument
configure:3148: $? = 1
configure:3137: gcc -qversion >&5
gcc: unrecognized option '-qversion'
gcc: no input files
configure:3148: $? = 1
configure:3168: checking whether the C compiler works
configure:3190: gcc    conftest.c  >&5
configure:3194: $? = 0
configure:3242: result: yes
configure:3245: checking for C compiler default output file name
configure:3247: result: a.out
configure:3253: checking for suffix of executables
configure:3260: gcc -o conftest    conftest.c  >&5
configure:3264: $? = 0
configure:3286: result: 
configure:3308: checking whether we are cross compiling
configure:3316: gcc -o conftest    conftest.c  >&5
configure:3320: $? = 0
configure:3327: ./conftest
configure:3331: $? = 0
configure:3346: result: no
configure:3351: checking for suffix of object files
configure:3373: gcc -c   conftest.c >&5
configure:3377: $? = 0
configure:3398: result: o
configure:3402: checking whether we are using the GNU C compiler
configure:3421: gcc -c   conftest.c >&5
configure:3421: $? = 0
configure:3430: result: yes
configure:3439: checking whether gcc accepts -g
configure:3459: gcc -c -g  conftest.c >&5
configure:3459: $? = 0
configure:3500: result: yes
configure:3517: checking for gcc option to accept ISO C89
configure:3581: gcc  -c -g -O2  conftest.c >&5
configure:3581: $? = 0
configure:3594: result: none needed
configure:3616: checking dependency style of gcc
configure:3726: result: gcc3
configure:3747: checking how to run the C preprocessor
configure:3778: gcc -E  conftest.c
configure:3778: $? = 0
configure:3792: gcc -E  conftest.c
conftest.c:11:28: error: ac_nonexistent.h: No such file or directory
configure:3792: $? = 1
configure: failed program was:
| /* confdefs.h */
| #define PACKAGE_NAME "OpenHIP"
| #define PACKAGE_TARNAME "openhip"
| #define PACKAGE_VERSION "0.9"
| #define PACKAGE_STRING "OpenHIP 0.9"
| #define PACKAGE_BUGREPORT "openhip-developers@lists.sourceforge.net"
| #define PACKAGE_URL ""
| #define PACKAGE "openhip"
| #define VERSION "0.9"
| /* end confdefs.h.  */
| #include <ac_nonexistent.h>
configure:3817: result: gcc -E
configure:3837: gcc -E  conftest.c
configure:3837: $? = 0
configure:3851: gcc -E  conftest.c
conftest.c:11:28: error: ac_nonexistent.h: No such file or directory
configure:3851: $? = 1
configure: failed program was:
| /* confdefs.h */
| #define PACKAGE_NAME "OpenHIP"
| #define PACKAGE_TARNAME "openhip"
| #define PACKAGE_VERSION "0.9"
| #define PACKAGE_STRING "OpenHIP 0.9"
| #define PACKAGE_BUGREPORT "openhip-developers@lists.sourceforge.net"
| #define PACKAGE_URL ""
| #define PACKAGE "openhip"
| #define VERSION "0.9"
| /* end confdefs.h.  */
| #include <ac_nonexistent.h>
configure:3880: checking for grep that handles long lines and -e
configure:3938: result: /bin/grep
configure:3943: checking for egrep
configure:4005: result: /bin/grep -E
configure:4010: checking for ANSI C header files
configure:4030: gcc -c -g -O2  conftest.c >&5
configure:4030: $? = 0
configure:4103: gcc -o conftest -g -O2   conftest.c  >&5
configure:4103: $? = 0
configure:4103: ./conftest
configure:4103: $? = 0
configure:4114: result: yes
configure:4127: checking for sys/types.h
configure:4127: gcc -c -g -O2  conftest.c >&5
configure:4127: $? = 0
configure:4127: result: yes
configure:4127: checking for sys/stat.h
configure:4127: gcc -c -g -O2  conftest.c >&5
configure:4127: $? = 0
configure:4127: result: yes
configure:4127: checking for stdlib.h
configure:4127: gcc -c -g -O2  conftest.c >&5
configure:4127: $? = 0
configure:4127: result: yes
configure:4127: checking for string.h
configure:4127: gcc -c -g -O2  conftest.c >&5
configure:4127: $? = 0
configure:4127: result: yes
configure:4127: checking for memory.h
configure:4127: gcc -c -g -O2  conftest.c >&5
configure:4127: $? = 0
configure:4127: result: yes
configure:4127: checking for strings.h
configure:4127: gcc -c -g -O2  conftest.c >&5
configure:4127: $? = 0
configure:4127: result: yes
configure:4127: checking for inttypes.h
configure:4127: gcc -c -g -O2  conftest.c >&5
configure:4127: $? = 0
configure:4127: result: yes
configure:4127: checking for stdint.h
configure:4127: gcc -c -g -O2  conftest.c >&5
configure:4127: $? = 0
configure:4127: result: yes
configure:4127: checking for unistd.h
configure:4127: gcc -c -g -O2  conftest.c >&5
configure:4127: $? = 0
configure:4127: result: yes
configure:4140: checking minix/config.h usability
configure:4140: gcc -c -g -O2  conftest.c >&5
conftest.c:54:26: error: minix/config.h: No such file or directory
configure:4140: $? = 1
configure: failed program was:
| /* confdefs.h */
| #define PACKAGE_NAME "OpenHIP"
| #define PACKAGE_TARNAME "openhip"
| #define PACKAGE_VERSION "0.9"
| #define PACKAGE_STRING "OpenHIP 0.9"
| #define PACKAGE_BUGREPORT "openhip-developers@lists.sourceforge.net"
| #define PACKAGE_URL ""
| #define PACKAGE "openhip"
| #define VERSION "0.9"
| #define STDC_HEADERS 1
| #define HAVE_SYS_TYPES_H 1
| #define HAVE_SYS_STAT_H 1
| #define HAVE_STDLIB_H 1
| #define HAVE_STRING_H 1
| #define HAVE_MEMORY_H 1
| #define HAVE_STRINGS_H 1
| #define HAVE_INTTYPES_H 1
| #define HAVE_STDINT_H 1
| #define HAVE_UNISTD_H 1
| /* end confdefs.h.  */
| #include <stdio.h>
| #ifdef HAVE_SYS_TYPES_H
| # include <sys/types.h>
| #endif
| #ifdef HAVE_SYS_STAT_H
| # include <sys/stat.h>
| #endif
| #ifdef STDC_HEADERS
| # include <stdlib.h>
| # include <stddef.h>
| #else
| # ifdef HAVE_STDLIB_H
| #  include <stdlib.h>
| # endif
| #endif
| #ifdef HAVE_STRING_H
| # if !defined STDC_HEADERS && defined HAVE_MEMORY_H
| #  include <memory.h>
| # endif
| # include <string.h>
| #endif
| #ifdef HAVE_STRINGS_H
| # include <strings.h>
| #endif
| #ifdef HAVE_INTTYPES_H
| # include <inttypes.h>
| #endif
| #ifdef HAVE_STDINT_H
| # include <stdint.h>
| #endif
| #ifdef HAVE_UNISTD_H
| # include <unistd.h>
| #endif
| #include <minix/config.h>
configure:4140: result: no
configure:4140: checking minix/config.h presence
configure:4140: gcc -E  conftest.c
conftest.c:21:26: error: minix/config.h: No such file or directory
configure:4140: $? = 1
configure: failed program was:
| /* confdefs.h */
| #define PACKAGE_NAME "OpenHIP"
| #define PACKAGE_TARNAME "openhip"
| #define PACKAGE_VERSION "0.9"
| #define PACKAGE_STRING "OpenHIP 0.9"
| #define PACKAGE_BUGREPORT "openhip-developers@lists.sourceforge.net"
| #define PACKAGE_URL ""
| #define PACKAGE "openhip"
| #define VERSION "0.9"
| #define STDC_HEADERS 1
| #define HAVE_SYS_TYPES_H 1
| #define HAVE_SYS_STAT_H 1
| #define HAVE_STDLIB_H 1
| #define HAVE_STRING_H 1
| #define HAVE_MEMORY_H 1
| #define HAVE_STRINGS_H 1
| #define HAVE_INTTYPES_H 1
| #define HAVE_STDINT_H 1
| #define HAVE_UNISTD_H 1
| /* end confdefs.h.  */
| #include <minix/config.h>
configure:4140: result: no
configure:4140: checking for minix/config.h
configure:4140: result: no
configure:4161: checking whether it is safe to define __EXTENSIONS__
configure:4179: gcc -c -g -O2  conftest.c >&5
configure:4179: $? = 0
configure:4186: result: yes
configure:4271: checking for g++
configure:4287: found /usr/bin/g++
configure:4298: result: g++
configure:4325: checking for C++ compiler version
configure:4334: g++ --version >&5
g++ (Ubuntu 4.4.3-4ubuntu5.1) 4.4.3
Copyright (C) 2009 Free Software Foundation, Inc.
This is free software; see the source for copying conditions.  There is NO
warranty; not even for MERCHANTABILITY or FITNESS FOR A PARTICULAR PURPOSE.

configure:4345: $? = 0
configure:4334: g++ -v >&5
Using built-in specs.
Target: i486-linux-gnu
Configured with: ../src/configure -v --with-pkgversion='Ubuntu 4.4.3-4ubuntu5.1' --with-bugurl=file:///usr/share/doc/gcc-4.4/README.Bugs --enable-languages=c,c++,fortran,objc,obj-c++ --prefix=/usr --enable-shared --enable-multiarch --enable-linker-build-id --with-system-zlib --libexecdir=/usr/lib --without-included-gettext --enable-threads=posix --with-gxx-include-dir=/usr/include/c++/4.4 --program-suffix=-4.4 --enable-nls --enable-clocale=gnu --enable-libstdcxx-debug --enable-plugin --enable-objc-gc --enable-targets=all --disable-werror --with-arch-32=i486 --with-tune=generic --enable-checking=release --build=i486-linux-gnu --host=i486-linux-gnu --target=i486-linux-gnu
Thread model: posix
gcc version 4.4.3 (Ubuntu 4.4.3-4ubuntu5.1) 
configure:4345: $? = 0
configure:4334: g++ -V >&5
g++: '-V' option must have argument
configure:4345: $? = 1
configure:4334: g++ -qversion >&5
g++: unrecognized option '-qversion'
g++: no input files
configure:4345: $? = 1
configure:4349: checking whether we are using the GNU C++ compiler
configure:4368: g++ -c   conftest.cpp >&5
configure:4368: $? = 0
configure:4377: result: yes
configure:4386: checking whether g++ accepts -g
configure:4406: g++ -c -g  conftest.cpp >&5
configure:4406: $? = 0
configure:4447: result: yes
configure:4472: checking dependency style of g++
configure:4582: result: gcc3
configure:4601: checking for gawk
configure:4628: result: gawk
configure:4687: checking for gcc
configure:4714: result: gcc
configure:4943: checking for C compiler version
configure:4952: gcc --version >&5
gcc (Ubuntu 4.4.3-4ubuntu5.1) 4.4.3
Copyright (C) 2009 Free Software Foundation, Inc.
This is free software; see the source for copying conditions.  There is NO
warranty; not even for MERCHANTABILITY or FITNESS FOR A PARTICULAR PURPOSE.

configure:4963: $? = 0
configure:4952: gcc -v >&5
Using built-in specs.
Target: i486-linux-gnu
Configured with: ../src/configure -v --with-pkgversion='Ubuntu 4.4.3-4ubuntu5.1' --with-bugurl=file:///usr/share/doc/gcc-4.4/README.Bugs --enable-languages=c,c++,fortran,objc,obj-c++ --prefix=/usr --enable-shared --enable-multiarch --enable-linker-build-id --with-system-zlib --libexecdir=/usr/lib --without-included-gettext --enable-threads=posix --with-gxx-include-dir=/usr/include/c++/4.4 --program-suffix=-4.4 --enable-nls --enable-clocale=gnu --enable-libstdcxx-debug --enable-plugin --enable-objc-gc --enable-targets=all --disable-werror --with-arch-32=i486 --with-tune=generic --enable-checking=release --build=i486-linux-gnu --host=i486-linux-gnu --target=i486-linux-gnu
Thread model: posix
gcc version 4.4.3 (Ubuntu 4.4.3-4ubuntu5.1) 
configure:4963: $? = 0
configure:4952: gcc -V >&5
gcc: '-V' option must have argument
configure:4963: $? = 1
configure:4952: gcc -qversion >&5
gcc: unrecognized option '-qversion'
gcc: no input files
configure:4963: $? = 1
configure:4967: checking whether we are using the GNU C compiler
configure:4995: result: yes
configure:5004: checking whether gcc accepts -g
configure:5065: result: yes
configure:5082: checking for gcc option to accept ISO C89
configure:5159: result: none needed
configure:5181: checking dependency style of gcc
configure:5291: result: gcc3
configure:5311: checking how to run the C preprocessor
configure:5381: result: gcc -E
configure:5401: gcc -E  conftest.c
configure:5401: $? = 0
configure:5415: gcc -E  conftest.c
conftest.c:26:28: error: ac_nonexistent.h: No such file or directory
configure:5415: $? = 1
configure: failed program was:
| /* confdefs.h */
| #define PACKAGE_NAME "OpenHIP"
| #define PACKAGE_TARNAME "openhip"
| #define PACKAGE_VERSION "0.9"
| #define PACKAGE_STRING "OpenHIP 0.9"
| #define PACKAGE_BUGREPORT "openhip-developers@lists.sourceforge.net"
| #define PACKAGE_URL ""
| #define PACKAGE "openhip"
| #define VERSION "0.9"
| #define STDC_HEADERS 1
| #define HAVE_SYS_TYPES_H 1
| #define HAVE_SYS_STAT_H 1
| #define HAVE_STDLIB_H 1
| #define HAVE_STRING_H 1
| #define HAVE_MEMORY_H 1
| #define HAVE_STRINGS_H 1
| #define HAVE_INTTYPES_H 1
| #define HAVE_STDINT_H 1
| #define HAVE_UNISTD_H 1
| #define __EXTENSIONS__ 1
| #define _ALL_SOURCE 1
| #define _GNU_SOURCE 1
| #define _POSIX_PTHREAD_SEMANTICS 1
| #define _TANDEM_SOURCE 1
| /* end confdefs.h.  */
| #include <ac_nonexistent.h>
configure:5444: checking whether gcc and cc understand -c and -o together
configure:5475: gcc -c conftest.c -o conftest2.o >&5
configure:5479: $? = 0
configure:5485: gcc -c conftest.c -o conftest2.o >&5
configure:5489: $? = 0
configure:5500: cc -c conftest.c >&5
configure:5504: $? = 0
configure:5512: cc -c conftest.c -o conftest2.o >&5
configure:5516: $? = 0
configure:5522: cc -c conftest.c -o conftest2.o >&5
configure:5526: $? = 0
configure:5544: result: yes
configure:5572: checking for AES_cbc_encrypt in -lcrypto
configure:5597: gcc -o conftest -g -O2 -O3 -Werror -D_GNU_SOURCE -fno-strict-aliasing   conftest.c -lcrypto   >&5
configure:5597: $? = 0
configure:5606: result: yes
configure:5620: checking for RSA_verify in -lcrypto
configure:5645: gcc -o conftest -g -O2 -O3 -Werror -D_GNU_SOURCE -fno-strict-aliasing   conftest.c -lcrypto  -lcrypto  >&5
configure:5645: $? = 0
configure:5654: result: yes
configure:5669: checking for pthread_create in -lpthread
configure:5694: gcc -o conftest -g -O2 -O3 -Werror -D_GNU_SOURCE -fno-strict-aliasing   conftest.c -lpthread  -lcrypto -lcrypto  >&5
configure:5694: $? = 0
configure:5703: result: yes
configure:5720: checking for ANSI C header files
configure:5824: result: yes
configure:5832: checking for sys/wait.h that is POSIX.1 compatible
configure:5858: gcc -c -g -O2 -O3 -Werror -D_GNU_SOURCE -fno-strict-aliasing  conftest.c >&5
configure:5858: $? = 0
configure:5865: result: yes
configure:5876: checking arpa/inet.h usability
configure:5876: gcc -c -g -O2 -O3 -Werror -D_GNU_SOURCE -fno-strict-aliasing  conftest.c >&5
configure:5876: $? = 0
configure:5876: result: yes
configure:5876: checking arpa/inet.h presence
configure:5876: gcc -E  conftest.c
configure:5876: $? = 0
configure:5876: result: yes
configure:5876: checking for arpa/inet.h
configure:5876: result: yes
configure:5876: checking fcntl.h usability
configure:5876: gcc -c -g -O2 -O3 -Werror -D_GNU_SOURCE -fno-strict-aliasing  conftest.c >&5
configure:5876: $? = 0
configure:5876: result: yes
configure:5876: checking fcntl.h presence
configure:5876: gcc -E  conftest.c
configure:5876: $? = 0
configure:5876: result: yes
configure:5876: checking for fcntl.h
configure:5876: result: yes
configure:5876: checking netdb.h usability
configure:5876: gcc -c -g -O2 -O3 -Werror -D_GNU_SOURCE -fno-strict-aliasing  conftest.c >&5
configure:5876: $? = 0
configure:5876: result: yes
configure:5876: checking netdb.h presence
configure:5876: gcc -E  conftest.c
configure:5876: $? = 0
configure:5876: result: yes
configure:5876: checking for netdb.h
configure:5876: result: yes
configure:5876: checking netinet/in.h usability
configure:5876: gcc -c -g -O2 -O3 -Werror -D_GNU_SOURCE -fno-strict-aliasing  conftest.c >&5
configure:5876: $? = 0
configure:5876: result: yes
configure:5876: checking netinet/in.h presence
configure:5876: gcc -E  conftest.c
configure:5876: $? = 0
configure:5876: result: yes
configure:5876: checking for netinet/in.h
configure:5876: result: yes
configure:5876: checking for stdlib.h
configure:5876: result: yes
configure:5876: checking for string.h
configure:5876: result: yes
configure:5876: checking sys/ioctl.h usability
configure:5876: gcc -c -g -O2 -O3 -Werror -D_GNU_SOURCE -fno-strict-aliasing  conftest.c >&5
configure:5876: $? = 0
configure:5876: result: yes
configure:5876: checking sys/ioctl.h presence
configure:5876: gcc -E  conftest.c
configure:5876: $? = 0
configure:5876: result: yes
configure:5876: checking for sys/ioctl.h
configure:5876: result: yes
configure:5876: checking sys/socket.h usability
configure:5876: gcc -c -g -O2 -O3 -Werror -D_GNU_SOURCE -fno-strict-aliasing  conftest.c >&5
configure:5876: $? = 0
configure:5876: result: yes
configure:5876: checking sys/socket.h presence
configure:5876: gcc -E  conftest.c
configure:5876: $? = 0
configure:5876: result: yes
configure:5876: checking for sys/socket.h
configure:5876: result: yes
configure:5876: checking sys/time.h usability
configure:5876: gcc -c -g -O2 -O3 -Werror -D_GNU_SOURCE -fno-strict-aliasing  conftest.c >&5
configure:5876: $? = 0
configure:5876: result: yes
configure:5876: checking sys/time.h presence
configure:5876: gcc -E  conftest.c
configure:5876: $? = 0
configure:5876: result: yes
configure:5876: checking for sys/time.h
configure:5876: result: yes
configure:5876: checking for unistd.h
configure:5876: result: yes
configure:5888: checking for an ANSI C-conforming const
configure:5953: gcc -c -g -O2 -O3 -Werror -D_GNU_SOURCE -fno-strict-aliasing  conftest.c >&5
configure:5953: $? = 0
configure:5960: result: yes
configure:5968: checking for inline
configure:5984: gcc -c -g -O2 -O3 -Werror -D_GNU_SOURCE -fno-strict-aliasing  conftest.c >&5
configure:5984: $? = 0
configure:5992: result: inline
configure:6010: checking for size_t
configure:6010: gcc -c -g -O2 -O3 -Werror -D_GNU_SOURCE -fno-strict-aliasing  conftest.c >&5
configure:6010: $? = 0
configure:6010: gcc -c -g -O2 -O3 -Werror -D_GNU_SOURCE -fno-strict-aliasing  conftest.c >&5
conftest.c: In function 'main':
conftest.c:77: error: expected expression before ')' token
configure:6010: $? = 1
configure: failed program was:
| /* confdefs.h */
| #define PACKAGE_NAME "OpenHIP"
| #define PACKAGE_TARNAME "openhip"
| #define PACKAGE_VERSION "0.9"
| #define PACKAGE_STRING "OpenHIP 0.9"
| #define PACKAGE_BUGREPORT "openhip-developers@lists.sourceforge.net"
| #define PACKAGE_URL ""
| #define PACKAGE "openhip"
| #define VERSION "0.9"
| #define STDC_HEADERS 1
| #define HAVE_SYS_TYPES_H 1
| #define HAVE_SYS_STAT_H 1
| #define HAVE_STDLIB_H 1
| #define HAVE_STRING_H 1
| #define HAVE_MEMORY_H 1
| #define HAVE_STRINGS_H 1
| #define HAVE_INTTYPES_H 1
| #define HAVE_STDINT_H 1
| #define HAVE_UNISTD_H 1
| #define __EXTENSIONS__ 1
| #define _ALL_SOURCE 1
| #define _GNU_SOURCE 1
| #define _POSIX_PTHREAD_SEMANTICS 1
| #define _TANDEM_SOURCE 1
| #define HAVE_LIBCRYPTO 1
| #define HAVE_LIBCRYPTO 1
| #define HAVE_LIBPTHREAD 1
| #define STDC_HEADERS 1
| #define HAVE_SYS_WAIT_H 1
| #define HAVE_ARPA_INET_H 1
| #define HAVE_FCNTL_H 1
| #define HAVE_NETDB_H 1
| #define HAVE_NETINET_IN_H 1
| #define HAVE_STDLIB_H 1
| #define HAVE_STRING_H 1
| #define HAVE_SYS_IOCTL_H 1
| #define HAVE_SYS_SOCKET_H 1
| #define HAVE_SYS_TIME_H 1
| #define HAVE_UNISTD_H 1
| /* end confdefs.h.  */
| #include <stdio.h>
| #ifdef HAVE_SYS_TYPES_H
| # include <sys/types.h>
| #endif
| #ifdef HAVE_SYS_STAT_H
| # include <sys/stat.h>
| #endif
| #ifdef STDC_HEADERS
| # include <stdlib.h>
| # include <stddef.h>
| #else
| # ifdef HAVE_STDLIB_H
| #  include <stdlib.h>
| # endif
| #endif
| #ifdef HAVE_STRING_H
| # if !defined STDC_HEADERS && defined HAVE_MEMORY_H
| #  include <memory.h>
| # endif
| # include <string.h>
| #endif
| #ifdef HAVE_STRINGS_H
| # include <strings.h>
| #endif
| #ifdef HAVE_INTTYPES_H
| # include <inttypes.h>
| #endif
| #ifdef HAVE_STDINT_H
| # include <stdint.h>
| #endif
| #ifdef HAVE_UNISTD_H
| # include <unistd.h>
| #endif
| int
| main ()
| {
| if (sizeof ((size_t)))
| 	    return 0;
|   ;
|   return 0;
| }
configure:6010: result: yes
configure:6021: checking whether time.h and sys/time.h may both be included
configure:6041: gcc -c -g -O2 -O3 -Werror -D_GNU_SOURCE -fno-strict-aliasing  conftest.c >&5
configure:6041: $? = 0
configure:6048: result: yes
configure:6058: checking for pid_t
configure:6058: gcc -c -g -O2 -O3 -Werror -D_GNU_SOURCE -fno-strict-aliasing  conftest.c >&5
configure:6058: $? = 0
configure:6058: gcc -c -g -O2 -O3 -Werror -D_GNU_SOURCE -fno-strict-aliasing  conftest.c >&5
conftest.c: In function 'main':
conftest.c:78: error: expected expression before ')' token
configure:6058: $? = 1
configure: failed program was:
| /* confdefs.h */
| #define PACKAGE_NAME "OpenHIP"
| #define PACKAGE_TARNAME "openhip"
| #define PACKAGE_VERSION "0.9"
| #define PACKAGE_STRING "OpenHIP 0.9"
| #define PACKAGE_BUGREPORT "openhip-developers@lists.sourceforge.net"
| #define PACKAGE_URL ""
| #define PACKAGE "openhip"
| #define VERSION "0.9"
| #define STDC_HEADERS 1
| #define HAVE_SYS_TYPES_H 1
| #define HAVE_SYS_STAT_H 1
| #define HAVE_STDLIB_H 1
| #define HAVE_STRING_H 1
| #define HAVE_MEMORY_H 1
| #define HAVE_STRINGS_H 1
| #define HAVE_INTTYPES_H 1
| #define HAVE_STDINT_H 1
| #define HAVE_UNISTD_H 1
| #define __EXTENSIONS__ 1
| #define _ALL_SOURCE 1
| #define _GNU_SOURCE 1
| #define _POSIX_PTHREAD_SEMANTICS 1
| #define _TANDEM_SOURCE 1
| #define HAVE_LIBCRYPTO 1
| #define HAVE_LIBCRYPTO 1
| #define HAVE_LIBPTHREAD 1
| #define STDC_HEADERS 1
| #define HAVE_SYS_WAIT_H 1
| #define HAVE_ARPA_INET_H 1
| #define HAVE_FCNTL_H 1
| #define HAVE_NETDB_H 1
| #define HAVE_NETINET_IN_H 1
| #define HAVE_STDLIB_H 1
| #define HAVE_STRING_H 1
| #define HAVE_SYS_IOCTL_H 1
| #define HAVE_SYS_SOCKET_H 1
| #define HAVE_SYS_TIME_H 1
| #define HAVE_UNISTD_H 1
| #define TIME_WITH_SYS_TIME 1
| /* end confdefs.h.  */
| #include <stdio.h>
| #ifdef HAVE_SYS_TYPES_H
| # include <sys/types.h>
| #endif
| #ifdef HAVE_SYS_STAT_H
| # include <sys/stat.h>
| #endif
| #ifdef STDC_HEADERS
| # include <stdlib.h>
| # include <stddef.h>
| #else
| # ifdef HAVE_STDLIB_H
| #  include <stdlib.h>
| # endif
| #endif
| #ifdef HAVE_STRING_H
| # if !defined STDC_HEADERS && defined HAVE_MEMORY_H
| #  include <memory.h>
| # endif
| # include <string.h>
| #endif
| #ifdef HAVE_STRINGS_H
| # include <strings.h>
| #endif
| #ifdef HAVE_INTTYPES_H
| # include <inttypes.h>
| #endif
| #ifdef HAVE_STDINT_H
| # include <stdint.h>
| #endif
| #ifdef HAVE_UNISTD_H
| # include <unistd.h>
| #endif
| int
| main ()
| {
| if (sizeof ((pid_t)))
| 	    return 0;
|   ;
|   return 0;
| }
configure:6058: result: yes
configure:6071: checking vfork.h usability
configure:6071: gcc -c -g -O2 -O3 -Werror -D_GNU_SOURCE -fno-strict-aliasing  conftest.c >&5
conftest.c:75:19: error: vfork.h: No such file or directory
configure:6071: $? = 1
configure: failed program was:
| /* confdefs.h */
| #define PACKAGE_NAME "OpenHIP"
| #define PACKAGE_TARNAME "openhip"
| #define PACKAGE_VERSION "0.9"
| #define PACKAGE_STRING "OpenHIP 0.9"
| #define PACKAGE_BUGREPORT "openhip-developers@lists.sourceforge.net"
| #define PACKAGE_URL ""
| #define PACKAGE "openhip"
| #define VERSION "0.9"
| #define STDC_HEADERS 1
| #define HAVE_SYS_TYPES_H 1
| #define HAVE_SYS_STAT_H 1
| #define HAVE_STDLIB_H 1
| #define HAVE_STRING_H 1
| #define HAVE_MEMORY_H 1
| #define HAVE_STRINGS_H 1
| #define HAVE_INTTYPES_H 1
| #define HAVE_STDINT_H 1
| #define HAVE_UNISTD_H 1
| #define __EXTENSIONS__ 1
| #define _ALL_SOURCE 1
| #define _GNU_SOURCE 1
| #define _POSIX_PTHREAD_SEMANTICS 1
| #define _TANDEM_SOURCE 1
| #define HAVE_LIBCRYPTO 1
| #define HAVE_LIBCRYPTO 1
| #define HAVE_LIBPTHREAD 1
| #define STDC_HEADERS 1
| #define HAVE_SYS_WAIT_H 1
| #define HAVE_ARPA_INET_H 1
| #define HAVE_FCNTL_H 1
| #define HAVE_NETDB_H 1
| #define HAVE_NETINET_IN_H 1
| #define HAVE_STDLIB_H 1
| #define HAVE_STRING_H 1
| #define HAVE_SYS_IOCTL_H 1
| #define HAVE_SYS_SOCKET_H 1
| #define HAVE_SYS_TIME_H 1
| #define HAVE_UNISTD_H 1
| #define TIME_WITH_SYS_TIME 1
| /* end confdefs.h.  */
| #include <stdio.h>
| #ifdef HAVE_SYS_TYPES_H
| # include <sys/types.h>
| #endif
| #ifdef HAVE_SYS_STAT_H
| # include <sys/stat.h>
| #endif
| #ifdef STDC_HEADERS
| # include <stdlib.h>
| # include <stddef.h>
| #else
| # ifdef HAVE_STDLIB_H
| #  include <stdlib.h>
| # endif
| #endif
| #ifdef HAVE_STRING_H
| # if !defined STDC_HEADERS && defined HAVE_MEMORY_H
| #  include <memory.h>
| # endif
| # include <string.h>
| #endif
| #ifdef HAVE_STRINGS_H
| # include <strings.h>
| #endif
| #ifdef HAVE_INTTYPES_H
| # include <inttypes.h>
| #endif
| #ifdef HAVE_STDINT_H
| # include <stdint.h>
| #endif
| #ifdef HAVE_UNISTD_H
| # include <unistd.h>
| #endif
| #include <vfork.h>
configure:6071: result: no
configure:6071: checking vfork.h presence
configure:6071: gcc -E  conftest.c
conftest.c:42:19: error: vfork.h: No such file or directory
configure:6071: $? = 1
configure: failed program was:
| /* confdefs.h */
| #define PACKAGE_NAME "OpenHIP"
| #define PACKAGE_TARNAME "openhip"
| #define PACKAGE_VERSION "0.9"
| #define PACKAGE_STRING "OpenHIP 0.9"
| #define PACKAGE_BUGREPORT "openhip-developers@lists.sourceforge.net"
| #define PACKAGE_URL ""
| #define PACKAGE "openhip"
| #define VERSION "0.9"
| #define STDC_HEADERS 1
| #define HAVE_SYS_TYPES_H 1
| #define HAVE_SYS_STAT_H 1
| #define HAVE_STDLIB_H 1
| #define HAVE_STRING_H 1
| #define HAVE_MEMORY_H 1
| #define HAVE_STRINGS_H 1
| #define HAVE_INTTYPES_H 1
| #define HAVE_STDINT_H 1
| #define HAVE_UNISTD_H 1
| #define __EXTENSIONS__ 1
| #define _ALL_SOURCE 1
| #define _GNU_SOURCE 1
| #define _POSIX_PTHREAD_SEMANTICS 1
| #define _TANDEM_SOURCE 1
| #define HAVE_LIBCRYPTO 1
| #define HAVE_LIBCRYPTO 1
| #define HAVE_LIBPTHREAD 1
| #define STDC_HEADERS 1
| #define HAVE_SYS_WAIT_H 1
| #define HAVE_ARPA_INET_H 1
| #define HAVE_FCNTL_H 1
| #define HAVE_NETDB_H 1
| #define HAVE_NETINET_IN_H 1
| #define HAVE_STDLIB_H 1
| #define HAVE_STRING_H 1
| #define HAVE_SYS_IOCTL_H 1
| #define HAVE_SYS_SOCKET_H 1
| #define HAVE_SYS_TIME_H 1
| #define HAVE_UNISTD_H 1
| #define TIME_WITH_SYS_TIME 1
| /* end confdefs.h.  */
| #include <vfork.h>
configure:6071: result: no
configure:6071: checking for vfork.h
configure:6071: result: no
configure:6084: checking for fork
configure:6084: gcc -o conftest -g -O2 -O3 -Werror -D_GNU_SOURCE -fno-strict-aliasing   conftest.c -lpthread -lcrypto -lcrypto  -lm >&5
cc1: warnings being treated as errors
conftest.c:65: error: conflicting types for built-in function 'fork'
configure:6084: $? = 1
configure: failed program was:
| /* confdefs.h */
| #define PACKAGE_NAME "OpenHIP"
| #define PACKAGE_TARNAME "openhip"
| #define PACKAGE_VERSION "0.9"
| #define PACKAGE_STRING "OpenHIP 0.9"
| #define PACKAGE_BUGREPORT "openhip-developers@lists.sourceforge.net"
| #define PACKAGE_URL ""
| #define PACKAGE "openhip"
| #define VERSION "0.9"
| #define STDC_HEADERS 1
| #define HAVE_SYS_TYPES_H 1
| #define HAVE_SYS_STAT_H 1
| #define HAVE_STDLIB_H 1
| #define HAVE_STRING_H 1
| #define HAVE_MEMORY_H 1
| #define HAVE_STRINGS_H 1
| #define HAVE_INTTYPES_H 1
| #define HAVE_STDINT_H 1
| #define HAVE_UNISTD_H 1
| #define __EXTENSIONS__ 1
| #define _ALL_SOURCE 1
| #define _GNU_SOURCE 1
| #define _POSIX_PTHREAD_SEMANTICS 1
| #define _TANDEM_SOURCE 1
| #define HAVE_LIBCRYPTO 1
| #define HAVE_LIBCRYPTO 1
| #define HAVE_LIBPTHREAD 1
| #define STDC_HEADERS 1
| #define HAVE_SYS_WAIT_H 1
| #define HAVE_ARPA_INET_H 1
| #define HAVE_FCNTL_H 1
| #define HAVE_NETDB_H 1
| #define HAVE_NETINET_IN_H 1
| #define HAVE_STDLIB_H 1
| #define HAVE_STRING_H 1
| #define HAVE_SYS_IOCTL_H 1
| #define HAVE_SYS_SOCKET_H 1
| #define HAVE_SYS_TIME_H 1
| #define HAVE_UNISTD_H 1
| #define TIME_WITH_SYS_TIME 1
| /* end confdefs.h.  */
| /* Define fork to an innocuous variant, in case <limits.h> declares fork.
|    For example, HP-UX 11i <limits.h> declares gettimeofday.  */
| #define fork innocuous_fork
| 
| /* System header to define __stub macros and hopefully few prototypes,
|     which can conflict with char fork (); below.
|     Prefer <limits.h> to <assert.h> if __STDC__ is defined, since
|     <limits.h> exists even on freestanding compilers.  */
| 
| #ifdef __STDC__
| # include <limits.h>
| #else
| # include <assert.h>
| #endif
| 
| #undef fork
| 
| /* Override any GCC internal prototype to avoid an error.
|    Use char because int might match the return type of a GCC
|    builtin and then its argument prototype would still apply.  */
| #ifdef __cplusplus
| extern "C"
| #endif
| char fork ();
| /* The GNU C library defines this for functions which it implements
|     to always fail with ENOSYS.  Some functions are actually named
|     something starting with __ and the normal name is an alias.  */
| #if defined __stub_fork || defined __stub___fork
| choke me
| #endif
| 
| int
| main ()
| {
| return fork ();
|   ;
|   return 0;
| }
configure:6084: result: no
configure:6084: checking for vfork
configure:6084: gcc -o conftest -g -O2 -O3 -Werror -D_GNU_SOURCE -fno-strict-aliasing   conftest.c -lpthread -lcrypto -lcrypto  -lm >&5
configure:6084: $? = 0
configure:6084: result: yes
configure:6147: checking for working vfork
configure:6257: result: yes
configure:6283: checking whether gcc needs -traditional
configure:6317: result: no
configure:6326: checking for stdlib.h
configure:6326: result: yes
configure:6336: checking for GNU libc compatible malloc
configure:6360: gcc -o conftest -g -O2 -O3 -Werror -D_GNU_SOURCE -fno-strict-aliasing   conftest.c -lpthread -lcrypto -lcrypto  -lm >&5
configure:6360: $? = 0
configure:6360: ./conftest
configure:6360: $? = 0
configure:6370: result: yes
configure:6391: checking for working memcmp
configure:6434: gcc -o conftest -g -O2 -O3 -Werror -D_GNU_SOURCE -fno-strict-aliasing   conftest.c -lpthread -lcrypto -lcrypto  -lm >&5
configure:6434: $? = 0
configure:6434: ./conftest
configure:6434: $? = 0
configure:6444: result: yes
configure:6456: checking sys/select.h usability
configure:6456: gcc -c -g -O2 -O3 -Werror -D_GNU_SOURCE -fno-strict-aliasing  conftest.c >&5
configure:6456: $? = 0
configure:6456: result: yes
configure:6456: checking sys/select.h presence
configure:6456: gcc -E  conftest.c
configure:6456: $? = 0
configure:6456: result: yes
configure:6456: checking for sys/select.h
configure:6456: result: yes
configure:6456: checking for sys/socket.h
configure:6456: result: yes
configure:6466: checking types of arguments for select
configure:6494: gcc -c -g -O2 -O3 -Werror -D_GNU_SOURCE -fno-strict-aliasing  conftest.c >&5
configure:6494: $? = 0
configure:6505: result: int,fd_set *,struct timeval *
configure:6528: checking return type of signal handlers
configure:6546: gcc -c -g -O2 -O3 -Werror -D_GNU_SOURCE -fno-strict-aliasing  conftest.c >&5
conftest.c: In function 'main':
conftest.c:57: error: void value not ignored as it ought to be
configure:6546: $? = 1
configure: failed program was:
| /* confdefs.h */
| #define PACKAGE_NAME "OpenHIP"
| #define PACKAGE_TARNAME "openhip"
| #define PACKAGE_VERSION "0.9"
| #define PACKAGE_STRING "OpenHIP 0.9"
| #define PACKAGE_BUGREPORT "openhip-developers@lists.sourceforge.net"
| #define PACKAGE_URL ""
| #define PACKAGE "openhip"
| #define VERSION "0.9"
| #define STDC_HEADERS 1
| #define HAVE_SYS_TYPES_H 1
| #define HAVE_SYS_STAT_H 1
| #define HAVE_STDLIB_H 1
| #define HAVE_STRING_H 1
| #define HAVE_MEMORY_H 1
| #define HAVE_STRINGS_H 1
| #define HAVE_INTTYPES_H 1
| #define HAVE_STDINT_H 1
| #define HAVE_UNISTD_H 1
| #define __EXTENSIONS__ 1
| #define _ALL_SOURCE 1
| #define _GNU_SOURCE 1
| #define _POSIX_PTHREAD_SEMANTICS 1
| #define _TANDEM_SOURCE 1
| #define HAVE_LIBCRYPTO 1
| #define HAVE_LIBCRYPTO 1
| #define HAVE_LIBPTHREAD 1
| #define STDC_HEADERS 1
| #define HAVE_SYS_WAIT_H 1
| #define HAVE_ARPA_INET_H 1
| #define HAVE_FCNTL_H 1
| #define HAVE_NETDB_H 1
| #define HAVE_NETINET_IN_H 1
| #define HAVE_STDLIB_H 1
| #define HAVE_STRING_H 1
| #define HAVE_SYS_IOCTL_H 1
| #define HAVE_SYS_SOCKET_H 1
| #define HAVE_SYS_TIME_H 1
| #define HAVE_UNISTD_H 1
| #define TIME_WITH_SYS_TIME 1
| #define HAVE_VFORK 1
| #define HAVE_WORKING_VFORK 1
| #define HAVE_STDLIB_H 1
| #define HAVE_MALLOC 1
| #define HAVE_SYS_SELECT_H 1
| #define HAVE_SYS_SOCKET_H 1
| #define SELECT_TYPE_ARG1 int
| #define SELECT_TYPE_ARG234 (fd_set *)
| #define SELECT_TYPE_ARG5 (struct timeval *)
| /* end confdefs.h.  */
| #include <sys/types.h>
| #include <signal.h>
| 
| int
| main ()
| {
| return *(signal (0, 0)) (0) == 1;
|   ;
|   return 0;
| }
configure:6553: result: void
configure:6563: checking for vprintf
configure:6563: gcc -o conftest -g -O2 -O3 -Werror -D_GNU_SOURCE -fno-strict-aliasing   conftest.c -lpthread -lcrypto -lcrypto  -lm >&5
cc1: warnings being treated as errors
conftest.c:75: error: conflicting types for built-in function 'vprintf'
configure:6563: $? = 1
configure: failed program was:
| /* confdefs.h */
| #define PACKAGE_NAME "OpenHIP"
| #define PACKAGE_TARNAME "openhip"
| #define PACKAGE_VERSION "0.9"
| #define PACKAGE_STRING "OpenHIP 0.9"
| #define PACKAGE_BUGREPORT "openhip-developers@lists.sourceforge.net"
| #define PACKAGE_URL ""
| #define PACKAGE "openhip"
| #define VERSION "0.9"
| #define STDC_HEADERS 1
| #define HAVE_SYS_TYPES_H 1
| #define HAVE_SYS_STAT_H 1
| #define HAVE_STDLIB_H 1
| #define HAVE_STRING_H 1
| #define HAVE_MEMORY_H 1
| #define HAVE_STRINGS_H 1
| #define HAVE_INTTYPES_H 1
| #define HAVE_STDINT_H 1
| #define HAVE_UNISTD_H 1
| #define __EXTENSIONS__ 1
| #define _ALL_SOURCE 1
| #define _GNU_SOURCE 1
| #define _POSIX_PTHREAD_SEMANTICS 1
| #define _TANDEM_SOURCE 1
| #define HAVE_LIBCRYPTO 1
| #define HAVE_LIBCRYPTO 1
| #define HAVE_LIBPTHREAD 1
| #define STDC_HEADERS 1
| #define HAVE_SYS_WAIT_H 1
| #define HAVE_ARPA_INET_H 1
| #define HAVE_FCNTL_H 1
| #define HAVE_NETDB_H 1
| #define HAVE_NETINET_IN_H 1
| #define HAVE_STDLIB_H 1
| #define HAVE_STRING_H 1
| #define HAVE_SYS_IOCTL_H 1
| #define HAVE_SYS_SOCKET_H 1
| #define HAVE_SYS_TIME_H 1
| #define HAVE_UNISTD_H 1
| #define TIME_WITH_SYS_TIME 1
| #define HAVE_VFORK 1
| #define HAVE_WORKING_VFORK 1
| #define HAVE_STDLIB_H 1
| #define HAVE_MALLOC 1
| #define HAVE_SYS_SELECT_H 1
| #define HAVE_SYS_SOCKET_H 1
| #define SELECT_TYPE_ARG1 int
| #define SELECT_TYPE_ARG234 (fd_set *)
| #define SELECT_TYPE_ARG5 (struct timeval *)
| #define RETSIGTYPE void
| /* end confdefs.h.  */
| /* Define vprintf to an innocuous variant, in case <limits.h> declares vprintf.
|    For example, HP-UX 11i <limits.h> declares gettimeofday.  */
| #define vprintf innocuous_vprintf
| 
| /* System header to define __stub macros and hopefully few prototypes,
|     which can conflict with char vprintf (); below.
|     Prefer <limits.h> to <assert.h> if __STDC__ is defined, since
|     <limits.h> exists even on freestanding compilers.  */
| 
| #ifdef __STDC__
| # include <limits.h>
| #else
| # include <assert.h>
| #endif
| 
| #undef vprintf
| 
| /* Override any GCC internal prototype to avoid an error.
|    Use char because int might match the return type of a GCC
|    builtin and then its argument prototype would still apply.  */
| #ifdef __cplusplus
| extern "C"
| #endif
| char vprintf ();
| /* The GNU C library defines this for functions which it implements
|     to always fail with ENOSYS.  Some functions are actually named
|     something starting with __ and the normal name is an alias.  */
| #if defined __stub_vprintf || defined __stub___vprintf
| choke me
| #endif
| 
| int
| main ()
| {
| return vprintf ();
|   ;
|   return 0;
| }
configure:6563: result: no
configure:6583: checking for bzero
configure:6583: gcc -o conftest -g -O2 -O3 -Werror -D_GNU_SOURCE -fno-strict-aliasing   conftest.c -lpthread -lcrypto -lcrypto  -lm >&5
cc1: warnings being treated as errors
conftest.c:75: error: conflicting types for built-in function 'bzero'
configure:6583: $? = 1
configure: failed program was:
| /* confdefs.h */
| #define PACKAGE_NAME "OpenHIP"
| #define PACKAGE_TARNAME "openhip"
| #define PACKAGE_VERSION "0.9"
| #define PACKAGE_STRING "OpenHIP 0.9"
| #define PACKAGE_BUGREPORT "openhip-developers@lists.sourceforge.net"
| #define PACKAGE_URL ""
| #define PACKAGE "openhip"
| #define VERSION "0.9"
| #define STDC_HEADERS 1
| #define HAVE_SYS_TYPES_H 1
| #define HAVE_SYS_STAT_H 1
| #define HAVE_STDLIB_H 1
| #define HAVE_STRING_H 1
| #define HAVE_MEMORY_H 1
| #define HAVE_STRINGS_H 1
| #define HAVE_INTTYPES_H 1
| #define HAVE_STDINT_H 1
| #define HAVE_UNISTD_H 1
| #define __EXTENSIONS__ 1
| #define _ALL_SOURCE 1
| #define _GNU_SOURCE 1
| #define _POSIX_PTHREAD_SEMANTICS 1
| #define _TANDEM_SOURCE 1
| #define HAVE_LIBCRYPTO 1
| #define HAVE_LIBCRYPTO 1
| #define HAVE_LIBPTHREAD 1
| #define STDC_HEADERS 1
| #define HAVE_SYS_WAIT_H 1
| #define HAVE_ARPA_INET_H 1
| #define HAVE_FCNTL_H 1
| #define HAVE_NETDB_H 1
| #define HAVE_NETINET_IN_H 1
| #define HAVE_STDLIB_H 1
| #define HAVE_STRING_H 1
| #define HAVE_SYS_IOCTL_H 1
| #define HAVE_SYS_SOCKET_H 1
| #define HAVE_SYS_TIME_H 1
| #define HAVE_UNISTD_H 1
| #define TIME_WITH_SYS_TIME 1
| #define HAVE_VFORK 1
| #define HAVE_WORKING_VFORK 1
| #define HAVE_STDLIB_H 1
| #define HAVE_MALLOC 1
| #define HAVE_SYS_SELECT_H 1
| #define HAVE_SYS_SOCKET_H 1
| #define SELECT_TYPE_ARG1 int
| #define SELECT_TYPE_ARG234 (fd_set *)
| #define SELECT_TYPE_ARG5 (struct timeval *)
| #define RETSIGTYPE void
| /* end confdefs.h.  */
| /* Define bzero to an innocuous variant, in case <limits.h> declares bzero.
|    For example, HP-UX 11i <limits.h> declares gettimeofday.  */
| #define bzero innocuous_bzero
| 
| /* System header to define __stub macros and hopefully few prototypes,
|     which can conflict with char bzero (); below.
|     Prefer <limits.h> to <assert.h> if __STDC__ is defined, since
|     <limits.h> exists even on freestanding compilers.  */
| 
| #ifdef __STDC__
| # include <limits.h>
| #else
| # include <assert.h>
| #endif
| 
| #undef bzero
| 
| /* Override any GCC internal prototype to avoid an error.
|    Use char because int might match the return type of a GCC
|    builtin and then its argument prototype would still apply.  */
| #ifdef __cplusplus
| extern "C"
| #endif
| char bzero ();
| /* The GNU C library defines this for functions which it implements
|     to always fail with ENOSYS.  Some functions are actually named
|     something starting with __ and the normal name is an alias.  */
| #if defined __stub_bzero || defined __stub___bzero
| choke me
| #endif
| 
| int
| main ()
| {
| return bzero ();
|   ;
|   return 0;
| }
configure:6583: result: no
configure:6583: checking for gethostbyname
configure:6583: gcc -o conftest -g -O2 -O3 -Werror -D_GNU_SOURCE -fno-strict-aliasing   conftest.c -lpthread -lcrypto -lcrypto  -lm >&5
configure:6583: $? = 0
configure:6583: result: yes
configure:6583: checking for gethostname
configure:6583: gcc -o conftest -g -O2 -O3 -Werror -D_GNU_SOURCE -fno-strict-aliasing   conftest.c -lpthread -lcrypto -lcrypto  -lm >&5
configure:6583: $? = 0
configure:6583: result: yes
configure:6583: checking for gettimeofday
configure:6583: gcc -o conftest -g -O2 -O3 -Werror -D_GNU_SOURCE -fno-strict-aliasing   conftest.c -lpthread -lcrypto -lcrypto  -lm >&5
configure:6583: $? = 0
configure:6583: result: yes
configure:6583: checking for inet_ntoa
configure:6583: gcc -o conftest -g -O2 -O3 -Werror -D_GNU_SOURCE -fno-strict-aliasing   conftest.c -lpthread -lcrypto -lcrypto  -lm >&5
configure:6583: $? = 0
configure:6583: result: yes
configure:6583: checking for memmove
configure:6583: gcc -o conftest -g -O2 -O3 -Werror -D_GNU_SOURCE -fno-strict-aliasing   conftest.c -lpthread -lcrypto -lcrypto  -lm >&5
cc1: warnings being treated as errors
conftest.c:79: error: conflicting types for built-in function 'memmove'
configure:6583: $? = 1
configure: failed program was:
| /* confdefs.h */
| #define PACKAGE_NAME "OpenHIP"
| #define PACKAGE_TARNAME "openhip"
| #define PACKAGE_VERSION "0.9"
| #define PACKAGE_STRING "OpenHIP 0.9"
| #define PACKAGE_BUGREPORT "openhip-developers@lists.sourceforge.net"
| #define PACKAGE_URL ""
| #define PACKAGE "openhip"
| #define VERSION "0.9"
| #define STDC_HEADERS 1
| #define HAVE_SYS_TYPES_H 1
| #define HAVE_SYS_STAT_H 1
| #define HAVE_STDLIB_H 1
| #define HAVE_STRING_H 1
| #define HAVE_MEMORY_H 1
| #define HAVE_STRINGS_H 1
| #define HAVE_INTTYPES_H 1
| #define HAVE_STDINT_H 1
| #define HAVE_UNISTD_H 1
| #define __EXTENSIONS__ 1
| #define _ALL_SOURCE 1
| #define _GNU_SOURCE 1
| #define _POSIX_PTHREAD_SEMANTICS 1
| #define _TANDEM_SOURCE 1
| #define HAVE_LIBCRYPTO 1
| #define HAVE_LIBCRYPTO 1
| #define HAVE_LIBPTHREAD 1
| #define STDC_HEADERS 1
| #define HAVE_SYS_WAIT_H 1
| #define HAVE_ARPA_INET_H 1
| #define HAVE_FCNTL_H 1
| #define HAVE_NETDB_H 1
| #define HAVE_NETINET_IN_H 1
| #define HAVE_STDLIB_H 1
| #define HAVE_STRING_H 1
| #define HAVE_SYS_IOCTL_H 1
| #define HAVE_SYS_SOCKET_H 1
| #define HAVE_SYS_TIME_H 1
| #define HAVE_UNISTD_H 1
| #define TIME_WITH_SYS_TIME 1
| #define HAVE_VFORK 1
| #define HAVE_WORKING_VFORK 1
| #define HAVE_STDLIB_H 1
| #define HAVE_MALLOC 1
| #define HAVE_SYS_SELECT_H 1
| #define HAVE_SYS_SOCKET_H 1
| #define SELECT_TYPE_ARG1 int
| #define SELECT_TYPE_ARG234 (fd_set *)
| #define SELECT_TYPE_ARG5 (struct timeval *)
| #define RETSIGTYPE void
| #define HAVE_GETHOSTBYNAME 1
| #define HAVE_GETHOSTNAME 1
| #define HAVE_GETTIMEOFDAY 1
| #define HAVE_INET_NTOA 1
| /* end confdefs.h.  */
| /* Define memmove to an innocuous variant, in case <limits.h> declares memmove.
|    For example, HP-UX 11i <limits.h> declares gettimeofday.  */
| #define memmove innocuous_memmove
| 
| /* System header to define __stub macros and hopefully few prototypes,
|     which can conflict with char memmove (); below.
|     Prefer <limits.h> to <assert.h> if __STDC__ is defined, since
|     <limits.h> exists even on freestanding compilers.  */
| 
| #ifdef __STDC__
| # include <limits.h>
| #else
| # include <assert.h>
| #endif
| 
| #undef memmove
| 
| /* Override any GCC internal prototype to avoid an error.
|    Use char because int might match the return type of a GCC
|    builtin and then its argument prototype would still apply.  */
| #ifdef __cplusplus
| extern "C"
| #endif
| char memmove ();
| /* The GNU C library defines this for functions which it implements
|     to always fail with ENOSYS.  Some functions are actually named
|     something starting with __ and the normal name is an alias.  */
| #if defined __stub_memmove || defined __stub___memmove
| choke me
| #endif
| 
| int
| main ()
| {
| return memmove ();
|   ;
|   return 0;
| }
configure:6583: result: no
configure:6583: checking for memset
configure:6583: gcc -o conftest -g -O2 -O3 -Werror -D_GNU_SOURCE -fno-strict-aliasing   conftest.c -lpthread -lcrypto -lcrypto  -lm >&5
cc1: warnings being treated as errors
conftest.c:79: error: conflicting types for built-in function 'memset'
configure:6583: $? = 1
configure: failed program was:
| /* confdefs.h */
| #define PACKAGE_NAME "OpenHIP"
| #define PACKAGE_TARNAME "openhip"
| #define PACKAGE_VERSION "0.9"
| #define PACKAGE_STRING "OpenHIP 0.9"
| #define PACKAGE_BUGREPORT "openhip-developers@lists.sourceforge.net"
| #define PACKAGE_URL ""
| #define PACKAGE "openhip"
| #define VERSION "0.9"
| #define STDC_HEADERS 1
| #define HAVE_SYS_TYPES_H 1
| #define HAVE_SYS_STAT_H 1
| #define HAVE_STDLIB_H 1
| #define HAVE_STRING_H 1
| #define HAVE_MEMORY_H 1
| #define HAVE_STRINGS_H 1
| #define HAVE_INTTYPES_H 1
| #define HAVE_STDINT_H 1
| #define HAVE_UNISTD_H 1
| #define __EXTENSIONS__ 1
| #define _ALL_SOURCE 1
| #define _GNU_SOURCE 1
| #define _POSIX_PTHREAD_SEMANTICS 1
| #define _TANDEM_SOURCE 1
| #define HAVE_LIBCRYPTO 1
| #define HAVE_LIBCRYPTO 1
| #define HAVE_LIBPTHREAD 1
| #define STDC_HEADERS 1
| #define HAVE_SYS_WAIT_H 1
| #define HAVE_ARPA_INET_H 1
| #define HAVE_FCNTL_H 1
| #define HAVE_NETDB_H 1
| #define HAVE_NETINET_IN_H 1
| #define HAVE_STDLIB_H 1
| #define HAVE_STRING_H 1
| #define HAVE_SYS_IOCTL_H 1
| #define HAVE_SYS_SOCKET_H 1
| #define HAVE_SYS_TIME_H 1
| #define HAVE_UNISTD_H 1
| #define TIME_WITH_SYS_TIME 1
| #define HAVE_VFORK 1
| #define HAVE_WORKING_VFORK 1
| #define HAVE_STDLIB_H 1
| #define HAVE_MALLOC 1
| #define HAVE_SYS_SELECT_H 1
| #define HAVE_SYS_SOCKET_H 1
| #define SELECT_TYPE_ARG1 int
| #define SELECT_TYPE_ARG234 (fd_set *)
| #define SELECT_TYPE_ARG5 (struct timeval *)
| #define RETSIGTYPE void
| #define HAVE_GETHOSTBYNAME 1
| #define HAVE_GETHOSTNAME 1
| #define HAVE_GETTIMEOFDAY 1
| #define HAVE_INET_NTOA 1
| /* end confdefs.h.  */
| /* Define memset to an innocuous variant, in case <limits.h> declares memset.
|    For example, HP-UX 11i <limits.h> declares gettimeofday.  */
| #define memset innocuous_memset
| 
| /* System header to define __stub macros and hopefully few prototypes,
|     which can conflict with char memset (); below.
|     Prefer <limits.h> to <assert.h> if __STDC__ is defined, since
|     <limits.h> exists even on freestanding compilers.  */
| 
| #ifdef __STDC__
| # include <limits.h>
| #else
| # include <assert.h>
| #endif
| 
| #undef memset
| 
| /* Override any GCC internal prototype to avoid an error.
|    Use char because int might match the return type of a GCC
|    builtin and then its argument prototype would still apply.  */
| #ifdef __cplusplus
| extern "C"
| #endif
| char memset ();
| /* The GNU C library defines this for functions which it implements
|     to always fail with ENOSYS.  Some functions are actually named
|     something starting with __ and the normal name is an alias.  */
| #if defined __stub_memset || defined __stub___memset
| choke me
| #endif
| 
| int
| main ()
| {
| return memset ();
|   ;
|   return 0;
| }
configure:6583: result: no
configure:6583: checking for pow
configure:6583: gcc -o conftest -g -O2 -O3 -Werror -D_GNU_SOURCE -fno-strict-aliasing   conftest.c -lpthread -lcrypto -lcrypto  -lm >&5
cc1: warnings being treated as errors
conftest.c:79: error: conflicting types for built-in function 'pow'
configure:6583: $? = 1
configure: failed program was:
| /* confdefs.h */
| #define PACKAGE_NAME "OpenHIP"
| #define PACKAGE_TARNAME "openhip"
| #define PACKAGE_VERSION "0.9"
| #define PACKAGE_STRING "OpenHIP 0.9"
| #define PACKAGE_BUGREPORT "openhip-developers@lists.sourceforge.net"
| #define PACKAGE_URL ""
| #define PACKAGE "openhip"
| #define VERSION "0.9"
| #define STDC_HEADERS 1
| #define HAVE_SYS_TYPES_H 1
| #define HAVE_SYS_STAT_H 1
| #define HAVE_STDLIB_H 1
| #define HAVE_STRING_H 1
| #define HAVE_MEMORY_H 1
| #define HAVE_STRINGS_H 1
| #define HAVE_INTTYPES_H 1
| #define HAVE_STDINT_H 1
| #define HAVE_UNISTD_H 1
| #define __EXTENSIONS__ 1
| #define _ALL_SOURCE 1
| #define _GNU_SOURCE 1
| #define _POSIX_PTHREAD_SEMANTICS 1
| #define _TANDEM_SOURCE 1
| #define HAVE_LIBCRYPTO 1
| #define HAVE_LIBCRYPTO 1
| #define HAVE_LIBPTHREAD 1
| #define STDC_HEADERS 1
| #define HAVE_SYS_WAIT_H 1
| #define HAVE_ARPA_INET_H 1
| #define HAVE_FCNTL_H 1
| #define HAVE_NETDB_H 1
| #define HAVE_NETINET_IN_H 1
| #define HAVE_STDLIB_H 1
| #define HAVE_STRING_H 1
| #define HAVE_SYS_IOCTL_H 1
| #define HAVE_SYS_SOCKET_H 1
| #define HAVE_SYS_TIME_H 1
| #define HAVE_UNISTD_H 1
| #define TIME_WITH_SYS_TIME 1
| #define HAVE_VFORK 1
| #define HAVE_WORKING_VFORK 1
| #define HAVE_STDLIB_H 1
| #define HAVE_MALLOC 1
| #define HAVE_SYS_SELECT_H 1
| #define HAVE_SYS_SOCKET_H 1
| #define SELECT_TYPE_ARG1 int
| #define SELECT_TYPE_ARG234 (fd_set *)
| #define SELECT_TYPE_ARG5 (struct timeval *)
| #define RETSIGTYPE void
| #define HAVE_GETHOSTBYNAME 1
| #define HAVE_GETHOSTNAME 1
| #define HAVE_GETTIMEOFDAY 1
| #define HAVE_INET_NTOA 1
| /* end confdefs.h.  */
| /* Define pow to an innocuous variant, in case <limits.h> declares pow.
|    For example, HP-UX 11i <limits.h> declares gettimeofday.  */
| #define pow innocuous_pow
| 
| /* System header to define __stub macros and hopefully few prototypes,
|     which can conflict with char pow (); below.
|     Prefer <limits.h> to <assert.h> if __STDC__ is defined, since
|     <limits.h> exists even on freestanding compilers.  */
| 
| #ifdef __STDC__
| # include <limits.h>
| #else
| # include <assert.h>
| #endif
| 
| #undef pow
| 
| /* Override any GCC internal prototype to avoid an error.
|    Use char because int might match the return type of a GCC
|    builtin and then its argument prototype would still apply.  */
| #ifdef __cplusplus
| extern "C"
| #endif
| char pow ();
| /* The GNU C library defines this for functions which it implements
|     to always fail with ENOSYS.  Some functions are actually named
|     something starting with __ and the normal name is an alias.  */
| #if defined __stub_pow || defined __stub___pow
| choke me
| #endif
| 
| int
| main ()
| {
| return pow ();
|   ;
|   return 0;
| }
configure:6583: result: no
configure:6583: checking for select
configure:6583: gcc -o conftest -g -O2 -O3 -Werror -D_GNU_SOURCE -fno-strict-aliasing   conftest.c -lpthread -lcrypto -lcrypto  -lm >&5
configure:6583: $? = 0
configure:6583: result: yes
configure:6583: checking for socket
configure:6583: gcc -o conftest -g -O2 -O3 -Werror -D_GNU_SOURCE -fno-strict-aliasing   conftest.c -lpthread -lcrypto -lcrypto  -lm >&5
configure:6583: $? = 0
configure:6583: result: yes
configure:6583: checking for strchr
configure:6583: gcc -o conftest -g -O2 -O3 -Werror -D_GNU_SOURCE -fno-strict-aliasing   conftest.c -lpthread -lcrypto -lcrypto  -lm >&5
cc1: warnings being treated as errors
conftest.c:81: error: conflicting types for built-in function 'strchr'
configure:6583: $? = 1
configure: failed program was:
| /* confdefs.h */
| #define PACKAGE_NAME "OpenHIP"
| #define PACKAGE_TARNAME "openhip"
| #define PACKAGE_VERSION "0.9"
| #define PACKAGE_STRING "OpenHIP 0.9"
| #define PACKAGE_BUGREPORT "openhip-developers@lists.sourceforge.net"
| #define PACKAGE_URL ""
| #define PACKAGE "openhip"
| #define VERSION "0.9"
| #define STDC_HEADERS 1
| #define HAVE_SYS_TYPES_H 1
| #define HAVE_SYS_STAT_H 1
| #define HAVE_STDLIB_H 1
| #define HAVE_STRING_H 1
| #define HAVE_MEMORY_H 1
| #define HAVE_STRINGS_H 1
| #define HAVE_INTTYPES_H 1
| #define HAVE_STDINT_H 1
| #define HAVE_UNISTD_H 1
| #define __EXTENSIONS__ 1
| #define _ALL_SOURCE 1
| #define _GNU_SOURCE 1
| #define _POSIX_PTHREAD_SEMANTICS 1
| #define _TANDEM_SOURCE 1
| #define HAVE_LIBCRYPTO 1
| #define HAVE_LIBCRYPTO 1
| #define HAVE_LIBPTHREAD 1
| #define STDC_HEADERS 1
| #define HAVE_SYS_WAIT_H 1
| #define HAVE_ARPA_INET_H 1
| #define HAVE_FCNTL_H 1
| #define HAVE_NETDB_H 1
| #define HAVE_NETINET_IN_H 1
| #define HAVE_STDLIB_H 1
| #define HAVE_STRING_H 1
| #define HAVE_SYS_IOCTL_H 1
| #define HAVE_SYS_SOCKET_H 1
| #define HAVE_SYS_TIME_H 1
| #define HAVE_UNISTD_H 1
| #define TIME_WITH_SYS_TIME 1
| #define HAVE_VFORK 1
| #define HAVE_WORKING_VFORK 1
| #define HAVE_STDLIB_H 1
| #define HAVE_MALLOC 1
| #define HAVE_SYS_SELECT_H 1
| #define HAVE_SYS_SOCKET_H 1
| #define SELECT_TYPE_ARG1 int
| #define SELECT_TYPE_ARG234 (fd_set *)
| #define SELECT_TYPE_ARG5 (struct timeval *)
| #define RETSIGTYPE void
| #define HAVE_GETHOSTBYNAME 1
| #define HAVE_GETHOSTNAME 1
| #define HAVE_GETTIMEOFDAY 1
| #define HAVE_INET_NTOA 1
| #define HAVE_SELECT 1
| #define HAVE_SOCKET 1
| /* end confdefs.h.  */
| /* Define strchr to an innocuous variant, in case <limits.h> declares strchr.
|    For example, HP-UX 11i <limits.h> declares gettimeofday.  */
| #define strchr innocuous_strchr
| 
| /* System header to define __stub macros and hopefully few prototypes,
|     which can conflict with char strchr (); below.
|     Prefer <limits.h> to <assert.h> if __STDC__ is defined, since
|     <limits.h> exists even on freestanding compilers.  */
| 
| #ifdef __STDC__
| # include <limits.h>
| #else
| # include <assert.h>
| #endif
| 
| #undef strchr
| 
| /* Override any GCC internal prototype to avoid an error.
|    Use char because int might match the return type of a GCC
|    builtin and then its argument prototype would still apply.  */
| #ifdef __cplusplus
| extern "C"
| #endif
| char strchr ();
| /* The GNU C library defines this for functions which it implements
|     to always fail with ENOSYS.  Some functions are actually named
|     something starting with __ and the normal name is an alias.  */
| #if defined __stub_strchr || defined __stub___strchr
| choke me
| #endif
| 
| int
| main ()
| {
| return strchr ();
|   ;
|   return 0;
| }
configure:6583: result: no
configure:6583: checking for strerror
configure:6583: gcc -o conftest -g -O2 -O3 -Werror -D_GNU_SOURCE -fno-strict-aliasing   conftest.c -lpthread -lcrypto -lcrypto  -lm >&5
configure:6583: $? = 0
configure:6583: result: yes
configure:6583: checking for strncasecmp
configure:6583: gcc -o conftest -g -O2 -O3 -Werror -D_GNU_SOURCE -fno-strict-aliasing   conftest.c -lpthread -lcrypto -lcrypto  -lm >&5
cc1: warnings being treated as errors
conftest.c:82: error: conflicting types for built-in function 'strncasecmp'
configure:6583: $? = 1
configure: failed program was:
| /* confdefs.h */
| #define PACKAGE_NAME "OpenHIP"
| #define PACKAGE_TARNAME "openhip"
| #define PACKAGE_VERSION "0.9"
| #define PACKAGE_STRING "OpenHIP 0.9"
| #define PACKAGE_BUGREPORT "openhip-developers@lists.sourceforge.net"
| #define PACKAGE_URL ""
| #define PACKAGE "openhip"
| #define VERSION "0.9"
| #define STDC_HEADERS 1
| #define HAVE_SYS_TYPES_H 1
| #define HAVE_SYS_STAT_H 1
| #define HAVE_STDLIB_H 1
| #define HAVE_STRING_H 1
| #define HAVE_MEMORY_H 1
| #define HAVE_STRINGS_H 1
| #define HAVE_INTTYPES_H 1
| #define HAVE_STDINT_H 1
| #define HAVE_UNISTD_H 1
| #define __EXTENSIONS__ 1
| #define _ALL_SOURCE 1
| #define _GNU_SOURCE 1
| #define _POSIX_PTHREAD_SEMANTICS 1
| #define _TANDEM_SOURCE 1
| #define HAVE_LIBCRYPTO 1
| #define HAVE_LIBCRYPTO 1
| #define HAVE_LIBPTHREAD 1
| #define STDC_HEADERS 1
| #define HAVE_SYS_WAIT_H 1
| #define HAVE_ARPA_INET_H 1
| #define HAVE_FCNTL_H 1
| #define HAVE_NETDB_H 1
| #define HAVE_NETINET_IN_H 1
| #define HAVE_STDLIB_H 1
| #define HAVE_STRING_H 1
| #define HAVE_SYS_IOCTL_H 1
| #define HAVE_SYS_SOCKET_H 1
| #define HAVE_SYS_TIME_H 1
| #define HAVE_UNISTD_H 1
| #define TIME_WITH_SYS_TIME 1
| #define HAVE_VFORK 1
| #define HAVE_WORKING_VFORK 1
| #define HAVE_STDLIB_H 1
| #define HAVE_MALLOC 1
| #define HAVE_SYS_SELECT_H 1
| #define HAVE_SYS_SOCKET_H 1
| #define SELECT_TYPE_ARG1 int
| #define SELECT_TYPE_ARG234 (fd_set *)
| #define SELECT_TYPE_ARG5 (struct timeval *)
| #define RETSIGTYPE void
| #define HAVE_GETHOSTBYNAME 1
| #define HAVE_GETHOSTNAME 1
| #define HAVE_GETTIMEOFDAY 1
| #define HAVE_INET_NTOA 1
| #define HAVE_SELECT 1
| #define HAVE_SOCKET 1
| #define HAVE_STRERROR 1
| /* end confdefs.h.  */
| /* Define strncasecmp to an innocuous variant, in case <limits.h> declares strncasecmp.
|    For example, HP-UX 11i <limits.h> declares gettimeofday.  */
| #define strncasecmp innocuous_strncasecmp
| 
| /* System header to define __stub macros and hopefully few prototypes,
|     which can conflict with char strncasecmp (); below.
|     Prefer <limits.h> to <assert.h> if __STDC__ is defined, since
|     <limits.h> exists even on freestanding compilers.  */
| 
| #ifdef __STDC__
| # include <limits.h>
| #else
| # include <assert.h>
| #endif
| 
| #undef strncasecmp
| 
| /* Override any GCC internal prototype to avoid an error.
|    Use char because int might match the return type of a GCC
|    builtin and then its argument prototype would still apply.  */
| #ifdef __cplusplus
| extern "C"
| #endif
| char strncasecmp ();
| /* The GNU C library defines this for functions which it implements
|     to always fail with ENOSYS.  Some functions are actually named
|     something starting with __ and the normal name is an alias.  */
| #if defined __stub_strncasecmp || defined __stub___strncasecmp
| choke me
| #endif
| 
| int
| main ()
| {
| return strncasecmp ();
|   ;
|   return 0;
| }
configure:6583: result: no
configure:6583: checking for strrchr
configure:6583: gcc -o conftest -g -O2 -O3 -Werror -D_GNU_SOURCE -fno-strict-aliasing   conftest.c -lpthread -lcrypto -lcrypto  -lm >&5
cc1: warnings being treated as errors
conftest.c:82: error: conflicting types for built-in function 'strrchr'
configure:6583: $? = 1
configure: failed program was:
| /* confdefs.h */
| #define PACKAGE_NAME "OpenHIP"
| #define PACKAGE_TARNAME "openhip"
| #define PACKAGE_VERSION "0.9"
| #define PACKAGE_STRING "OpenHIP 0.9"
| #define PACKAGE_BUGREPORT "openhip-developers@lists.sourceforge.net"
| #define PACKAGE_URL ""
| #define PACKAGE "openhip"
| #define VERSION "0.9"
| #define STDC_HEADERS 1
| #define HAVE_SYS_TYPES_H 1
| #define HAVE_SYS_STAT_H 1
| #define HAVE_STDLIB_H 1
| #define HAVE_STRING_H 1
| #define HAVE_MEMORY_H 1
| #define HAVE_STRINGS_H 1
| #define HAVE_INTTYPES_H 1
| #define HAVE_STDINT_H 1
| #define HAVE_UNISTD_H 1
| #define __EXTENSIONS__ 1
| #define _ALL_SOURCE 1
| #define _GNU_SOURCE 1
| #define _POSIX_PTHREAD_SEMANTICS 1
| #define _TANDEM_SOURCE 1
| #define HAVE_LIBCRYPTO 1
| #define HAVE_LIBCRYPTO 1
| #define HAVE_LIBPTHREAD 1
| #define STDC_HEADERS 1
| #define HAVE_SYS_WAIT_H 1
| #define HAVE_ARPA_INET_H 1
| #define HAVE_FCNTL_H 1
| #define HAVE_NETDB_H 1
| #define HAVE_NETINET_IN_H 1
| #define HAVE_STDLIB_H 1
| #define HAVE_STRING_H 1
| #define HAVE_SYS_IOCTL_H 1
| #define HAVE_SYS_SOCKET_H 1
| #define HAVE_SYS_TIME_H 1
| #define HAVE_UNISTD_H 1
| #define TIME_WITH_SYS_TIME 1
| #define HAVE_VFORK 1
| #define HAVE_WORKING_VFORK 1
| #define HAVE_STDLIB_H 1
| #define HAVE_MALLOC 1
| #define HAVE_SYS_SELECT_H 1
| #define HAVE_SYS_SOCKET_H 1
| #define SELECT_TYPE_ARG1 int
| #define SELECT_TYPE_ARG234 (fd_set *)
| #define SELECT_TYPE_ARG5 (struct timeval *)
| #define RETSIGTYPE void
| #define HAVE_GETHOSTBYNAME 1
| #define HAVE_GETHOSTNAME 1
| #define HAVE_GETTIMEOFDAY 1
| #define HAVE_INET_NTOA 1
| #define HAVE_SELECT 1
| #define HAVE_SOCKET 1
| #define HAVE_STRERROR 1
| /* end confdefs.h.  */
| /* Define strrchr to an innocuous variant, in case <limits.h> declares strrchr.
|    For example, HP-UX 11i <limits.h> declares gettimeofday.  */
| #define strrchr innocuous_strrchr
| 
| /* System header to define __stub macros and hopefully few prototypes,
|     which can conflict with char strrchr (); below.
|     Prefer <limits.h> to <assert.h> if __STDC__ is defined, since
|     <limits.h> exists even on freestanding compilers.  */
| 
| #ifdef __STDC__
| # include <limits.h>
| #else
| # include <assert.h>
| #endif
| 
| #undef strrchr
| 
| /* Override any GCC internal prototype to avoid an error.
|    Use char because int might match the return type of a GCC
|    builtin and then its argument prototype would still apply.  */
| #ifdef __cplusplus
| extern "C"
| #endif
| char strrchr ();
| /* The GNU C library defines this for functions which it implements
|     to always fail with ENOSYS.  Some functions are actually named
|     something starting with __ and the normal name is an alias.  */
| #if defined __stub_strrchr || defined __stub___strrchr
| choke me
| #endif
| 
| int
| main ()
| {
| return strrchr ();
|   ;
|   return 0;
| }
configure:6583: result: no
configure:6583: checking for strstr
configure:6583: gcc -o conftest -g -O2 -O3 -Werror -D_GNU_SOURCE -fno-strict-aliasing   conftest.c -lpthread -lcrypto -lcrypto  -lm >&5
cc1: warnings being treated as errors
conftest.c:82: error: conflicting types for built-in function 'strstr'
configure:6583: $? = 1
configure: failed program was:
| /* confdefs.h */
| #define PACKAGE_NAME "OpenHIP"
| #define PACKAGE_TARNAME "openhip"
| #define PACKAGE_VERSION "0.9"
| #define PACKAGE_STRING "OpenHIP 0.9"
| #define PACKAGE_BUGREPORT "openhip-developers@lists.sourceforge.net"
| #define PACKAGE_URL ""
| #define PACKAGE "openhip"
| #define VERSION "0.9"
| #define STDC_HEADERS 1
| #define HAVE_SYS_TYPES_H 1
| #define HAVE_SYS_STAT_H 1
| #define HAVE_STDLIB_H 1
| #define HAVE_STRING_H 1
| #define HAVE_MEMORY_H 1
| #define HAVE_STRINGS_H 1
| #define HAVE_INTTYPES_H 1
| #define HAVE_STDINT_H 1
| #define HAVE_UNISTD_H 1
| #define __EXTENSIONS__ 1
| #define _ALL_SOURCE 1
| #define _GNU_SOURCE 1
| #define _POSIX_PTHREAD_SEMANTICS 1
| #define _TANDEM_SOURCE 1
| #define HAVE_LIBCRYPTO 1
| #define HAVE_LIBCRYPTO 1
| #define HAVE_LIBPTHREAD 1
| #define STDC_HEADERS 1
| #define HAVE_SYS_WAIT_H 1
| #define HAVE_ARPA_INET_H 1
| #define HAVE_FCNTL_H 1
| #define HAVE_NETDB_H 1
| #define HAVE_NETINET_IN_H 1
| #define HAVE_STDLIB_H 1
| #define HAVE_STRING_H 1
| #define HAVE_SYS_IOCTL_H 1
| #define HAVE_SYS_SOCKET_H 1
| #define HAVE_SYS_TIME_H 1
| #define HAVE_UNISTD_H 1
| #define TIME_WITH_SYS_TIME 1
| #define HAVE_VFORK 1
| #define HAVE_WORKING_VFORK 1
| #define HAVE_STDLIB_H 1
| #define HAVE_MALLOC 1
| #define HAVE_SYS_SELECT_H 1
| #define HAVE_SYS_SOCKET_H 1
| #define SELECT_TYPE_ARG1 int
| #define SELECT_TYPE_ARG234 (fd_set *)
| #define SELECT_TYPE_ARG5 (struct timeval *)
| #define RETSIGTYPE void
| #define HAVE_GETHOSTBYNAME 1
| #define HAVE_GETHOSTNAME 1
| #define HAVE_GETTIMEOFDAY 1
| #define HAVE_INET_NTOA 1
| #define HAVE_SELECT 1
| #define HAVE_SOCKET 1
| #define HAVE_STRERROR 1
| /* end confdefs.h.  */
| /* Define strstr to an innocuous variant, in case <limits.h> declares strstr.
|    For example, HP-UX 11i <limits.h> declares gettimeofday.  */
| #define strstr innocuous_strstr
| 
| /* System header to define __stub macros and hopefully few prototypes,
|     which can conflict with char strstr (); below.
|     Prefer <limits.h> to <assert.h> if __STDC__ is defined, since
|     <limits.h> exists even on freestanding compilers.  */
| 
| #ifdef __STDC__
| # include <limits.h>
| #else
| # include <assert.h>
| #endif
| 
| #undef strstr
| 
| /* Override any GCC internal prototype to avoid an error.
|    Use char because int might match the return type of a GCC
|    builtin and then its argument prototype would still apply.  */
| #ifdef __cplusplus
| extern "C"
| #endif
| char strstr ();
| /* The GNU C library defines this for functions which it implements
|     to always fail with ENOSYS.  Some functions are actually named
|     something starting with __ and the normal name is an alias.  */
| #if defined __stub_strstr || defined __stub___strstr
| choke me
| #endif
| 
| int
| main ()
| {
| return strstr ();
|   ;
|   return 0;
| }
configure:6583: result: no
configure:6583: checking for uname
configure:6583: gcc -o conftest -g -O2 -O3 -Werror -D_GNU_SOURCE -fno-strict-aliasing   conftest.c -lpthread -lcrypto -lcrypto  -lm >&5
configure:6583: $? = 0
configure:6583: result: yes
configure:6595: checking if --enable-vpls option is specified
configure:6604: result: no
configure:6786: checking for pkg-config
configure:6804: found /usr/bin/pkg-config
configure:6816: result: /usr/bin/pkg-config
configure:6841: checking pkg-config is at least version 0.9.0
configure:6844: result: yes
configure:6854: checking for libxml2
configure:6861: $PKG_CONFIG --exists --print-errors "libxml-2.0"
configure:6864: $? = 0
configure:6878: $PKG_CONFIG --exists --print-errors "libxml-2.0"
configure:6881: $? = 0
configure:6939: result: yes
configure:7100: creating ./config.status

## ---------------------- ##
## Running config.status. ##
## ---------------------- ##

This file was extended by OpenHIP config.status 0.9, which was
generated by GNU Autoconf 2.68.  Invocation command line was

  CONFIG_FILES    = 
  CONFIG_HEADERS  = 
  CONFIG_LINKS    = 
  CONFIG_COMMANDS = 
  $ ./config.status 

on mika-laptop

config.status:924: creating src/include/hip/hip_version.h
config.status:924: creating src/linux/openhip.spec
config.status:924: creating src/win32/install-win32/openhip.nsi
config.status:924: creating docs/Doxyfile
config.status:924: creating Makefile
config.status:924: creating src/Makefile
config.status:924: creating src/util/Makefile
config.status:924: creating docs/Makefile
config.status:924: creating config.h
config.status:1153: executing depfiles commands
configure:8441:  
configure:8443: === Finished configuring OpenHIP 0.9: ===
configure:8445:  
configure:8447:     - building HIP user mode binary 'hip'
configure:8449:  
configure:8451:     - building 'hitgen' utility
configure:8453:  
configure:8462:     - NOT building virtual private LAN service extensions
configure:8465:  

## ---------------- ##
## Cache variables. ##
## ---------------- ##

ac_cv_c_compiler_gnu=yes
ac_cv_c_const=yes
ac_cv_c_inline=inline
ac_cv_cxx_compiler_gnu=yes
ac_cv_env_CCC_set=
ac_cv_env_CCC_value=
ac_cv_env_CC_set=
ac_cv_env_CC_value=
ac_cv_env_CFLAGS_set=
ac_cv_env_CFLAGS_value=
ac_cv_env_CPPFLAGS_set=
ac_cv_env_CPPFLAGS_value=
ac_cv_env_CPP_set=
ac_cv_env_CPP_value=
ac_cv_env_CXXFLAGS_set=
ac_cv_env_CXXFLAGS_value=
ac_cv_env_CXX_set=
ac_cv_env_CXX_value=
ac_cv_env_LDFLAGS_set=
ac_cv_env_LDFLAGS_value=
ac_cv_env_LIBS_set=
ac_cv_env_LIBS_value=
ac_cv_env_PKG_CONFIG_LIBDIR_set=
ac_cv_env_PKG_CONFIG_LIBDIR_value=
ac_cv_env_PKG_CONFIG_PATH_set=
ac_cv_env_PKG_CONFIG_PATH_value=
ac_cv_env_PKG_CONFIG_set=
ac_cv_env_PKG_CONFIG_value=
ac_cv_env_build_alias_set=
ac_cv_env_build_alias_value=
ac_cv_env_host_alias_set=
ac_cv_env_host_alias_value=
ac_cv_env_libxml2_CFLAGS_set=
ac_cv_env_libxml2_CFLAGS_value=
ac_cv_env_libxml2_LIBS_set=
ac_cv_env_libxml2_LIBS_value=
ac_cv_env_target_alias_set=
ac_cv_env_target_alias_value=
ac_cv_func_bzero=no
ac_cv_func_fork=no
ac_cv_func_fork_works=no
ac_cv_func_gethostbyname=yes
ac_cv_func_gethostname=yes
ac_cv_func_gettimeofday=yes
ac_cv_func_inet_ntoa=yes
ac_cv_func_malloc_0_nonnull=yes
ac_cv_func_memcmp_working=yes
ac_cv_func_memmove=no
ac_cv_func_memset=no
ac_cv_func_pow=no
ac_cv_func_select=yes
ac_cv_func_select_args='int,fd_set *,struct timeval *'
ac_cv_func_socket=yes
ac_cv_func_strchr=no
ac_cv_func_strerror=yes
ac_cv_func_strncasecmp=no
ac_cv_func_strrchr=no
ac_cv_func_strstr=no
ac_cv_func_uname=yes
ac_cv_func_vfork=yes
ac_cv_func_vfork_works=yes
ac_cv_func_vprintf=no
ac_cv_header_arpa_inet_h=yes
ac_cv_header_fcntl_h=yes
ac_cv_header_inttypes_h=yes
ac_cv_header_memory_h=yes
ac_cv_header_minix_config_h=no
ac_cv_header_netdb_h=yes
ac_cv_header_netinet_in_h=yes
ac_cv_header_stdc=yes
ac_cv_header_stdint_h=yes
ac_cv_header_stdlib_h=yes
ac_cv_header_string_h=yes
ac_cv_header_strings_h=yes
ac_cv_header_sys_ioctl_h=yes
ac_cv_header_sys_select_h=yes
ac_cv_header_sys_socket_h=yes
ac_cv_header_sys_stat_h=yes
ac_cv_header_sys_time_h=yes
ac_cv_header_sys_types_h=yes
ac_cv_header_sys_wait_h=yes
ac_cv_header_time=yes
ac_cv_header_unistd_h=yes
ac_cv_header_vfork_h=no
ac_cv_lib_crypto_AES_cbc_encrypt=yes
ac_cv_lib_crypto_RSA_verify=yes
ac_cv_lib_pthread_pthread_create=yes
ac_cv_objext=o
ac_cv_path_EGREP='/bin/grep -E'
ac_cv_path_GREP=/bin/grep
ac_cv_path_ac_pt_PKG_CONFIG=/usr/bin/pkg-config
ac_cv_path_install='/usr/bin/install -c'
ac_cv_path_mkdir=/bin/mkdir
ac_cv_prog_AWK=gawk
ac_cv_prog_CPP='gcc -E'
ac_cv_prog_ac_ct_CC=gcc
ac_cv_prog_ac_ct_CXX=g++
ac_cv_prog_cc_c89=
ac_cv_prog_cc_g=yes
ac_cv_prog_cc_gcc_c_o=yes
ac_cv_prog_cxx_g=yes
ac_cv_prog_gcc_traditional=no
ac_cv_prog_make_make_set=yes
ac_cv_safe_to_define___extensions__=yes
ac_cv_type_pid_t=yes
ac_cv_type_signal=void
ac_cv_type_size_t=yes
am_cv_CC_dependencies_compiler_type=gcc3
am_cv_CXX_dependencies_compiler_type=gcc3
pkg_cv_libxml2_CFLAGS='-I/usr/include/libxml2  '
pkg_cv_libxml2_LIBS='-lxml2  '

## ----------------- ##
## Output variables. ##
## ----------------- ##

ACLOCAL='${SHELL} /home/mika/Downloads/openhip-0.9/config/missing --run aclocal-1.11'
AMDEPBACKSLASH='\'
AMDEP_FALSE='#'
AMDEP_TRUE=''
AMTAR='${SHELL} /home/mika/Downloads/openhip-0.9/config/missing --run tar'
AUTOCONF='${SHELL} /home/mika/Downloads/openhip-0.9/config/missing --run autoconf'
AUTOHEADER='${SHELL} /home/mika/Downloads/openhip-0.9/config/missing --run autoheader'
AUTOMAKE='${SHELL} /home/mika/Downloads/openhip-0.9/config/missing --run automake-1.11'
AWK='gawk'
CC='gcc'
CCDEPMODE='depmode=gcc3'
CFLAGS='-g -O2 -O3 -Werror -D_GNU_SOURCE -fno-strict-aliasing -Wall -DCONFIG_HIP -DSYSCONFDIR="\"$(sysconfdir)\"" -DLOCALSTATEDIR="\"$(localstatedir)\""  '
CPP='gcc -E'
CPPFLAGS=''
CXX='g++'
CXXDEPMODE='depmode=gcc3'
CXXFLAGS='-g -O2'
CYGPATH_W='echo'
DEFS='-DHAVE_CONFIG_H'
DEPDIR='.deps'
ECHO_C=''
ECHO_N='-n'
ECHO_T=''
EGREP='/bin/grep -E'
EXEEXT=''
GREP='/bin/grep'
INSTALL_DATA='${INSTALL} -m 644'
INSTALL_PROGRAM='${INSTALL}'
INSTALL_SCRIPT='${INSTALL}'
INSTALL_STRIP_PROGRAM='$(install_sh) -c -s'
LDFLAGS=''
LIBOBJS=''
LIBS='-lpthread -lcrypto -lcrypto  -lm'
LTLIBOBJS=''
MAKEINFO='${SHELL} /home/mika/Downloads/openhip-0.9/config/missing --run makeinfo'
MKDIR_P='/bin/mkdir -p'
OBJEXT='o'
PACKAGE='openhip'
PACKAGE_BUGREPORT='openhip-developers@lists.sourceforge.net'
PACKAGE_NAME='OpenHIP'
PACKAGE_STRING='OpenHIP 0.9'
PACKAGE_TARNAME='openhip'
PACKAGE_URL=''
PACKAGE_VERSION='0.9'
PATH_SEPARATOR=':'
PKG_CONFIG='/usr/bin/pkg-config'
PKG_CONFIG_LIBDIR=''
PKG_CONFIG_PATH=''
SET_MAKE=''
SHELL='/bin/bash'
STRIP=''
VERSION='0.9'
WANT_OSX_FALSE=''
WANT_OSX_TRUE='#'
WANT_VPLS_FALSE=''
WANT_VPLS_FILES_CFG_FALSE=''
WANT_VPLS_FILES_CFG_TRUE='#'
WANT_VPLS_IFMAP_CFG_FALSE=''
WANT_VPLS_IFMAP_CFG_TRUE='#'
WANT_VPLS_TRUE='#'
ac_ct_CC='gcc'
ac_ct_CXX='g++'
am__EXEEXT_FALSE=''
am__EXEEXT_TRUE='#'
am__fastdepCC_FALSE='#'
am__fastdepCC_TRUE=''
am__fastdepCXX_FALSE='#'
am__fastdepCXX_TRUE=''
am__include='include'
am__isrc=''
am__leading_dot='.'
am__quote=''
am__tar='${AMTAR} chof - "$$tardir"'
am__untar='${AMTAR} xf -'
bindir='${exec_prefix}/bin'
build_alias=''
datadir='${datarootdir}'
datarootdir='${prefix}/share'
docdir='${datarootdir}/doc/${PACKAGE_TARNAME}'
dvidir='${docdir}'
exec_prefix='${prefix}'
host_alias=''
htmldir='${docdir}'
includedir='${prefix}/include'
infodir='${datarootdir}/info'
install_sh='${SHELL} /home/mika/Downloads/openhip-0.9/config/install-sh'
libdir='${exec_prefix}/lib'
libexecdir='${exec_prefix}/libexec'
libxml2_CFLAGS='-I/usr/include/libxml2  '
libxml2_LIBS='-lxml2  '
localedir='${datarootdir}/locale'
localstatedir='/var'
mandir='${datarootdir}/man'
mkdir_p='/bin/mkdir -p'
oldincludedir='/usr/include'
pdfdir='${docdir}'
prefix='/usr/local'
program_transform_name='s,x,x,'
psdir='${docdir}'
sbindir='${exec_prefix}/sbin'
sharedstatedir='${prefix}/com'
sysconfdir='${prefix}/etc/hip'
target_alias=''

## ----------- ##
## confdefs.h. ##
## ----------- ##

/* confdefs.h */
#define PACKAGE_NAME "OpenHIP"
#define PACKAGE_TARNAME "openhip"
#define PACKAGE_VERSION "0.9"
#define PACKAGE_STRING "OpenHIP 0.9"
#define PACKAGE_BUGREPORT "openhip-developers@lists.sourceforge.net"
#define PACKAGE_URL ""
#define PACKAGE "openhip"
#define VERSION "0.9"
#define STDC_HEADERS 1
#define HAVE_SYS_TYPES_H 1
#define HAVE_SYS_STAT_H 1
#define HAVE_STDLIB_H 1
#define HAVE_STRING_H 1
#define HAVE_MEMORY_H 1
#define HAVE_STRINGS_H 1
#define HAVE_INTTYPES_H 1
#define HAVE_STDINT_H 1
#define HAVE_UNISTD_H 1
#define __EXTENSIONS__ 1
#define _ALL_SOURCE 1
#define _GNU_SOURCE 1
#define _POSIX_PTHREAD_SEMANTICS 1
#define _TANDEM_SOURCE 1
#define HAVE_LIBCRYPTO 1
#define HAVE_LIBCRYPTO 1
#define HAVE_LIBPTHREAD 1
#define STDC_HEADERS 1
#define HAVE_SYS_WAIT_H 1
#define HAVE_ARPA_INET_H 1
#define HAVE_FCNTL_H 1
#define HAVE_NETDB_H 1
#define HAVE_NETINET_IN_H 1
#define HAVE_STDLIB_H 1
#define HAVE_STRING_H 1
#define HAVE_SYS_IOCTL_H 1
#define HAVE_SYS_SOCKET_H 1
#define HAVE_SYS_TIME_H 1
#define HAVE_UNISTD_H 1
#define TIME_WITH_SYS_TIME 1
#define HAVE_VFORK 1
#define HAVE_WORKING_VFORK 1
#define HAVE_STDLIB_H 1
#define HAVE_MALLOC 1
#define HAVE_SYS_SELECT_H 1
#define HAVE_SYS_SOCKET_H 1
#define SELECT_TYPE_ARG1 int
#define SELECT_TYPE_ARG234 (fd_set *)
#define SELECT_TYPE_ARG5 (struct timeval *)
#define RETSIGTYPE void
#define HAVE_GETHOSTBYNAME 1
#define HAVE_GETHOSTNAME 1
#define HAVE_GETTIMEOFDAY 1
#define HAVE_INET_NTOA 1
#define HAVE_SELECT 1
#define HAVE_SOCKET 1
#define HAVE_STRERROR 1
#define HAVE_UNAME 1

configure: exit 0
